Iteration	Posterior	Likelihood	Prior	sigma
0	-524.821	-230.129	-294.692	51.7641
1000	-529.26	-228.202	-301.059	41.8058
2000	-535.234	-226.653	-308.581	32.4207
3000	-524.727	-227.277	-297.45	51.4206
4000	-531.015	-230.222	-300.792	38.6273
5000	-528.341	-226.841	-301.5	39.0042
6000	-531.425	-228.688	-302.737	39.8227
7000	-527.847	-227.568	-300.279	42.3162
8000	-522.534	-226.208	-296.326	47.2172
9000	-528.504	-221.347	-307.157	32.5607
10000	-521.381	-226.843	-294.538	62.3466
11000	-525.98	-226.492	-299.488	46.9505
12000	-529.847	-227.534	-302.313	38.0552
13000	-532.975	-229.477	-303.498	39.6227
14000	-531.177	-231.252	-299.924	43.71
15000	-530.246	-228.429	-301.817	40.276
16000	-525.229	-225.893	-299.336	43.1855
17000	-531.686	-228.427	-303.259	44.3924
18000	-524.582	-226.307	-298.276	53.388
19000	-522.92	-222.974	-299.946	39.0409
20000	-531.458	-227.574	-303.884	32.9971
21000	-531.566	-234.07	-297.496	54.5103
22000	-525.443	-221.311	-304.132	33.2238
23000	-529.596	-225.002	-304.594	37.3292
24000	-527.31	-226.788	-300.522	45.3108
25000	-526.807	-227.551	-299.256	45.478
26000	-527.469	-228.698	-298.77	45.4208
27000	-524.903	-226.942	-297.96	44.2819
28000	-526.722	-227.449	-299.273	44.124
29000	-525.151	-228.299	-296.852	49.1181
30000	-525.363	-226.188	-299.175	42.1188
31000	-528.21	-229.764	-298.446	51.6946
32000	-528.573	-226.718	-301.855	47.6528
33000	-524.836	-230.383	-294.453	56.7948
34000	-520.464	-223.171	-297.293	42.3239
35000	-525.685	-225.096	-300.589	44.643
36000	-526.601	-229.714	-296.888	49.817
37000	-530.728	-231.14	-299.587	46.1875
38000	-529.764	-227.265	-302.499	40.4668
39000	-527.055	-226.424	-300.632	43.4078
40000	-525.048	-227.47	-297.578	53.4861
41000	-529.959	-233.901	-296.058	49.0008
42000	-527.826	-229.39	-298.436	43.1829
43000	-530.574	-231.742	-298.832	58.2877
44000	-528.053	-229.635	-298.418	41.3075
45000	-531.125	-224.902	-306.223	25.0744
46000	-519.46	-219.611	-299.849	39.0134
47000	-529.335	-228.649	-300.686	41.5212
48000	-527.683	-226.499	-301.184	35.2801
49000	-531.805	-234.79	-297.016	47.831
50000	-527.218	-230.773	-296.446	47.9965
51000	-530.532	-220.065	-310.467	29.364
52000	-523.58	-219.99	-303.59	31.9407
53000	-528.64	-230.598	-298.043	51.5358
54000	-529.11	-225.622	-303.487	36.0059
55000	-525.29	-226.479	-298.811	43.228
56000	-525.768	-230.465	-295.303	51.8349
57000	-529.43	-226.661	-302.768	38.4062
58000	-531.991	-232.196	-299.795	46.412
59000	-526.638	-220.841	-305.797	34.0153
60000	-531.361	-226.399	-304.962	35.2868
61000	-532.275	-233.927	-298.348	42.7201
62000	-528.775	-222.821	-305.954	36.0467
63000	-525.906	-228.676	-297.23	60.916
64000	-526.324	-222.729	-303.595	31.7295
65000	-533.196	-228.729	-304.467	39.2933
66000	-528.944	-228.53	-300.415	47.8967
67000	-533.868	-232.652	-301.216	48.6852
68000	-526.457	-231.005	-295.451	53.9782
69000	-522.713	-230.795	-291.918	66.1734
70000	-531.689	-227.129	-304.56	28.89
71000	-527.423	-225.046	-302.377	31.816
72000	-529.326	-220.898	-308.429	33.0778
73000	-533.507	-226.026	-307.481	33.8811
74000	-524.893	-222.965	-301.927	35.066
75000	-525.409	-222.434	-302.975	37.1484
76000	-523.19	-226.871	-296.319	46.8055
77000	-530.793	-228.369	-302.424	36.5806
78000	-531.111	-225.289	-305.822	32.4876
79000	-528.795	-227.328	-301.467	40.7133
80000	-521.008	-222.34	-298.668	43.7808
81000	-524.754	-228.263	-296.491	48.3381
82000	-524.725	-226.924	-297.801	44.4773
83000	-527.419	-230.027	-297.392	48.6135
84000	-530.867	-228.968	-301.898	34.2025
85000	-528.818	-231.589	-297.228	47.7091
86000	-529.24	-224.813	-304.427	27.5181
87000	-524.693	-224.633	-300.06	36.8787
88000	-523.971	-227.259	-296.712	47.7349
89000	-525.64	-222.238	-303.402	34.8602
90000	-527.193	-226.284	-300.909	37.7862
91000	-523.457	-223.324	-300.133	40.5002
92000	-522.48	-227.215	-295.266	51.4742
93000	-524.612	-229.388	-295.225	57.212
94000	-527.693	-225.361	-302.332	44.1871
95000	-524.732	-225.148	-299.584	37.1878
96000	-525.824	-225.793	-300.032	39.0987
97000	-527.181	-225.587	-301.594	45.4501
98000	-524.499	-220.847	-303.651	36.1316
99000	-527.777	-227.407	-300.37	39.8501
100000	-533.76	-233.56	-300.2	45.3608
101000	-528.631	-219.01	-309.621	29.6769
102000	-529.226	-221.558	-307.667	31.4656
103000	-528.944	-227.985	-300.959	40.3316
104000	-530.711	-225.458	-305.253	30.3262
105000	-520.546	-225.059	-295.487	48.4974
106000	-528.894	-224.378	-304.516	32.6883
107000	-523.631	-220.743	-302.889	33.5168
108000	-524.412	-223.911	-300.502	39.5815
109000	-521.515	-220.473	-301.042	39.1614
110000	-519.732	-219.484	-300.248	37.8529
111000	-523.626	-221.438	-302.188	36.1574
112000	-532.175	-228.375	-303.8	30.9688
113000	-531.058	-221.69	-309.368	25.4201
114000	-527.944	-227.073	-300.871	39.4423
115000	-522.619	-222.512	-300.107	40.6736
116000	-527.836	-225.177	-302.659	33.4116
117000	-528.318	-227.971	-300.347	46.819
118000	-522.325	-222.597	-299.729	35.4484
119000	-531.922	-231.463	-300.459	46.6887
120000	-525.132	-226.189	-298.943	43.5694
121000	-522.066	-223.78	-298.287	39.2597
122000	-525.308	-224.261	-301.047	40.1255
123000	-527.287	-229.121	-298.166	42.6646
124000	-525.874	-227.894	-297.981	43.3836
125000	-529.114	-226.158	-302.956	27.9024
126000	-528.032	-226.564	-301.467	39.4153
127000	-532.565	-225.41	-307.155	27.2733
128000	-535.503	-227.393	-308.11	26.7963
129000	-522.648	-222.224	-300.424	35.4326
130000	-525.146	-221.33	-303.816	35.6938
131000	-525.558	-224.777	-300.781	41.117
132000	-531.27	-232.525	-298.745	42.8129
133000	-529.469	-226.897	-302.571	38.8766
134000	-534.282	-231.35	-302.932	36.585
135000	-522.057	-225.864	-296.193	49.4358
136000	-521.194	-224.541	-296.652	46.4194
137000	-519.458	-223.556	-295.902	44.364
138000	-529.277	-226.889	-302.389	39.2662
139000	-523.872	-225.877	-297.994	45.5367
140000	-523.13	-223.283	-299.847	39.818
141000	-528.467	-223.466	-305.001	32.2292
142000	-526.979	-217.861	-309.118	29.4662
143000	-530.633	-222.564	-308.069	27.5209
144000	-532.182	-227.925	-304.257	43.1761
145000	-534.83	-230.387	-304.444	36.7806
146000	-526.746	-230.38	-296.366	40.8611
147000	-530.105	-230.22	-299.885	52.1281
148000	-523.785	-222.781	-301.004	38.3636
149000	-526.384	-221.986	-304.398	34.2532
150000	-529.909	-229.208	-300.701	43.8534
151000	-528.607	-225.896	-302.711	34.0647
152000	-523.809	-227.207	-296.602	48.5593
153000	-525.83	-226.173	-299.657	36.5209
154000	-527.944	-230.31	-297.634	49.1968
155000	-526.474	-231.433	-295.041	53.0439
156000	-530.155	-224.51	-305.645	32.3124
157000	-527.869	-226.567	-301.302	37.5723
158000	-523.371	-224.564	-298.806	42.3396
159000	-525.026	-225.299	-299.726	42.9589
160000	-532.303	-230.24	-302.063	39.8826
161000	-527.65	-227.666	-299.984	37.8277
162000	-527.089	-230.707	-296.382	46.1355
163000	-529.811	-236.275	-293.536	74.9097
164000	-523.628	-222.623	-301.005	39.6629
165000	-524.651	-228.705	-295.946	51.2125
166000	-530.075	-229.194	-300.881	45.4509
167000	-529.941	-221.971	-307.97	31.1389
168000	-522.088	-222.766	-299.322	40.3317
169000	-526.794	-224.931	-301.864	40.8728
170000	-521.265	-223.549	-297.715	42.5004
171000	-531.245	-228.064	-303.181	39.8777
172000	-532.584	-225.767	-306.816	34.1514
173000	-520.484	-224.335	-296.149	41.022
174000	-527.238	-228.06	-299.178	39.2513
175000	-526.618	-220.236	-306.382	33.0093
176000	-523.29	-225.751	-297.539	44.3364
177000	-528.222	-228.039	-300.183	39.7822
178000	-528.045	-224.687	-303.359	35.1403
179000	-530.408	-231.873	-298.534	52.7317
180000	-527.827	-227.669	-300.159	48.0141
181000	-530.043	-228.37	-301.673	32.5667
182000	-525.858	-225.705	-300.152	36.1824
183000	-525.446	-227.834	-297.613	39.5171
184000	-528.128	-221.739	-306.388	34.6559
185000	-526.948	-228.836	-298.112	45.8926
186000	-523.585	-225.008	-298.577	44.2145
187000	-538.736	-229.885	-308.851	30.4309
188000	-525.514	-221.939	-303.575	31.303
189000	-521.169	-226.349	-294.82	59.7872
190000	-524.859	-224.078	-300.781	36.1906
191000	-526.416	-225.628	-300.788	36.5493
192000	-525.745	-228.071	-297.674	47.1278
193000	-527.842	-226.545	-301.297	35.7617
194000	-527.638	-228.041	-299.597	37.3992
195000	-524.275	-224.674	-299.601	41.3976
196000	-524.872	-227.02	-297.852	42.7529
197000	-537.2	-229.952	-307.249	33.9096
198000	-523.367	-226.617	-296.75	44.2608
199000	-532.333	-223.7	-308.633	28.4487
200000	-529.835	-230.038	-299.797	39.6957
201000	-532.176	-229.163	-303.013	40.5603
202000	-525.62	-224.314	-301.306	43.7715
203000	-520.915	-225.171	-295.744	45.744
204000	-529.338	-229.297	-300.041	46.9291
205000	-528.152	-226.061	-302.091	34.073
206000	-531.834	-227.163	-304.671	33.7777
207000	-528.068	-228.107	-299.962	45.4001
208000	-530.416	-226.067	-304.348	29.8625
209000	-530.009	-226.084	-303.925	43.5303
210000	-529.735	-224.702	-305.033	34.9057
211000	-525.052	-222.457	-302.594	35.46
212000	-526.702	-227.375	-299.327	46.6036
213000	-524.981	-228.264	-296.717	60.6073
214000	-528.685	-227.411	-301.274	38.179
215000	-522.391	-223.56	-298.831	41.8936
216000	-522.729	-226.664	-296.065	38.4238
217000	-527.188	-224.393	-302.794	31.7079
218000	-528.898	-229.465	-299.433	45.9481
219000	-525.94	-224.713	-301.227	37.3126
220000	-527.888	-227.134	-300.754	37.2275
221000	-521.243	-222.51	-298.733	40.9659
222000	-525.274	-220.394	-304.88	34.3676
223000	-531.657	-232.11	-299.547	45.9449
224000	-529.566	-225.094	-304.472	32.8241
225000	-529.658	-228.101	-301.557	32.9794
226000	-525.983	-227.54	-298.443	50.2553
227000	-525.66	-222.262	-303.398	35.5902
228000	-528.444	-231.318	-297.126	54.9856
229000	-540.408	-237.416	-302.992	46.7611
230000	-525.876	-225.05	-300.826	43.8819
231000	-532.885	-228.616	-304.269	30.839
232000	-531.667	-234.194	-297.473	52.8723
233000	-531.317	-226.963	-304.354	33.4886
234000	-525.86	-228.762	-297.098	42.8643
235000	-527.198	-226.282	-300.915	34.8911
236000	-535.188	-225.722	-309.466	26.1544
237000	-526.273	-221.582	-304.691	30.7604
238000	-521.631	-221.652	-299.979	34.5993
239000	-526.007	-223.073	-302.934	28.42
240000	-522.706	-226.593	-296.113	57.3308
241000	-524.611	-227.182	-297.429	43.3331
242000	-526.379	-226.43	-299.949	40.0329
243000	-535.203	-232.836	-302.368	38.2461
244000	-520.094	-222.584	-297.511	43.4125
245000	-530.11	-226.213	-303.897	29.827
246000	-534.042	-232.261	-301.78	47.5003
247000	-526.189	-225.725	-300.464	36.7753
248000	-522.557	-227.599	-294.958	62.2238
249000	-525.852	-229.29	-296.562	44.1176
250000	-525.287	-225.925	-299.362	36.1603
251000	-521.794	-221.768	-300.026	34.7645
252000	-530.834	-230.746	-300.088	39.3188
253000	-528.651	-226.875	-301.776	37.9364
254000	-524.729	-229.06	-295.669	41.8671
255000	-524.448	-220.9	-303.548	33.7574
256000	-530.95	-231.698	-299.252	49.6953
257000	-530.795	-227.223	-303.572	42.3921
258000	-535.298	-238.573	-296.725	59.013
259000	-531.702	-222.871	-308.831	27.478
260000	-538.24	-229.025	-309.215	31.245
261000	-526.14	-227.15	-298.99	39.6454
262000	-523.514	-227.82	-295.694	52.6692
263000	-525.544	-227.8	-297.744	42.1988
264000	-527.974	-227.058	-300.915	37.6763
265000	-526.857	-226.158	-300.699	34.7099
266000	-522.482	-224.358	-298.123	39.646
267000	-526.341	-226.607	-299.734	39.0297
268000	-521.191	-226.195	-294.995	51.2779
269000	-526.122	-228.243	-297.879	41.1983
270000	-529.718	-227.778	-301.94	33.2865
271000	-525.326	-228.605	-296.721	47.9652
272000	-524.469	-222.124	-302.345	29.6194
273000	-523.458	-223.211	-300.247	40.047
274000	-526.777	-227.023	-299.754	42.1424
275000	-525.803	-227.349	-298.455	47.0172
276000	-531.645	-228.219	-303.427	36.6835
277000	-527.117	-227.946	-299.171	47.3742
278000	-527.882	-230.055	-297.827	39.5853
279000	-521.684	-227.482	-294.202	53.5829
280000	-526.975	-225.349	-301.627	38.7028
281000	-525.098	-222.682	-302.416	34.1066
282000	-521.502	-226.083	-295.419	53.5742
283000	-529.256	-231.812	-297.444	49.2972
284000	-524.789	-225.558	-299.232	42.8675
285000	-529.881	-225.679	-304.202	36.2234
286000	-530.267	-235.589	-294.677	50.8513
287000	-531.291	-229.616	-301.675	50.6292
288000	-525.981	-223.355	-302.625	38.9799
289000	-531.701	-230.455	-301.247	54.4879
290000	-530.207	-226.94	-303.267	37.0812
291000	-531.251	-230.85	-300.401	42.4943
292000	-535.212	-231.219	-303.993	30.5379
293000	-530.006	-224.933	-305.073	32.5254
294000	-530.757	-233.958	-296.798	60.0893
295000	-525.32	-223.382	-301.939	40.7458
296000	-526.291	-227.667	-298.624	42.3052
297000	-526.673	-224.214	-302.459	38.0436
298000	-527.179	-229.351	-297.827	42.81
299000	-526.229	-223.834	-302.395	35.9642
300000	-524.185	-227.932	-296.253	54.3084
301000	-534.35	-233.826	-300.524	48.2881
302000	-519.662	-219.883	-299.78	33.5629
303000	-531.91	-229.647	-302.263	38.1025
304000	-530.615	-232.107	-298.508	51.1348
305000	-524.479	-226.797	-297.682	47.9798
306000	-536.15	-232.321	-303.829	44.4629
307000	-523.401	-225.388	-298.013	45.2668
308000	-523.401	-225.388	-298.013	45.2668
309000	-523.401	-225.388	-298.013	45.2668
310000	-523.401	-225.388	-298.013	45.2668
311000	-523.401	-225.388	-298.013	45.2668
312000	-523.401	-225.388	-298.013	45.2668
313000	-523.401	-225.388	-298.013	45.2668
314000	-523.401	-225.388	-298.013	45.2668
315000	-523.401	-225.388	-298.013	45.2668
316000	-523.401	-225.388	-298.013	45.2668
317000	-523.401	-225.388	-298.013	45.2668
318000	-523.401	-225.388	-298.013	45.2668
319000	-523.401	-225.388	-298.013	45.2668
320000	-523.401	-225.388	-298.013	45.2668
321000	-523.401	-225.388	-298.013	45.2668
322000	-523.401	-225.388	-298.013	45.2668
323000	-523.401	-225.388	-298.013	45.2668
324000	-523.401	-225.388	-298.013	45.2668
325000	-523.401	-225.388	-298.013	45.2668
326000	-523.401	-225.388	-298.013	45.2668
327000	-523.401	-225.388	-298.013	45.2668
328000	-523.401	-225.388	-298.013	45.2668
329000	-523.401	-225.388	-298.013	45.2668
330000	-523.401	-225.388	-298.013	45.2668
331000	-523.401	-225.388	-298.013	45.2668
332000	-523.401	-225.388	-298.013	45.2668
333000	-523.401	-225.388	-298.013	45.2668
334000	-523.401	-225.388	-298.013	45.2668
335000	-523.401	-225.388	-298.013	45.2668
336000	-523.401	-225.388	-298.013	45.2668
337000	-523.401	-225.388	-298.013	45.2668
338000	-523.401	-225.388	-298.013	45.2668
339000	-523.401	-225.388	-298.013	45.2668
340000	-523.401	-225.388	-298.013	45.2668
341000	-523.401	-225.388	-298.013	45.2668
342000	-523.401	-225.388	-298.013	45.2668
343000	-523.401	-225.388	-298.013	45.2668
344000	-523.401	-225.388	-298.013	45.2668
345000	-523.401	-225.388	-298.013	45.2668
346000	-523.401	-225.388	-298.013	45.2668
347000	-523.401	-225.388	-298.013	45.2668
348000	-523.401	-225.388	-298.013	45.2668
349000	-523.401	-225.388	-298.013	45.2668
350000	-523.401	-225.388	-298.013	45.2668
351000	-523.401	-225.388	-298.013	45.2668
352000	-523.401	-225.388	-298.013	45.2668
353000	-523.401	-225.388	-298.013	45.2668
354000	-523.401	-225.388	-298.013	45.2668
355000	-523.401	-225.388	-298.013	45.2668
356000	-523.401	-225.388	-298.013	45.2668
357000	-523.401	-225.388	-298.013	45.2668
358000	-523.401	-225.388	-298.013	45.2668
359000	-523.401	-225.388	-298.013	45.2668
360000	-523.401	-225.388	-298.013	45.2668
361000	-523.401	-225.388	-298.013	45.2668
362000	-523.401	-225.388	-298.013	45.2668
363000	-523.401	-225.388	-298.013	45.2668
364000	-523.401	-225.388	-298.013	45.2668
365000	-523.401	-225.388	-298.013	45.2668
366000	-523.401	-225.388	-298.013	45.2668
367000	-523.401	-225.388	-298.013	45.2668
368000	-523.401	-225.388	-298.013	45.2668
369000	-523.401	-225.388	-298.013	45.2668
370000	-523.401	-225.388	-298.013	45.2668
371000	-523.401	-225.388	-298.013	45.2668
372000	-523.401	-225.388	-298.013	45.2668
373000	-523.401	-225.388	-298.013	45.2668
374000	-523.401	-225.388	-298.013	45.2668
375000	-523.401	-225.388	-298.013	45.2668
376000	-523.401	-225.388	-298.013	45.2668
377000	-523.401	-225.388	-298.013	45.2668
378000	-523.401	-225.388	-298.013	45.2668
379000	-523.401	-225.388	-298.013	45.2668
380000	-523.401	-225.388	-298.013	45.2668
381000	-523.401	-225.388	-298.013	45.2668
382000	-523.401	-225.388	-298.013	45.2668
383000	-523.401	-225.388	-298.013	45.2668
384000	-523.401	-225.388	-298.013	45.2668
385000	-523.401	-225.388	-298.013	45.2668
386000	-523.401	-225.388	-298.013	45.2668
387000	-523.401	-225.388	-298.013	45.2668
388000	-523.401	-225.388	-298.013	45.2668
389000	-523.401	-225.388	-298.013	45.2668
390000	-523.401	-225.388	-298.013	45.2668
391000	-523.401	-225.388	-298.013	45.2668
392000	-523.401	-225.388	-298.013	45.2668
393000	-523.401	-225.388	-298.013	45.2668
394000	-523.401	-225.388	-298.013	45.2668
395000	-523.401	-225.388	-298.013	45.2668
396000	-523.401	-225.388	-298.013	45.2668
397000	-523.401	-225.388	-298.013	45.2668
398000	-523.401	-225.388	-298.013	45.2668
399000	-523.401	-225.388	-298.013	45.2668
400000	-523.401	-225.388	-298.013	45.2668
401000	-523.401	-225.388	-298.013	45.2668
402000	-523.401	-225.388	-298.013	45.2668
403000	-523.401	-225.388	-298.013	45.2668
404000	-523.401	-225.388	-298.013	45.2668
405000	-523.401	-225.388	-298.013	45.2668
406000	-523.401	-225.388	-298.013	45.2668
407000	-523.401	-225.388	-298.013	45.2668
408000	-523.401	-225.388	-298.013	45.2668
409000	-523.401	-225.388	-298.013	45.2668
410000	-523.401	-225.388	-298.013	45.2668
411000	-523.401	-225.388	-298.013	45.2668
412000	-523.401	-225.388	-298.013	45.2668
413000	-523.401	-225.388	-298.013	45.2668
414000	-523.401	-225.388	-298.013	45.2668
415000	-523.401	-225.388	-298.013	45.2668
416000	-523.401	-225.388	-298.013	45.2668
417000	-523.401	-225.388	-298.013	45.2668
418000	-523.401	-225.388	-298.013	45.2668
419000	-523.401	-225.388	-298.013	45.2668
420000	-523.401	-225.388	-298.013	45.2668
421000	-523.401	-225.388	-298.013	45.2668
422000	-523.401	-225.388	-298.013	45.2668
423000	-523.401	-225.388	-298.013	45.2668
424000	-523.401	-225.388	-298.013	45.2668
425000	-523.401	-225.388	-298.013	45.2668
426000	-523.401	-225.388	-298.013	45.2668
427000	-523.401	-225.388	-298.013	45.2668
428000	-523.401	-225.388	-298.013	45.2668
429000	-523.401	-225.388	-298.013	45.2668
430000	-523.401	-225.388	-298.013	45.2668
431000	-523.401	-225.388	-298.013	45.2668
432000	-523.401	-225.388	-298.013	45.2668
433000	-523.401	-225.388	-298.013	45.2668
434000	-523.401	-225.388	-298.013	45.2668
435000	-523.401	-225.388	-298.013	45.2668
436000	-523.401	-225.388	-298.013	45.2668
437000	-523.401	-225.388	-298.013	45.2668
438000	-523.401	-225.388	-298.013	45.2668
439000	-523.401	-225.388	-298.013	45.2668
440000	-523.401	-225.388	-298.013	45.2668
441000	-523.401	-225.388	-298.013	45.2668
442000	-523.401	-225.388	-298.013	45.2668
443000	-523.401	-225.388	-298.013	45.2668
444000	-523.401	-225.388	-298.013	45.2668
445000	-523.401	-225.388	-298.013	45.2668
446000	-523.401	-225.388	-298.013	45.2668
447000	-523.401	-225.388	-298.013	45.2668
448000	-523.401	-225.388	-298.013	45.2668
449000	-523.401	-225.388	-298.013	45.2668
450000	-523.401	-225.388	-298.013	45.2668
451000	-523.401	-225.388	-298.013	45.2668
452000	-523.401	-225.388	-298.013	45.2668
453000	-523.401	-225.388	-298.013	45.2668
454000	-523.401	-225.388	-298.013	45.2668
455000	-523.401	-225.388	-298.013	45.2668
456000	-523.401	-225.388	-298.013	45.2668
457000	-523.401	-225.388	-298.013	45.2668
458000	-523.401	-225.388	-298.013	45.2668
459000	-523.401	-225.388	-298.013	45.2668
460000	-523.401	-225.388	-298.013	45.2668
461000	-523.401	-225.388	-298.013	45.2668
462000	-523.401	-225.388	-298.013	45.2668
463000	-523.401	-225.388	-298.013	45.2668
464000	-523.401	-225.388	-298.013	45.2668
465000	-523.401	-225.388	-298.013	45.2668
466000	-523.401	-225.388	-298.013	45.2668
467000	-523.401	-225.388	-298.013	45.2668
468000	-523.401	-225.388	-298.013	45.2668
469000	-523.401	-225.388	-298.013	45.2668
470000	-523.401	-225.388	-298.013	45.2668
471000	-523.401	-225.388	-298.013	45.2668
472000	-523.401	-225.388	-298.013	45.2668
473000	-523.401	-225.388	-298.013	45.2668
474000	-523.401	-225.388	-298.013	45.2668
475000	-523.401	-225.388	-298.013	45.2668
476000	-523.401	-225.388	-298.013	45.2668
477000	-523.401	-225.388	-298.013	45.2668
478000	-523.401	-225.388	-298.013	45.2668
479000	-523.401	-225.388	-298.013	45.2668
480000	-523.401	-225.388	-298.013	45.2668
481000	-523.401	-225.388	-298.013	45.2668
482000	-523.401	-225.388	-298.013	45.2668
483000	-523.401	-225.388	-298.013	45.2668
484000	-523.401	-225.388	-298.013	45.2668
485000	-523.401	-225.388	-298.013	45.2668
486000	-523.401	-225.388	-298.013	45.2668
487000	-523.401	-225.388	-298.013	45.2668
488000	-523.401	-225.388	-298.013	45.2668
489000	-523.401	-225.388	-298.013	45.2668
490000	-523.401	-225.388	-298.013	45.2668
491000	-523.401	-225.388	-298.013	45.2668
492000	-523.401	-225.388	-298.013	45.2668
493000	-523.401	-225.388	-298.013	45.2668
494000	-523.401	-225.388	-298.013	45.2668
495000	-523.401	-225.388	-298.013	45.2668
496000	-523.401	-225.388	-298.013	45.2668
497000	-523.401	-225.388	-298.013	45.2668
498000	-523.401	-225.388	-298.013	45.2668
499000	-523.401	-225.388	-298.013	45.2668
500000	-523.401	-225.388	-298.013	45.2668
