Iteration	Posterior	Likelihood	Prior	sigma
0	-321.179	-228.982	-92.1972	21.0463
1000	-311.559	-228.594	-82.9645	26.7797
2000	-321.971	-228.128	-93.8423	20.7183
3000	-321.28	-235.184	-86.0953	31.0025
4000	-316.286	-224.73	-91.5563	21.9049
5000	-324.481	-233.201	-91.2805	22.0874
6000	-318.367	-228.513	-89.854	21.6309
7000	-316.624	-226.442	-90.1825	21.352
8000	-314.789	-231.991	-82.7983	25.4066
9000	-318.696	-227.572	-91.1244	22.1864
10000	-317.637	-234.598	-83.0388	32.0669
11000	-316.952	-235.236	-81.7158	28.6949
12000	-311.179	-229.952	-81.2275	31.4347
13000	-318.26	-227.543	-90.7168	20.6418
14000	-317.939	-226.673	-91.2668	21.0974
15000	-317.528	-226.446	-91.0821	20.8552
16000	-312.169	-231.398	-80.7711	32.5675
17000	-317.738	-231.888	-85.8506	29.221
18000	-314.052	-228.964	-85.0881	24.422
19000	-315.382	-223.877	-91.5055	19.0942
20000	-314.77	-229.306	-85.4635	22.2776
21000	-315.584	-236.555	-79.0288	38.2332
22000	-322.908	-232.887	-90.021	25.9041
23000	-316.246	-231.471	-84.7753	30.4497
24000	-319.868	-227.04	-92.8285	18.9626
25000	-315.471	-234.086	-81.3847	32.6642
26000	-314.259	-225.299	-88.9605	21.3822
27000	-326.681	-234.861	-91.8198	23.2654
28000	-324.525	-240.599	-83.9257	32.1566
29000	-314.84	-223.383	-91.4574	21.5192
30000	-314.729	-225.697	-89.0315	20.645
31000	-309.96	-224.691	-85.2689	25.6132
32000	-313.312	-234.553	-78.7587	40.264
33000	-316.478	-227.717	-88.7611	26.0473
34000	-317.814	-230.71	-87.1036	29.6547
35000	-313.394	-225.336	-88.0582	23.3904
36000	-322.874	-232.467	-90.4065	23.432
37000	-309.005	-230.087	-78.9185	36.2725
38000	-317.382	-233.297	-84.0849	28.9276
39000	-313.745	-227.53	-86.2148	26.2454
40000	-317.409	-236.68	-80.7286	35.7785
41000	-312.306	-230.25	-82.0564	33.1025
42000	-313.095	-229.012	-84.0832	29.9159
43000	-315.772	-229.492	-86.2791	27.2275
44000	-312.988	-230.066	-82.9219	29.7589
45000	-314.109	-228.916	-85.1937	28.2717
46000	-318.337	-233.088	-85.2492	27.7428
47000	-317.429	-226.281	-91.1485	20.0608
48000	-317.679	-233.604	-84.0751	29.3388
49000	-314.208	-228.788	-85.4197	27.8475
50000	-314.897	-229.502	-85.395	28.906
51000	-311.627	-227.045	-84.582	23.3216
52000	-317.474	-234.001	-83.4732	36.4431
53000	-316.87	-231.248	-85.6221	25.5952
54000	-319.067	-239.118	-79.9486	40.6413
55000	-315.022	-236.129	-78.8923	36.9472
56000	-317.585	-231.407	-86.1781	21.017
57000	-328.562	-235.877	-92.6845	20.4988
58000	-311.93	-228.583	-83.3469	28.7054
59000	-318.076	-232.454	-85.6222	28.0727
60000	-313.979	-225.374	-88.6053	24.2067
61000	-310.279	-227.867	-82.4119	28.4594
62000	-315.849	-227.198	-88.6511	25.1085
63000	-320.242	-232.062	-88.1803	23.6465
64000	-307.719	-228.632	-79.087	35.3859
65000	-309.081	-221.559	-87.5228	20.751
66000	-319.834	-227.773	-92.061	20.9882
67000	-315.715	-226.974	-88.7412	24.1587
68000	-326.429	-241.301	-85.1279	34.9818
69000	-318.182	-234.066	-84.1159	30.7289
70000	-313.711	-226.917	-86.7937	26.3555
71000	-318.074	-230.289	-87.7845	22.6465
72000	-310.027	-222.227	-87.8003	19.5718
73000	-316.797	-229.205	-87.5914	23.9878
74000	-319.892	-223.702	-96.1902	17.4088
75000	-310.039	-229.354	-80.685	31.1345
76000	-316.476	-228.217	-88.2596	23.3948
77000	-325.316	-237.771	-87.5451	29.0507
78000	-322.072	-235.408	-86.6643	29.2353
79000	-318.017	-229.794	-88.2238	22.9719
80000	-327.045	-232.066	-94.9785	23.2999
81000	-314.503	-230.127	-84.3764	26.8199
82000	-316.112	-233.565	-82.5471	35.3447
83000	-310.097	-228.609	-81.4886	33.4278
84000	-319.227	-231.054	-88.1728	24.5006
85000	-318.164	-225.477	-92.6869	19.1652
86000	-327.696	-232.665	-95.0317	21.9462
87000	-320.95	-239.841	-81.1084	44.9037
88000	-320.257	-235.581	-84.6758	28.6986
89000	-321.832	-233.894	-87.9383	27.3522
90000	-323.496	-231.626	-91.8702	21.5853
91000	-320.543	-235.19	-85.3527	23.7535
92000	-318.521	-224.437	-94.0844	20.156
93000	-315.602	-223.024	-92.5785	16.512
94000	-321.011	-238.203	-82.8084	35.9519
95000	-309.562	-228.763	-80.799	32.842
96000	-317.244	-226.031	-91.2134	21.2539
97000	-317.113	-229.69	-87.4233	24.4988
98000	-329.164	-239.281	-89.8828	27.8651
99000	-315.367	-232.928	-82.4393	32.2395
100000	-310.956	-225.907	-85.0486	24.805
101000	-314.205	-230.629	-83.5764	26.2017
102000	-325.347	-240.37	-84.9773	37.19
103000	-314.284	-231.495	-82.7889	30.4539
104000	-317.799	-233.035	-84.7645	29.3295
105000	-326.842	-233.02	-93.8218	20.85
106000	-316.234	-233.769	-82.4649	27.5986
107000	-314.165	-229.635	-84.5294	29.2078
108000	-321.508	-225.416	-96.0916	18.0357
109000	-320.332	-236.284	-84.0474	28.4082
110000	-320.962	-225.906	-95.0565	20.9253
111000	-318.554	-231.469	-87.0849	24.9911
112000	-311.592	-226.286	-85.3062	22.4278
113000	-316.379	-230.674	-85.7055	24.9599
114000	-315.992	-224.83	-91.1621	21.116
115000	-318.951	-234.531	-84.4193	32.4314
116000	-313.577	-237.514	-76.0634	47.6251
117000	-320.742	-227.51	-93.2312	19.8533
118000	-309.173	-225.514	-83.6595	27.8149
119000	-327.735	-237.365	-90.37	27.6502
120000	-318.315	-226.561	-91.754	19.2677
121000	-321.043	-231.285	-89.7584	23.034
122000	-311.911	-225.241	-86.6707	22.1881
123000	-314.322	-228.46	-85.8617	26.0948
124000	-313.369	-230.337	-83.0314	29.2458
125000	-317.958	-235.52	-82.4377	32.5539
126000	-314.551	-226.28	-88.2704	22.9198
127000	-317.827	-230.489	-87.3371	25.6501
128000	-313.617	-223.037	-90.5801	19.9028
129000	-325.267	-236.583	-88.6839	25.2815
130000	-311.939	-224.256	-87.6834	22.19
131000	-315.587	-231.274	-84.3135	26.2353
132000	-320.763	-233.395	-87.3673	23.6675
133000	-322.216	-236.303	-85.9123	28.1799
134000	-313.591	-231.38	-82.2104	29.0483
135000	-312.617	-227.003	-85.6145	22.0413
136000	-309.945	-230.929	-79.0159	38.0321
137000	-313.208	-230.634	-82.5732	29.2147
138000	-317.491	-236.472	-81.0197	39.9369
139000	-314.587	-221.391	-93.1958	18.2021
140000	-315.919	-226.778	-89.1407	19.028
141000	-312.345	-227.862	-84.4833	27.7101
142000	-315.922	-229.64	-86.2829	26.6353
143000	-319.854	-231.691	-88.1632	17.8672
144000	-311.711	-227.283	-84.4278	24.1131
145000	-316.079	-223.252	-92.827	19.2472
146000	-309.833	-231.296	-78.5375	42.2851
147000	-317.048	-226.545	-90.5023	19.2873
148000	-320.183	-232.863	-87.3202	25.9471
149000	-322.087	-235.44	-86.6468	22.8041
150000	-316.833	-229.157	-87.676	23.5489
151000	-318.812	-235	-83.8119	30.0167
152000	-318.655	-227.82	-90.8358	18.9259
153000	-317.25	-228.519	-88.7307	22.0585
154000	-317.067	-230.062	-87.0051	24.5386
155000	-319.317	-227.878	-91.439	21.4015
156000	-328.046	-238.328	-89.7181	20.0239
157000	-317.852	-227.023	-90.8294	19.6557
158000	-312.539	-227.801	-84.739	25.6522
159000	-313.751	-233.31	-80.4408	34.2549
160000	-316.372	-228.318	-88.053	22.6268
161000	-315.304	-230.367	-84.9365	27.3981
162000	-316.008	-234.992	-81.0157	34.367
163000	-320.733	-232.667	-88.0659	26.059
164000	-312.353	-224.805	-87.548	20.7739
165000	-320.183	-228.359	-91.8236	21.8227
166000	-315.247	-228.51	-86.7365	24.9819
167000	-318.853	-225.072	-93.7818	18.5346
168000	-317.07	-231.278	-85.7918	27.7855
169000	-312.205	-228.521	-83.6838	25.0627
170000	-321.721	-231.171	-90.55	23.0069
171000	-317.158	-229.416	-87.7426	26.7974
172000	-317.16	-232.727	-84.433	24.4742
173000	-317.807	-227.848	-89.9589	20.9458
174000	-317.011	-224.65	-92.3608	18.7006
175000	-317.283	-231.612	-85.6714	27.1612
176000	-314.876	-226.582	-88.2936	21.5748
177000	-318.539	-236.063	-82.4756	34.4552
178000	-322.27	-228.991	-93.2782	19.2846
179000	-321.479	-233.445	-88.0343	24.8766
180000	-321.008	-228.041	-92.9673	17.2137
181000	-308.192	-228.776	-79.4164	35.8981
182000	-330.7	-236.823	-93.8763	26.0134
183000	-309.683	-230.234	-79.4486	33.9226
184000	-319.702	-231.432	-88.2704	22.48
185000	-321.755	-232.922	-88.8334	24.5264
186000	-313.409	-228.987	-84.4223	28.0111
187000	-319.47	-227.45	-92.02	20.9897
188000	-318.423	-231.617	-86.8052	25.0076
189000	-323.597	-230.273	-93.3237	18.366
190000	-320.65	-239.405	-81.2454	32.506
191000	-314.558	-225.716	-88.8423	20.4168
192000	-315.459	-226.734	-88.7249	24.9423
193000	-320.22	-232.284	-87.9359	21.8814
194000	-317.87	-238.06	-79.8098	42.8387
195000	-317.946	-234.202	-83.7441	27.2054
196000	-317.104	-231.083	-86.0205	28.0387
197000	-328.308	-242.673	-85.6347	32.8061
198000	-324.697	-236.695	-88.0022	26.628
199000	-322.629	-231.779	-90.8502	23.6446
200000	-321.571	-230.43	-91.1415	23.7108
201000	-322.362	-230.523	-91.8387	23.5986
202000	-319.669	-230.009	-89.6602	19.2215
203000	-322.182	-232.704	-89.4781	22.8001
204000	-313.565	-229.103	-84.4621	26.207
205000	-317.345	-238.876	-78.4688	45.7878
206000	-314.309	-227.119	-87.1899	23.0562
207000	-318.072	-233.052	-85.0199	29.4275
208000	-313.096	-233.982	-79.1135	38.0637
209000	-311.209	-223.222	-87.9873	19.2698
210000	-325.237	-228.302	-96.9352	16.391
211000	-312.088	-227.975	-84.1133	28.2106
212000	-315.732	-231.696	-84.0357	30.1022
213000	-315.604	-226.614	-88.9892	23.3509
214000	-313.908	-230.152	-83.756	29.6796
215000	-326.86	-235.287	-91.5722	24.3664
216000	-323.839	-229.526	-94.3133	19.9035
217000	-318.226	-229.784	-88.4422	23.8246
218000	-314.017	-233.573	-80.4443	33.4617
219000	-316.506	-231.994	-84.5121	32.7775
220000	-322.691	-235.644	-87.0467	24.085
221000	-318.343	-239.003	-79.3404	43.6052
222000	-318.491	-232.53	-85.9607	28.0737
223000	-321.046	-232.277	-88.7693	23.318
224000	-318.096	-229.837	-88.2594	22.5392
225000	-310.066	-224.612	-85.4549	25.3065
226000	-313.551	-226.584	-86.9671	23.4689
227000	-319.926	-231.346	-88.5803	26.0542
228000	-317.09	-230.864	-86.2258	27.6462
229000	-321.142	-237.75	-83.3926	33.5105
230000	-310.709	-231.99	-78.7189	33.5621
231000	-315.456	-231	-84.4562	27.4481
232000	-317.988	-229.202	-88.786	21.5651
233000	-313.491	-231.125	-82.3661	33.3066
234000	-311.647	-222.326	-89.3211	19.2192
235000	-325.479	-233.837	-91.6417	23.9467
236000	-311.176	-227.552	-83.6236	23.9558
237000	-311.138	-226.005	-85.1327	27.0556
238000	-321.721	-231.847	-89.8741	24.0469
239000	-310.678	-231.764	-78.9135	40.8463
240000	-326.989	-226.908	-100.081	18.6765
241000	-315.37	-229.521	-85.8488	23.7914
242000	-319.676	-232.997	-86.6793	26.8804
243000	-323.119	-230.695	-92.424	20.4759
244000	-320.564	-223.454	-97.1107	17.8006
245000	-316.178	-231.044	-85.1337	30.9756
246000	-314.574	-228.066	-86.508	24.2975
247000	-315.729	-227.257	-88.4724	21.255
248000	-311.439	-231.883	-79.5559	39.2458
249000	-319.461	-231.571	-87.8899	23.1306
250000	-319.819	-233.327	-86.4911	26.9438
251000	-318.821	-230.177	-88.6436	24.7149
252000	-319.87	-230.562	-89.308	24.184
253000	-308.451	-230.104	-78.3463	38.2848
254000	-321.466	-232.329	-89.1369	24.8126
255000	-323.149	-236.445	-86.7041	29.7244
256000	-316.072	-232.335	-83.7378	30.6629
257000	-314.754	-227.981	-86.7727	26.4252
258000	-314.646	-224.709	-89.937	21.3375
259000	-317.475	-231.08	-86.3949	23.9819
260000	-315.444	-223.791	-91.6526	21.2154
261000	-318.1	-229.205	-88.8941	23.2514
262000	-311.378	-236.813	-74.5642	54.241
263000	-325.533	-237.406	-88.1268	26.7243
264000	-308.546	-227.89	-80.6561	34.6563
265000	-323.675	-231.218	-92.4567	20.8463
266000	-307.637	-226.092	-81.545	30.3329
267000	-316.587	-228.965	-87.622	20.8096
268000	-311.079	-227.169	-83.9101	27.6207
269000	-320.19	-232.073	-88.1164	27.6316
270000	-320.895	-237.03	-83.8645	29.0543
271000	-320.408	-229.551	-90.8562	19.5479
272000	-317.826	-236.799	-81.027	32.5389
273000	-312.461	-232.104	-80.3578	35.8825
274000	-322.314	-230.834	-91.4792	21.397
275000	-320.62	-226.88	-93.7394	18.2173
276000	-312.851	-229.513	-83.3379	28.9034
277000	-318.292	-234.611	-83.6815	26.6644
278000	-318.196	-230.775	-87.4205	22.6558
279000	-318.325	-234.964	-83.3614	29.5525
280000	-316.851	-224.787	-92.0646	19.8484
281000	-308.653	-228.474	-80.1782	32.5739
282000	-319.595	-230.759	-88.8364	22.9868
283000	-316.059	-232.952	-83.1062	31.8673
284000	-315.652	-226.795	-88.8571	24.1084
285000	-323.234	-239.78	-83.4535	34.6169
286000	-318.246	-231.998	-86.2482	27.8728
287000	-324.484	-233.508	-90.9759	23.8416
288000	-322.836	-236.264	-86.5723	24.9257
289000	-325.444	-232.126	-93.3184	22.0774
290000	-316.139	-229.069	-87.0697	25.1419
291000	-317.66	-229.074	-88.5861	21.747
292000	-308.285	-227.557	-80.7282	29.4311
293000	-315.783	-235.337	-80.4455	36.7355
294000	-310.672	-229.528	-81.1439	30.0206
295000	-314.588	-229.262	-85.3256	22.75
296000	-319.367	-233.875	-85.4919	28.3446
297000	-318.425	-233.293	-85.132	33.8299
298000	-321.934	-237.13	-84.804	35.9086
299000	-320.42	-229.818	-90.6024	23.4113
300000	-314.914	-225.658	-89.2565	23.221
301000	-307.532	-224.805	-82.7273	27.3119
302000	-316.341	-238.356	-77.9853	51.1211
303000	-323.424	-234.892	-88.5324	25.6381
304000	-315.519	-227.756	-87.7632	20.5644
305000	-315.839	-231.991	-83.8486	28.0137
306000	-314.203	-232.989	-81.2147	31.7553
307000	-317.059	-231.472	-85.5876	28.7557
308000	-320.226	-233.555	-86.6706	30.2557
309000	-318.289	-235.403	-82.8864	37.5686
310000	-315.903	-226.819	-89.0841	23.776
311000	-313.177	-234.772	-78.4057	41.6914
312000	-311.955	-230.221	-81.7343	27.7385
313000	-317.701	-229.457	-88.2439	21.9532
314000	-317.683	-226.751	-90.9319	23.3653
315000	-317.656	-229.531	-88.1245	25.1338
316000	-314.906	-228.319	-86.587	25.4451
317000	-318.32	-236.594	-81.7259	31.3747
318000	-320.411	-228.389	-92.0216	22.2466
319000	-314.412	-223.739	-90.6728	19.8716
320000	-320.224	-234.87	-85.3547	28.197
321000	-318.339	-234.523	-83.8164	25.1154
322000	-319.303	-228.409	-90.8939	23.7208
323000	-318.913	-231.659	-87.2544	26.3909
324000	-315.514	-230.947	-84.5672	31.2611
325000	-315.648	-230.58	-85.0676	25.5605
326000	-312.901	-225.209	-87.692	22.3767
327000	-311.566	-225.721	-85.8458	22.8533
328000	-318.341	-230.612	-87.7286	26.0942
329000	-313.849	-226.128	-87.7215	22.8627
330000	-314.118	-232.925	-81.1924	31.456
331000	-312.928	-231.79	-81.1377	38.3663
332000	-321.94	-234.634	-87.3067	23.5041
333000	-316.665	-231.981	-84.6846	23.8248
334000	-323.896	-242.595	-81.3012	40.2953
335000	-316.839	-228.459	-88.3792	21.612
336000	-323.262	-230.942	-92.3191	24.5651
337000	-318.88	-229.54	-89.3396	24.6908
338000	-317.505	-230.446	-87.0596	20.1008
339000	-314.409	-236.753	-77.6556	35.7398
340000	-322.074	-220.976	-101.098	15.51
341000	-316.05	-231.609	-84.4413	28.2001
342000	-322.642	-238.007	-84.6354	32.0073
343000	-317.091	-230.286	-86.8046	25.8013
344000	-313.538	-229.588	-83.9498	29.4002
345000	-317.721	-229.35	-88.3715	27.0292
346000	-319.46	-228.666	-90.7945	25.1925
347000	-316.764	-224.427	-92.3376	20.9649
348000	-315.312	-229.52	-85.7921	26.6613
349000	-317.699	-233.358	-84.3412	33.7621
350000	-316.865	-223.228	-93.6373	18.7316
351000	-321.34	-229.838	-91.5015	21.2079
352000	-314.561	-232.193	-82.3675	30.3564
353000	-323.796	-232.558	-91.2372	24.6137
354000	-311.679	-228.925	-82.7545	31.7316
355000	-314.747	-233.52	-81.2268	33.6192
356000	-315.64	-229.788	-85.8519	26.8082
357000	-322.964	-236.106	-86.8574	21.5738
358000	-317.215	-231.563	-85.6518	22.9617
359000	-315.987	-226.859	-89.1284	22.9236
360000	-320.387	-234.719	-85.6688	29.729
361000	-313.727	-234.709	-79.0186	39.6295
362000	-323.401	-233.954	-89.4469	25.0799
363000	-320.586	-239.923	-80.6633	35.8226
364000	-313.245	-228.807	-84.4381	24.6861
365000	-314.345	-236.56	-77.7854	47.7541
366000	-312.936	-227.115	-85.8211	26.1961
367000	-317.895	-230.106	-87.7887	22.7976
368000	-318.552	-236.93	-81.6217	38.1819
369000	-316.477	-230.573	-85.9038	29.4442
370000	-318.162	-229.656	-88.5064	24.754
371000	-312.433	-228.391	-84.0421	26.4738
372000	-323.571	-239.888	-83.6837	35.5918
373000	-316.243	-234.501	-81.7419	33.4645
374000	-312.699	-225.36	-87.3393	25.0851
375000	-313.676	-232.518	-81.1586	35.0427
376000	-313.999	-227.865	-86.1335	24.0728
377000	-316.049	-227.819	-88.2295	23.3924
378000	-314.052	-227.574	-86.4776	20.8678
379000	-324.674	-244.083	-80.5919	40.8878
380000	-308.823	-223.628	-85.1956	22.0078
381000	-317.699	-232.549	-85.1503	30.0902
382000	-318.09	-225.102	-92.9881	20.2561
383000	-311.019	-226.368	-84.6519	28.6396
384000	-328.806	-238.835	-89.9704	24.5923
385000	-325.16	-230.149	-95.0108	20.2776
386000	-327.706	-229.468	-98.2376	20.7216
387000	-309.302	-229.132	-80.1705	30.4897
388000	-319.077	-227.86	-91.2164	22.3859
389000	-321.341	-229.845	-91.4964	21.6491
390000	-317.818	-231.788	-86.0301	22.142
391000	-327.717	-235.611	-92.1057	20.9576
392000	-322.287	-234.286	-88.0009	26.4078
393000	-316.907	-225.062	-91.8451	17.8022
394000	-327.024	-239.658	-87.3656	28.3462
395000	-315.056	-222.555	-92.5009	18.1413
396000	-312.223	-230.334	-81.8895	31.7032
397000	-322.075	-226.293	-95.7823	19.4049
398000	-310.859	-228.023	-82.8358	28.882
399000	-311.791	-227.511	-84.28	24.807
400000	-313.833	-230.9	-82.9329	27.0158
401000	-317.659	-230.032	-87.627	27.7466
402000	-318.669	-229.017	-89.6522	21.7823
403000	-311.983	-226.985	-84.9977	27.3749
404000	-318.771	-231.426	-87.3451	23.254
405000	-321.149	-230.487	-90.6621	22.8824
406000	-321.974	-235.713	-86.2603	28.4844
407000	-317.658	-224.647	-93.0113	15.2986
408000	-312.645	-227.785	-84.8601	24.2294
409000	-332.745	-240.914	-91.8307	30.9022
410000	-315.44	-229.08	-86.3599	28.9658
411000	-317.332	-232.439	-84.8934	28.5159
412000	-312.262	-227.552	-84.7095	27.9743
413000	-308.186	-224.211	-83.9753	25.2112
414000	-320.76	-230.76	-90.0007	22.3251
415000	-320.212	-227.372	-92.8398	20.2111
416000	-315.297	-231.991	-83.3059	31.6569
417000	-313.344	-227.897	-85.4475	23.8979
418000	-309.86	-225.981	-83.8785	26.3147
419000	-319.937	-232.839	-87.0982	26.0744
420000	-312.618	-228.596	-84.0215	26.895
421000	-315.65	-229.911	-85.7385	26.5367
422000	-314.592	-227.659	-86.9331	19.6167
423000	-317.701	-229.407	-88.2944	22.6946
424000	-315.025	-235.064	-79.9609	38.1449
425000	-318.538	-227.701	-90.8363	20.631
426000	-330.075	-238.392	-91.683	23.301
427000	-318.041	-231.614	-86.4272	28.9639
428000	-315.237	-230.113	-85.124	26.7145
429000	-311.099	-229.302	-81.7967	27.6503
430000	-312.322	-226.183	-86.1391	25.4198
431000	-313.37	-224.249	-89.1209	19.9005
432000	-316.997	-224.196	-92.8013	19.3126
433000	-311.264	-227.087	-84.1766	26.7268
434000	-314.907	-230.886	-84.021	25.0548
435000	-314.313	-228.133	-86.1795	24.5309
436000	-326.995	-236.865	-90.1299	26.0525
437000	-315.344	-234.276	-81.0681	32.1603
438000	-318.246	-233.482	-84.7641	29.6114
439000	-323.033	-233.634	-89.3989	25.0715
440000	-312.268	-227.208	-85.0602	23.9695
441000	-312.024	-229.73	-82.2935	31.5358
442000	-317.88	-232.57	-85.3104	30.9425
443000	-318.834	-226.179	-92.6548	20.0582
444000	-316.071	-231.454	-84.6165	30.6852
445000	-319.169	-230.367	-88.8022	21.5707
446000	-313.365	-229.314	-84.0514	22.7451
447000	-316.445	-235.026	-81.4188	31.5966
448000	-316.36	-225.057	-91.3023	21.5197
449000	-314.759	-231.948	-82.8112	27.4124
450000	-312.775	-227.185	-85.5905	23.9935
451000	-316.862	-233.004	-83.8574	27.7824
452000	-318.603	-230.558	-88.0458	22.8227
453000	-313.671	-232.099	-81.5718	29.4579
454000	-318.134	-231.229	-86.9043	27.3573
455000	-315.282	-233.935	-81.3473	29.2748
456000	-315.073	-229.277	-85.7964	27.8026
457000	-315.615	-223.734	-91.8803	17.9187
458000	-315.89	-233.162	-82.7274	30.031
459000	-320.324	-227.645	-92.6789	17.449
460000	-322.946	-229.87	-93.0762	20.736
461000	-315.499	-223.636	-91.863	21.0225
462000	-313.589	-227.026	-86.5624	22.0001
463000	-319.099	-232.134	-86.9645	26.9393
464000	-315.322	-229.451	-85.8711	25.5991
465000	-310.1	-228.979	-81.1213	31.831
466000	-318.766	-233.714	-85.0522	28.1314
467000	-319.822	-232.805	-87.0178	25.6583
468000	-321.63	-230.983	-90.6473	19.2883
469000	-317.326	-229.229	-88.0964	28.2695
470000	-314.302	-228.601	-85.7015	25.0578
471000	-321.264	-233.924	-87.3404	26.1944
472000	-318.64	-233.504	-85.1357	29.4286
473000	-308.682	-226.09	-82.5924	27.9305
474000	-312.382	-225.153	-87.2289	24.1086
475000	-316.628	-227.146	-89.4821	22.0179
476000	-322.239	-228.678	-93.5606	20.7224
477000	-317.154	-234.984	-82.17	35.0419
478000	-317.745	-225.377	-92.3685	20.9678
479000	-320.807	-230.417	-90.39	22.7781
480000	-310.956	-228.306	-82.6498	33.5109
481000	-312.075	-228.862	-83.2131	25.7876
482000	-314.707	-226.838	-87.8694	23.4325
483000	-330.739	-235.303	-95.4363	22.2808
484000	-322.753	-235.808	-86.9443	25.77
485000	-313.237	-227.582	-85.6551	28.3155
486000	-311.195	-225.891	-85.3034	21.618
487000	-317.419	-239.501	-77.918	38.9488
488000	-315.312	-233.982	-81.3297	33.9119
489000	-326.511	-234.663	-91.8488	23.5253
490000	-317.401	-230.796	-86.6044	23.8286
491000	-323.919	-237.633	-86.2861	26.539
492000	-318.443	-229.334	-89.1086	23.4148
493000	-326.38	-231.364	-95.0155	20.9821
494000	-321.165	-228.396	-92.7684	24.1204
495000	-318.271	-228.18	-90.0911	23.0606
496000	-317.555	-231.614	-85.9409	23.9034
497000	-315.949	-238.123	-77.8257	49.4883
498000	-311.08	-226.645	-84.4353	22.5678
499000	-322.766	-231.883	-90.8836	24.2984
500000	-312.765	-229.054	-83.7114	26.6568
