Iteration	Posterior	Likelihood	Prior	sigma
0	-273.611	-211.096	-62.5147	13.2135
1000	-273.814	-214.718	-59.0955	22.0093
2000	-279.048	-214.188	-64.8602	18.772
3000	-276.53	-217.792	-58.7378	20.357
4000	-284.486	-216.232	-68.2543	16.4435
5000	-265.695	-209.331	-56.3642	25.3864
6000	-271.215	-210.972	-60.2432	19.8835
7000	-268.48	-207.016	-61.4643	18.2762
8000	-273.654	-214.325	-59.3288	19.5885
9000	-270.133	-207.132	-63.0017	16.9568
10000	-268.728	-205.576	-63.1518	15.0232
11000	-269.821	-212.091	-57.7301	20.304
12000	-274.552	-212.689	-61.8633	15.4338
13000	-268.92	-209.561	-59.359	17.0959
14000	-273.411	-208.767	-64.6436	14.3648
15000	-269.939	-206.374	-63.5652	16.7346
16000	-273.521	-214.302	-59.219	16.6937
17000	-269.308	-210.483	-58.8249	19.7369
18000	-268.669	-207.731	-60.9381	15.8794
19000	-271.99	-211.952	-60.038	16.7297
20000	-274.028	-216.419	-57.6086	23.416
21000	-269.852	-210.581	-59.2715	19.9568
22000	-268.294	-208.524	-59.7694	16.443
23000	-267.791	-206.459	-61.3327	14.6274
24000	-274.997	-211.208	-63.7887	14.7332
25000	-273.036	-207.348	-65.6886	15.9758
26000	-270.473	-208.976	-61.4976	15.7413
27000	-273.592	-211.799	-61.7922	19.6955
28000	-270.104	-212.7	-57.4036	20.1014
29000	-271.408	-212.179	-59.2296	18.2484
30000	-274.127	-209.334	-64.7932	16.1813
31000	-274.514	-211.178	-63.336	19.489
32000	-273.891	-212.112	-61.7793	17.0844
33000	-267.066	-206.557	-60.5092	19.1299
34000	-273.354	-209.139	-64.215	16.0346
35000	-274.054	-205.581	-68.4732	13.9216
36000	-273.123	-210.934	-62.1893	19.7469
37000	-282.663	-215.589	-67.0739	16.2497
38000	-266.679	-208.369	-58.3104	18.2295
39000	-268.93	-208.401	-60.5283	17.1716
40000	-272.805	-206.812	-65.9921	13.9687
41000	-278.014	-214.916	-63.0981	18.2127
42000	-269.17	-210.036	-59.1341	14.8931
43000	-278.697	-215.441	-63.256	16.8699
44000	-275.611	-210.68	-64.931	14.243
45000	-269.74	-211.888	-57.8521	18.9242
46000	-264.402	-204.883	-59.5198	17.2925
47000	-270.58	-210.382	-60.1979	16.4948
48000	-267.733	-208.366	-59.3665	19.2742
49000	-269.701	-214.933	-54.7674	22.8651
50000	-272.018	-210.379	-61.6396	19.195
51000	-277.623	-217.208	-60.4147	20.778
52000	-270.813	-212.237	-58.5763	18.1685
53000	-270.605	-204.682	-65.923	15.9189
54000	-275.174	-210.088	-65.0861	15.4232
55000	-273.191	-210.119	-63.0723	13.4436
56000	-276.362	-212.323	-64.0394	17.8278
57000	-279.229	-219.107	-60.1225	19.8544
58000	-270.476	-206.352	-64.1245	12.7804
59000	-271.703	-210.709	-60.9937	20.5688
60000	-268.98	-205.602	-63.3786	15.6004
61000	-269.268	-207.259	-62.0091	15.7916
62000	-267.313	-208.227	-59.0869	17.8967
63000	-276.279	-215.319	-60.9601	19.9592
64000	-273.595	-212.151	-61.4437	18.6572
65000	-276.97	-205.869	-71.1013	13.8987
66000	-269.334	-210.982	-58.3523	19.8015
67000	-265.487	-204.922	-60.5647	18.427
68000	-267.024	-207.877	-59.1476	18.4415
69000	-271.009	-212.432	-58.5763	24.1549
70000	-268.08	-212.011	-56.0689	23.6591
71000	-273.797	-215.218	-58.5786	19.1012
72000	-271.835	-215.313	-56.522	20.2899
73000	-275.337	-213.655	-61.6819	19.7572
74000	-271.12	-210.348	-60.7714	18.1668
75000	-269.669	-212.24	-57.4293	24.455
76000	-269.185	-205.492	-63.6938	15.4404
77000	-266.299	-208.437	-57.8615	20.0145
78000	-264.521	-205.842	-58.6783	17.7646
79000	-272.811	-211.289	-61.5222	16.4411
80000	-264.56	-206.001	-58.5593	19.3833
81000	-274.316	-213.286	-61.0299	19.147
82000	-269.384	-209.633	-59.7504	16.8613
83000	-269.07	-209.625	-59.4454	17.7086
84000	-266.483	-206.391	-60.0924	16.87
85000	-269.222	-212.286	-56.9367	21.1263
86000	-267.458	-209.941	-57.5167	20.669
87000	-275.637	-209.25	-66.3873	14.1781
88000	-268.379	-207.196	-61.1838	16.422
89000	-282.899	-212.173	-70.7261	11.3012
90000	-268.326	-212.989	-55.3379	27.0468
91000	-275.327	-210.661	-64.6658	17.4952
92000	-266.781	-209.436	-57.3449	22.0667
93000	-270.433	-209.256	-61.1764	18.4834
94000	-273.712	-211.665	-62.0472	16.7062
95000	-268.841	-210.874	-57.9668	18.1209
96000	-275.21	-211.784	-63.4256	13.7441
97000	-279.193	-215.419	-63.7743	17.3248
98000	-269.146	-209.041	-60.1046	17.4454
99000	-272.074	-206.904	-65.17	15.1696
100000	-277.747	-212.752	-64.9956	17.7213
101000	-275.342	-214.326	-61.0161	20.4547
102000	-276.241	-217.352	-58.8894	21.6924
103000	-267.667	-206.346	-61.3206	15.1728
104000	-273.108	-215.447	-57.6601	18.0358
105000	-273.012	-215.078	-57.9336	21.3364
106000	-263.805	-206.872	-56.933	18.6163
107000	-267.5	-204.135	-63.3655	16.6654
108000	-269.073	-205.1	-63.9731	15.5147
109000	-270.956	-211.336	-59.6196	18.9572
110000	-271.286	-208.889	-62.3963	14.5316
111000	-278.569	-222.704	-55.8647	35.0888
112000	-274.578	-216.787	-57.7909	23.3521
113000	-272.347	-210.646	-61.7016	19.4294
114000	-264.165	-209.292	-54.8731	24.5335
115000	-281.113	-212.351	-68.7625	13.9769
116000	-269.727	-207.788	-61.939	16.7614
117000	-265.246	-208.571	-56.6754	22.4697
118000	-276.408	-213.952	-62.4561	18.6748
119000	-267.006	-204.731	-62.2747	15.8196
120000	-263.824	-207.919	-55.905	23.0188
121000	-271.168	-212.486	-58.6817	18.818
122000	-273.37	-214.478	-58.8919	19.9228
123000	-273.26	-213.039	-60.2208	19.1124
124000	-269.466	-211.605	-57.8604	20.8454
125000	-272.848	-205.594	-67.2543	15.518
126000	-268.243	-212.532	-55.7114	22.9741
127000	-265.169	-205.901	-59.2687	19.9266
128000	-268.616	-212.277	-56.3388	21.5439
129000	-274.881	-209.045	-65.8363	13.5138
130000	-269.917	-214.698	-55.2193	28.5844
131000	-273.493	-215.678	-57.8156	25.7691
132000	-267.917	-209.841	-58.0764	20.1559
133000	-271.467	-211.328	-60.1396	18.8484
134000	-276.536	-209.821	-66.7148	13.7732
135000	-275.049	-213.383	-61.6665	16.3317
136000	-273.149	-207.393	-65.7563	13.5853
137000	-276.656	-215.459	-61.1965	20.9742
138000	-275.871	-207.182	-68.6895	12.9441
139000	-266.361	-205.61	-60.7503	15.963
140000	-272.198	-216.369	-55.8283	23.0193
141000	-267.765	-204.739	-63.0269	17.455
142000	-269.017	-205.562	-63.4549	17.6719
143000	-278.789	-213.587	-65.2014	18.9992
144000	-271.265	-213.292	-57.9731	17.85
145000	-280.367	-219.569	-60.7977	18.0655
146000	-273.116	-213.892	-59.224	28.3045
147000	-269.517	-215.382	-54.1358	30.9026
148000	-269.073	-208.995	-60.0788	15.9747
149000	-274.575	-210.386	-64.1891	15.0877
150000	-271.873	-209.254	-62.6192	15.4968
151000	-270.376	-210.03	-60.3458	17.8085
152000	-277.04	-207.892	-69.1474	14.5686
153000	-273.661	-209.303	-64.358	14.2224
154000	-271.373	-212.171	-59.2021	19.8415
155000	-283.328	-217.122	-66.2067	13.4728
156000	-277.104	-212.602	-64.5023	18.0317
157000	-271.824	-205.371	-66.4529	12.7669
158000	-271.361	-203.889	-67.4726	14.8115
159000	-272.665	-207.917	-64.7475	15.0678
160000	-270.43	-209.891	-60.5393	18.821
161000	-274.149	-215.934	-58.2155	19.6534
162000	-271.737	-208.217	-63.5208	14.9729
163000	-265.967	-207.807	-58.16	18.8387
164000	-270.672	-208.974	-61.6984	18.8566
165000	-272.123	-209.82	-62.3032	16.7454
166000	-275.932	-215.147	-60.7846	21.9864
167000	-270.577	-213.25	-57.3264	21.7398
168000	-279.126	-213.997	-65.129	15.215
169000	-274.635	-211.71	-62.9253	15.0456
170000	-275.874	-208.859	-67.0153	12.8811
171000	-278.336	-206.525	-71.811	13.9207
172000	-268.157	-209.467	-58.6897	19.4452
173000	-274.48	-214.121	-60.3594	23.2666
174000	-270.753	-212.553	-58.201	22.2445
175000	-272.482	-210.973	-61.509	18.3293
176000	-276.597	-221.516	-55.0817	37.0166
177000	-267.85	-207.603	-60.2472	18.4467
178000	-270.943	-206.153	-64.7908	14.3958
179000	-275.046	-210.697	-64.3489	17.3447
180000	-267.783	-211.355	-56.4282	21.6127
181000	-271.901	-215.195	-56.7061	26.7871
182000	-273.741	-216.87	-56.8707	23.8401
183000	-271.197	-205.66	-65.5373	15.9215
184000	-270.655	-206.954	-63.7014	14.8262
185000	-272.629	-210.632	-61.9975	19.1356
186000	-270.297	-208.256	-62.0419	15.2461
187000	-275.841	-216.734	-59.1073	21.2348
188000	-272.201	-210.099	-62.1013	18.1856
189000	-274.235	-211.885	-62.3502	15.4804
190000	-268.163	-213.419	-54.7441	22.3605
191000	-270.037	-211.061	-58.9766	21.7582
192000	-264.741	-207.245	-57.4958	21.5626
193000	-272.871	-209.876	-62.9955	13.7396
194000	-273.836	-215.045	-58.7906	21.2792
195000	-269.406	-213.929	-55.4771	26.0172
196000	-274.646	-217.597	-57.0488	19.3164
197000	-273.082	-209.065	-64.0171	15.8899
198000	-269.152	-206.523	-62.6291	16.1651
199000	-269.467	-210.007	-59.4598	18.091
200000	-273.118	-205.362	-67.7556	13.2136
201000	-272.267	-215.774	-56.4926	20.0686
202000	-272.514	-213.018	-59.4959	18.9169
203000	-267.554	-212.292	-55.2619	26.3969
204000	-271.584	-213.809	-57.7753	19.0763
205000	-279.683	-212.979	-66.7037	16.4047
206000	-273.474	-209.668	-63.8062	14.9416
207000	-276.053	-217.853	-58.2	21.6726
208000	-266.533	-208.304	-58.2289	18.8546
209000	-281.965	-213.577	-68.388	14.9573
210000	-270.457	-205.766	-64.6914	16.5501
211000	-269.359	-210.694	-58.6656	18.8899
212000	-274.682	-210.126	-64.5562	15.3297
213000	-268.647	-208.489	-60.1579	17.5267
214000	-274.855	-206.844	-68.0103	14.4424
215000	-278.062	-220.002	-58.0595	22.7391
216000	-274.161	-216.753	-57.4074	18.9899
217000	-273.873	-210.88	-62.9938	18.5375
218000	-264.953	-208.97	-55.9827	22.7211
219000	-281.227	-211.941	-69.2862	14.505
220000	-273.228	-207.031	-66.1969	15.4661
221000	-273.296	-210.708	-62.5881	15.5089
222000	-271.929	-211.792	-60.1372	20.7425
223000	-268.364	-211.916	-56.4484	23.6789
224000	-272.757	-209.238	-63.5193	15.8237
225000	-277.101	-207.489	-69.612	13.9529
226000	-276.511	-210.232	-66.2791	13.8813
227000	-271.756	-211.098	-60.6579	22.9498
228000	-271.759	-210.511	-61.2477	19.7402
229000	-271.781	-212.661	-59.1198	20.8186
230000	-276.026	-213.382	-62.6441	17.4747
231000	-273.204	-208.671	-64.5325	14.9363
232000	-276.185	-217.277	-58.9072	18.8166
233000	-270.19	-211.892	-58.2986	19.3934
234000	-267.128	-209.923	-57.2049	22.6889
235000	-274.906	-214.46	-60.4458	19.0685
236000	-272.486	-215.958	-56.5282	24.3201
237000	-275.712	-216.945	-58.7663	16.7423
238000	-273.291	-211.588	-61.7029	19.0154
239000	-270.351	-209.342	-61.0094	18.0246
240000	-271.433	-216.521	-54.912	21.5302
241000	-269.011	-210.825	-58.1861	19.4858
242000	-271.267	-209.121	-62.1456	14.8654
243000	-266.789	-204.262	-62.5266	13.7461
244000	-273.887	-210.61	-63.2775	16.6661
245000	-264.369	-204.381	-59.9885	16.9809
246000	-269.494	-211.038	-58.4565	23.861
247000	-278.589	-212.388	-66.2018	15.97
248000	-276.259	-212.445	-63.8138	19.2554
249000	-271.713	-211.015	-60.6987	16.6222
250000	-269.759	-212.586	-57.1724	22.1963
251000	-272.482	-209.008	-63.474	14.1495
252000	-275.642	-210.767	-64.8742	15.5389
253000	-278.997	-218.796	-60.2013	23.4058
254000	-275.647	-217.859	-57.7873	21.0042
255000	-265.519	-207.963	-57.5552	18.954
256000	-276.467	-211.274	-65.1922	15.5741
257000	-281.113	-216.673	-64.4407	19.0745
258000	-271.578	-202.872	-68.7064	11.9361
259000	-268.589	-211.555	-57.0349	23.3017
260000	-277.237	-214.889	-62.3484	17.948
261000	-273.997	-215.216	-58.7809	16.8083
262000	-278.824	-208.309	-70.5141	11.7841
263000	-267.401	-209.542	-57.8589	24.7869
264000	-273.992	-206.529	-67.463	13.9102
265000	-270.86	-215.246	-55.614	18.1347
266000	-270.609	-211.34	-59.2688	18.2338
267000	-264.671	-209.585	-55.0861	22.875
268000	-273.066	-215.422	-57.6445	20.324
269000	-269.679	-211.821	-57.8588	21.4853
270000	-275.358	-213.518	-61.8398	16.6655
271000	-270.47	-206.2	-64.2706	15.1958
272000	-274.423	-206.437	-67.9863	14.4913
273000	-267.036	-212.135	-54.9007	25.5924
274000	-272.796	-211.34	-61.4564	20.832
275000	-272.264	-209.191	-63.0727	16.9335
276000	-274.099	-213.979	-60.12	14.9588
277000	-274.632	-207.439	-67.1934	13.3952
278000	-271.834	-210.978	-60.8553	19.475
279000	-267.027	-210.279	-56.7474	21.6863
280000	-281.655	-215.854	-65.8012	16.0589
281000	-270.477	-208.893	-61.5836	15.4845
282000	-276.262	-214.752	-61.5102	18.7977
283000	-273.114	-216.397	-56.7161	21.0271
284000	-274.565	-214.874	-59.6916	21.2407
285000	-270.37	-208.947	-61.4228	15.8022
286000	-273.562	-206.334	-67.2288	14.1373
287000	-274.111	-212.276	-61.8345	19.2875
288000	-267.098	-210.312	-56.7863	17.7127
289000	-269.719	-212.098	-57.6219	19.7004
290000	-275.803	-211.503	-64.2996	20.8267
291000	-274.394	-212.476	-61.9177	18.056
292000	-276.07	-218.564	-57.5061	23.7125
293000	-267.816	-204.793	-63.0222	15.1061
294000	-265.614	-205.527	-60.0865	19.6812
295000	-271.875	-214.277	-57.5984	20.4871
296000	-272.377	-207.673	-64.7043	16.9559
297000	-267.416	-208.675	-58.741	17.6233
298000	-272.572	-208.496	-64.0763	15.914
299000	-273.493	-209.803	-63.6899	16.1713
300000	-268.379	-213.944	-54.4347	23.7313
301000	-273.63	-210.13	-63.5004	17.2521
302000	-268.765	-206.618	-62.1469	15.664
303000	-268.115	-207.817	-60.2982	19.1963
304000	-270.53	-207.899	-62.6316	18.324
305000	-272.258	-213.988	-58.27	18.9632
306000	-269.728	-208.954	-60.7741	15.4471
307000	-268.86	-208.423	-60.4365	18.2529
308000	-265.599	-208.154	-57.4457	20.1388
309000	-267.816	-206.134	-61.6815	14.4973
310000	-279.82	-214.621	-65.1986	17.463
311000	-268.078	-209.206	-58.8711	20.9472
312000	-270.342	-212.499	-57.8429	16.6944
313000	-271.667	-209.514	-62.1526	17.0648
314000	-275.174	-210.692	-64.4817	12.4313
315000	-266.032	-209.113	-56.9183	21.6807
316000	-272.008	-207.151	-64.8572	13.318
317000	-273.706	-213.262	-60.4438	18.4268
318000	-269.907	-212.228	-57.6787	17.7037
319000	-268.412	-208.433	-59.9796	17.4656
320000	-276.048	-210.751	-65.2974	15.9253
321000	-268.596	-209.559	-59.0369	21.2193
322000	-271.932	-214.054	-57.8778	20.3989
323000	-270.705	-207.881	-62.8237	13.1329
324000	-273.837	-217.524	-56.3126	26.5951
325000	-267.424	-207.644	-59.7798	18.6548
326000	-271.223	-207.968	-63.2552	14.4791
327000	-270.565	-209.8	-60.7651	15.5349
328000	-268.851	-207.987	-60.8648	16.2038
329000	-279.622	-223.39	-56.2327	22.7609
330000	-270.075	-209.936	-60.139	13.9817
331000	-281.627	-217.419	-64.2087	15.1748
332000	-271.009	-210.503	-60.5053	18.9526
333000	-274.757	-210.009	-64.7481	15.4148
334000	-273.281	-212.547	-60.7343	17.1044
335000	-269.897	-209.666	-60.2311	19.4791
336000	-276.772	-213.629	-63.143	16.4189
337000	-266.827	-209.954	-56.8731	19.1673
338000	-274.214	-206.023	-68.1907	14.9178
339000	-279.048	-219.096	-59.9516	23.9345
340000	-269.486	-211.318	-58.1676	21.2788
341000	-270.712	-210.64	-60.0717	19.7472
342000	-271.059	-211.527	-59.5324	19.0157
343000	-271.322	-208.827	-62.4952	16.5761
344000	-281.157	-216.878	-64.2787	16.7294
345000	-270.367	-208.202	-62.1646	17.3695
346000	-269.904	-208.203	-61.701	19.7424
347000	-279.961	-219.15	-60.8119	18.9858
348000	-267.464	-205.323	-62.1414	17.1094
349000	-269.244	-211.239	-58.0055	19.7347
350000	-269.522	-208.177	-61.3447	16.684
351000	-274.511	-214.174	-60.3367	18.3652
352000	-266.436	-211.15	-55.2854	22.7113
353000	-271.682	-211.767	-59.9151	22.576
354000	-276.064	-213.82	-62.244	17.7934
355000	-270.948	-208.869	-62.0788	15.4073
356000	-271.56	-211.757	-59.8033	16.3967
357000	-271.477	-210.978	-60.4992	24.0423
358000	-270.233	-211.304	-58.9284	18.6197
359000	-266.594	-206.633	-59.9612	17.6254
360000	-274.812	-211.457	-63.3544	18.3729
361000	-266.247	-212.821	-53.4265	27.5606
362000	-266.781	-207.578	-59.2029	18.1999
363000	-271.867	-208.047	-63.82	14.9607
364000	-278.642	-209.772	-68.87	12.7771
365000	-267.635	-212.707	-54.9287	26.3957
366000	-274.49	-211.601	-62.889	17.9643
367000	-273.994	-208.201	-65.7927	15.8653
368000	-281.193	-212.425	-68.7681	13.0086
369000	-274.58	-215.126	-59.4531	18.7543
370000	-268.776	-208.033	-60.7422	16.1298
371000	-274.702	-206.941	-67.7617	14.5671
372000	-273.263	-210.486	-62.7765	14.6458
373000	-267.858	-209.548	-58.3098	22.8648
374000	-273.183	-210.644	-62.5389	16.0684
375000	-273.419	-214.197	-59.2217	18.9093
376000	-277.055	-212.741	-64.3143	18.5085
377000	-269.508	-208.468	-61.0397	15.3996
378000	-273.729	-218.684	-55.0451	24.2086
379000	-274.19	-212.499	-61.6905	13.0889
380000	-269.222	-208.713	-60.5096	19.137
381000	-274.165	-211.302	-62.8634	21.3939
382000	-266.177	-212.913	-53.2639	29.3319
383000	-272.433	-206.927	-65.506	15.6292
384000	-273.867	-208.418	-65.449	15.725
385000	-278.8	-212.435	-66.365	16.1409
386000	-272.086	-213.698	-58.3872	18.0778
387000	-275.634	-205.93	-69.704	12.4481
388000	-269.857	-208.723	-61.1335	18.5206
389000	-274.226	-215.412	-58.8146	21.7138
390000	-266.741	-210.053	-56.6871	19.9832
391000	-279.981	-218.483	-61.4975	24.5213
392000	-268.197	-214.606	-53.5916	27.5335
393000	-271.652	-211.424	-60.2283	17.7314
394000	-272.603	-216.762	-55.8404	26.637
395000	-268.404	-207.921	-60.4825	16.3184
396000	-275.583	-215.048	-60.5348	24.4127
397000	-278.241	-221.191	-57.0497	25.2035
398000	-271.34	-212.249	-59.0913	16.8128
399000	-272.247	-214.687	-57.5594	19.9561
400000	-272.716	-211.575	-61.141	16.0656
401000	-273.093	-209.502	-63.591	15.591
402000	-274.859	-214.489	-60.3697	17.3859
403000	-268.25	-208.386	-59.864	18.1405
404000	-267.863	-205.688	-62.1754	15.6761
405000	-282.788	-217.112	-65.6761	16.7554
406000	-277.819	-216.238	-61.5807	19.0584
407000	-271.484	-212.025	-59.459	19.1299
408000	-268.605	-207.652	-60.9531	15.7645
409000	-267.221	-206.691	-60.5293	17.4255
410000	-272.656	-211.551	-61.1054	17.6289
411000	-270.364	-210.452	-59.9123	19.9039
412000	-271.406	-207.553	-63.8527	16.1145
413000	-267.655	-213.22	-54.4351	22.6715
414000	-271.794	-209.385	-62.4081	17.9787
415000	-278.065	-216.703	-61.3623	19.2801
416000	-280.818	-212.386	-68.4323	13.5891
417000	-269.374	-206.121	-63.2522	13.2535
418000	-268.478	-206.368	-62.1098	16.6999
419000	-276.543	-208.696	-67.8465	14.9443
420000	-271.375	-210.403	-60.9715	17.7819
421000	-266.792	-208.204	-58.5878	16.6267
422000	-272.527	-208.757	-63.7699	16.5768
423000	-266.819	-205.788	-61.0309	17.4742
424000	-268.905	-211.783	-57.1213	21.171
425000	-270.06	-209.913	-60.1472	17.3169
426000	-271.427	-213.218	-58.209	19.9906
427000	-274.621	-212.627	-61.9932	19.3109
428000	-268.151	-205.551	-62.5999	15.4677
429000	-264.874	-202.665	-62.209	15.1413
430000	-272.572	-212.022	-60.5503	16.7554
431000	-274.799	-208.402	-66.3964	11.7221
432000	-268.844	-212.987	-55.8571	25.2046
433000	-277.375	-212.591	-64.7844	18.0901
434000	-267.279	-214.497	-52.7828	26.3261
435000	-269.787	-208.66	-61.1264	17.9042
436000	-270.996	-206.476	-64.5193	15.9926
437000	-270.132	-210.322	-59.8093	17.9586
438000	-265.224	-208.159	-57.0652	20.2882
439000	-274.448	-213.454	-60.9938	15.6961
440000	-266.239	-211.422	-54.8174	21.4243
441000	-270.704	-213.104	-57.5991	20.2419
442000	-264.779	-208.122	-56.6572	17.7738
443000	-275.956	-209.998	-65.9576	14.2819
444000	-267.101	-209.982	-57.1192	20.5861
445000	-271.595	-207.879	-63.7158	16.2731
446000	-273.689	-210.024	-63.6651	16.9569
447000	-269.754	-213.357	-56.3965	25.7822
448000	-271.451	-212.653	-58.7974	18.4031
449000	-274.738	-211.413	-63.3245	17.7473
450000	-267.467	-205.861	-61.6058	16.2731
451000	-275.309	-209.3	-66.0093	16.3408
452000	-264.02	-208.796	-55.2234	24.4808
453000	-269.993	-210.458	-59.5347	19.0011
454000	-274.974	-210.05	-64.9245	17.0483
455000	-266.693	-209.467	-57.2264	20.8106
456000	-269.042	-205.361	-63.6813	17.2683
457000	-278.882	-209.427	-69.4553	14.8732
458000	-269.794	-215.335	-54.4593	26.0098
459000	-269.048	-215.013	-54.0349	23.4682
460000	-274.885	-209.993	-64.8928	15.2409
461000	-280.263	-220.171	-60.0928	24.6338
462000	-268.342	-207.577	-60.7657	17.5458
463000	-270.585	-209.05	-61.5348	14.2941
464000	-277.883	-210.891	-66.9925	13.8664
465000	-275.394	-216.303	-59.091	20.5751
466000	-266.723	-209.447	-57.2765	20.956
467000	-273.047	-214.272	-58.7748	19.7983
468000	-274.573	-213.308	-61.2652	20.966
469000	-267.954	-209	-58.9537	16.6532
470000	-273.397	-215.891	-57.5064	19.7947
471000	-272.996	-212.632	-60.3644	18.6779
472000	-278.386	-210.571	-67.8143	12.7961
473000	-269.449	-209.583	-59.8659	15.7953
474000	-271.807	-208.937	-62.87	14.868
475000	-267.154	-211.464	-55.69	26.5501
476000	-271.152	-209.473	-61.6784	19.0726
477000	-272.859	-209.823	-63.0353	16.9035
478000	-277.418	-214.578	-62.8398	19.5161
479000	-273.018	-214.731	-58.2878	19.968
480000	-276.25	-213.002	-63.2484	19.1297
481000	-269.377	-209.614	-59.7634	15.4864
482000	-271.149	-212.775	-58.3744	22.7649
483000	-269.105	-207.352	-61.7525	14.782
484000	-267.291	-211.437	-55.8545	22.6704
485000	-270.923	-210.387	-60.5359	16.074
486000	-270.123	-211.108	-59.0142	19.4576
487000	-266.381	-210.622	-55.7588	23.5774
488000	-270.079	-213.247	-56.832	20.2375
489000	-270.777	-212.129	-58.6479	24.1425
490000	-275.795	-216.549	-59.2457	18.9316
491000	-278.648	-210.275	-68.3722	10.7104
492000	-267.137	-211.388	-55.749	24.7617
493000	-271.236	-204.499	-66.7378	13.6416
494000	-270.736	-210.856	-59.8804	18.42
495000	-275.383	-216.692	-58.6914	21.8572
496000	-273.762	-207.717	-66.0444	14.6722
497000	-268.368	-210.82	-57.5477	24.5099
498000	-269.505	-205.088	-64.4169	16.0519
499000	-269.083	-204.747	-64.3354	16.1171
500000	-285.999	-213.751	-72.2477	13.2301
