Iteration	Posterior	Likelihood	Prior	sigma
0	-315.922	-239.102	-76.8196	25.204
1000	-303.351	-226.333	-77.0179	17.2057
2000	-318.306	-247.312	-70.9932	28.383
3000	-305.636	-236.204	-69.4326	31.0135
4000	-305.93	-227.754	-78.176	13.6462
5000	-303.208	-230.916	-72.292	21.1245
6000	-300.403	-227.028	-73.3746	19.9048
7000	-302.253	-228.321	-73.9317	21.699
8000	-302.841	-227.781	-75.0601	19.7055
9000	-305.771	-228.405	-77.3659	20.1412
10000	-301.403	-231.648	-69.7554	26.2684
11000	-301.483	-233.157	-68.3254	27.2707
12000	-308.775	-234.096	-74.6789	21.4544
13000	-306.775	-230.181	-76.5938	19.4958
14000	-298.264	-227.578	-70.686	22.6121
15000	-308.859	-233.299	-75.5605	17.7211
16000	-300.626	-227.247	-73.3789	19.0129
17000	-302.963	-227.588	-75.3749	21.4166
18000	-308.995	-236.639	-72.3565	27.8062
19000	-306.921	-232.165	-74.7557	20.6135
20000	-302.126	-233.532	-68.594	27.2664
21000	-301.175	-226.891	-74.2841	18.914
22000	-300.31	-233.317	-66.9929	31.8489
23000	-300.36	-227.908	-72.4517	20.1502
24000	-301.803	-228.852	-72.9511	20.6909
25000	-312.727	-230.973	-81.7539	16.1876
26000	-304.345	-231.703	-72.6421	22.167
27000	-303.19	-230.319	-72.8712	20.8423
28000	-294.48	-226.497	-67.9831	24.7145
29000	-302.817	-228.058	-74.7591	21.5262
30000	-300.47	-225.623	-74.8477	18.3608
31000	-303.353	-237.51	-65.8429	31.5541
32000	-298.77	-227.032	-71.7376	20.639
33000	-301.301	-228.505	-72.7955	23.7755
34000	-300.436	-234.998	-65.4376	34.1918
35000	-297.31	-229.301	-68.0093	24.8165
36000	-297.303	-226.075	-71.2279	18.5684
37000	-308.636	-233.913	-74.7236	21.2473
38000	-304.928	-230.683	-74.2443	19.6441
39000	-303.419	-226.396	-77.0233	19.4999
40000	-299.286	-229.717	-69.5696	24.3278
41000	-299.979	-228.184	-71.7957	22.1002
42000	-296.738	-223.69	-73.0477	16.8923
43000	-304.985	-235.064	-69.9211	23.2264
44000	-302.668	-228.962	-73.7057	21.1016
45000	-309.276	-230.431	-78.8445	16.1538
46000	-304.855	-233.908	-70.9467	26.5041
47000	-297.519	-222.476	-75.0432	16.9149
48000	-293.988	-226.609	-67.3782	27.9778
49000	-299.544	-229.343	-70.2011	26.3894
50000	-303.127	-227.773	-75.3534	15.8207
51000	-299.614	-226.911	-72.703	21.3698
52000	-295.267	-224.725	-70.5418	23.7904
53000	-299.456	-229.961	-69.4946	24.1941
54000	-307.373	-230.162	-77.2114	19.1466
55000	-303.76	-226.146	-77.6135	17.5908
56000	-296.243	-231.673	-64.5701	34.3388
57000	-297.703	-227.483	-70.2193	24.7099
58000	-318.905	-246.491	-72.414	32.1206
59000	-299.028	-229.003	-70.0243	22.6894
60000	-299.002	-231.018	-67.9846	27.8694
61000	-296.983	-227.914	-69.0687	25.2743
62000	-312.528	-228.377	-84.1504	15.7138
63000	-299.714	-227.084	-72.6298	19.7609
64000	-296.977	-226.831	-70.1462	22.0137
65000	-303.18	-233.551	-69.6292	23.6871
66000	-304.322	-228.553	-75.7688	19.6517
67000	-301.282	-228	-73.2824	21.9522
68000	-298.839	-229.899	-68.9401	24.6773
69000	-306.885	-224.657	-82.2279	16.3535
70000	-304.984	-229.884	-75.0998	19.3776
71000	-298.011	-229.619	-68.3914	25.1603
72000	-300.296	-229.808	-70.4878	23.2819
73000	-300.804	-229.186	-71.6181	21.088
74000	-310.58	-225.245	-85.335	14.0608
75000	-311.676	-232.339	-79.3363	19.5219
76000	-300.774	-226.19	-74.584	20.2892
77000	-309.294	-224.039	-85.2549	13.7307
78000	-300.721	-231.839	-68.8814	29.5813
79000	-300.132	-229.868	-70.2637	24.5014
80000	-301.277	-230.677	-70.5995	25.3641
81000	-300.081	-229.303	-70.7783	22.588
82000	-305.704	-233.229	-72.4751	23.4348
83000	-298.85	-226.428	-72.4222	22.1144
84000	-299.303	-225.311	-73.9924	17.3468
85000	-297.027	-226.517	-70.5095	20.3081
86000	-303.279	-232.19	-71.0893	24.0775
87000	-299.742	-226.515	-73.2265	20.1409
88000	-309.872	-227.649	-82.2229	15.4774
89000	-298.352	-226.524	-71.8287	20.9067
90000	-301.321	-228.177	-73.1433	20.8241
91000	-303.896	-233.044	-70.8515	24.4584
92000	-304.579	-231.111	-73.4672	25.0323
93000	-306.716	-231.374	-75.3422	21.134
94000	-303.626	-230.27	-73.3558	19.319
95000	-302.116	-227.105	-75.0109	20.3893
96000	-308.732	-232.209	-76.5233	23.2496
97000	-305.294	-234.238	-71.0556	25.0516
98000	-297.415	-232.697	-64.7173	26.7821
99000	-303.569	-230.327	-73.2417	22.5416
100000	-304.089	-231.473	-72.6157	22.9695
101000	-304.571	-231.736	-72.8348	20.6588
102000	-306.128	-230.385	-75.743	22.0883
103000	-309.118	-234.454	-74.6643	20.6364
104000	-297.08	-232.425	-64.6549	30.2918
105000	-302.067	-225.876	-76.1908	17.9057
106000	-300.046	-225.606	-74.4396	21.4502
107000	-303.647	-239.522	-64.1247	38.6504
108000	-306.005	-233.284	-72.7207	23.651
109000	-301.015	-224.679	-76.3356	17.6704
110000	-301.961	-230.349	-71.6123	24.0153
111000	-314.043	-233.19	-80.8524	17.2066
112000	-300.658	-228.736	-71.9216	23.9701
113000	-300.266	-224.812	-75.4538	17.8107
114000	-308.61	-231.695	-76.9148	18.7421
115000	-303.603	-227.806	-75.797	17.7279
116000	-307.96	-236.357	-71.6038	22.8535
117000	-305.721	-228.403	-77.3175	20.7303
118000	-301.274	-226.868	-74.4061	21.909
119000	-302.676	-231.509	-71.1671	26.1432
120000	-306.853	-235.351	-71.5017	21.7004
121000	-300.806	-225.612	-75.1944	17.681
122000	-300.497	-229.408	-71.0886	21.5138
123000	-305.002	-229.268	-75.7339	21.5254
124000	-304.321	-234.579	-69.7419	28.472
125000	-297.001	-225.855	-71.1466	23.3906
126000	-302.298	-227.116	-75.182	18.288
127000	-305.613	-232.691	-72.9223	24.6215
128000	-303.189	-227.065	-76.1243	16.5891
129000	-306.403	-233.383	-73.0202	23.4188
130000	-298.507	-223.428	-75.0795	16.2491
131000	-307.73	-237.672	-70.0585	26.3275
132000	-301.959	-227.595	-74.3637	22.1111
133000	-301.464	-227.047	-74.4166	19.0178
134000	-302.637	-229.689	-72.9473	17.9148
135000	-300.148	-224.386	-75.7621	19.992
136000	-308.079	-235.991	-72.0875	18.9753
137000	-318.044	-245.095	-72.9488	28.6085
138000	-304.455	-236.065	-68.3898	28.9737
139000	-296.399	-232.599	-63.7994	31.5047
140000	-306.548	-231.916	-74.6315	23.617
141000	-299.869	-229.438	-70.4308	21.8372
142000	-294.095	-228.635	-65.4601	29.8191
143000	-301.299	-231.869	-69.4303	29.6323
144000	-319.191	-236.529	-82.6625	16.3722
145000	-304.025	-235.198	-68.8264	29.3444
146000	-305.881	-231.481	-74.3998	19.3775
147000	-305.242	-231.238	-74.0033	18.2946
148000	-301.591	-229.002	-72.5893	23.7788
149000	-310.358	-236.333	-74.0257	19.7737
150000	-305.131	-230.036	-75.0945	22.7807
151000	-305.614	-233.043	-72.5709	25.3108
152000	-306.198	-233.081	-73.1173	19.7921
153000	-308.035	-237.616	-70.4185	24.8058
154000	-303.019	-234.218	-68.8008	26.4364
155000	-309.332	-234.698	-74.6332	20.3258
156000	-304.067	-228.906	-75.1604	22.7857
157000	-298.792	-229.628	-69.1631	23.8489
158000	-309.23	-228.695	-80.5343	17.223
159000	-303.036	-230.295	-72.7416	23.0884
160000	-300.973	-226.192	-74.7807	19.5595
161000	-303.435	-232.242	-71.1929	23.7469
162000	-300.259	-230.511	-69.7475	26.6143
163000	-307.855	-231.748	-76.1069	19.7794
164000	-303.455	-234.239	-69.2158	26.613
165000	-305.554	-236.165	-69.3893	30.689
166000	-319.102	-234.98	-84.1225	17.7491
167000	-309.01	-234.382	-74.6285	23.6721
168000	-304.386	-231.047	-73.3387	22.7179
169000	-303.293	-224.246	-79.0472	16.1174
170000	-307.079	-232.309	-74.7696	20.8189
171000	-302.458	-228.659	-73.7988	20.2582
172000	-310.843	-228.119	-82.7243	16.1087
173000	-297.699	-228.115	-69.584	22.8777
174000	-304.1	-236.007	-68.0922	27.1641
175000	-306.032	-225.886	-80.146	14.7345
176000	-298.877	-226.376	-72.5012	18.3608
177000	-307.715	-235.126	-72.5892	23.2101
178000	-304.754	-228.205	-76.5494	18.01
179000	-303.678	-230.951	-72.7271	25.8857
180000	-302.219	-233.705	-68.5145	29.2646
181000	-301.591	-232.051	-69.5404	27.1096
182000	-298.44	-229.666	-68.7742	25.4674
183000	-302.84	-229.123	-73.7169	21.4636
184000	-305.057	-228.6	-76.4564	17.6275
185000	-305.843	-231.822	-74.0214	21.1925
186000	-305.692	-232.85	-72.8422	16.8216
187000	-299.788	-228.914	-70.8737	24.2244
188000	-301.738	-225.216	-76.5214	18.3242
189000	-301.014	-232.671	-68.343	31.2974
190000	-305.412	-232.469	-72.943	23.8101
191000	-299.183	-227.912	-71.2709	21.7349
192000	-306.355	-236.712	-69.6435	25.9364
193000	-307.346	-235.096	-72.2506	23.1712
194000	-295.294	-226.751	-68.5431	25.0395
195000	-304.702	-226.449	-78.2531	17.1471
196000	-302.599	-231.925	-70.6739	24.4398
197000	-305.506	-227.755	-77.7505	16.4955
198000	-299.343	-230.985	-68.3577	25.6443
199000	-309.463	-235.386	-74.0773	25.7099
200000	-301.592	-230.538	-71.0548	24.1966
201000	-303.152	-230.702	-72.4504	21.4156
202000	-296.207	-224.515	-71.6912	19.9439
203000	-306.826	-229.989	-76.8365	21.3438
204000	-308.721	-237.883	-70.8383	30.1076
205000	-306.56	-234.027	-72.5321	23.4563
206000	-297.301	-228.366	-68.9347	21.6852
207000	-308.812	-232.185	-76.6268	21.0997
208000	-305.037	-230.083	-74.9535	21.6131
209000	-299.466	-233.441	-66.0253	26.3868
210000	-311.907	-235.992	-75.9152	22.6032
211000	-300.719	-232.201	-68.518	24.7798
212000	-311.478	-232.201	-79.2774	19.8917
213000	-302.43	-229.141	-73.2897	21.7257
214000	-303.989	-231.516	-72.4731	27.4129
215000	-301.033	-229.669	-71.3646	23.1409
216000	-301.167	-231.516	-69.6509	23.5416
217000	-307.457	-233.171	-74.2864	25.1024
218000	-303.11	-232.637	-70.4728	24.325
219000	-295.479	-230.092	-65.3871	29.1924
220000	-300.77	-225.061	-75.7092	19.3514
221000	-303.615	-237.727	-65.8881	34.9245
222000	-300.451	-226.34	-74.1105	20.4875
223000	-304.074	-234.328	-69.7458	26.8537
224000	-307.902	-240.062	-67.8402	25.8781
225000	-296.016	-227.386	-68.6309	24.7095
226000	-302.96	-234.28	-68.6803	24.3687
227000	-301.363	-231.729	-69.634	22.5026
228000	-303.023	-228.415	-74.6076	18.1886
229000	-297.523	-231.104	-66.4194	28.3388
230000	-312.465	-228.167	-84.2983	13.2201
231000	-299.012	-229.248	-69.7641	28.2985
232000	-308.711	-232.134	-76.5771	19.1436
233000	-302.873	-230.646	-72.2265	22.1199
234000	-306.796	-232.772	-74.0242	19.8493
235000	-310.468	-237.134	-73.3345	25.5234
236000	-302.694	-225.107	-77.5872	17.3392
237000	-296.569	-227.794	-68.7745	27.3537
238000	-302.84	-233.101	-69.7391	28.2894
239000	-296.978	-228.998	-67.9798	24.3037
240000	-302.309	-232.136	-70.1728	20.019
241000	-303.556	-227.019	-76.5364	17.3961
242000	-305.986	-229.507	-76.479	19.0522
243000	-301.107	-234.075	-67.032	28.6421
244000	-303.813	-222.781	-81.0321	15.2011
245000	-304.793	-232.665	-72.1275	19.8559
246000	-299.946	-231.388	-68.558	26.5827
247000	-313.926	-234.367	-79.5599	22.7857
248000	-298.486	-224.851	-73.6352	18.3757
249000	-306.953	-237.683	-69.2705	29.4241
250000	-307.246	-235.793	-71.4528	21.561
251000	-307.032	-227.381	-79.6504	18.6095
252000	-304.04	-234.302	-69.7381	30.8242
253000	-298.421	-224.571	-73.8498	17.9649
254000	-316.234	-237.321	-78.913	20.1538
255000	-306.661	-230.555	-76.1054	16.5793
256000	-303.111	-232.826	-70.2853	26.1328
257000	-301.895	-228.866	-73.0291	18.4035
258000	-303.389	-231.919	-71.4694	23.1949
259000	-311.406	-233.625	-77.7806	21.3505
260000	-301.673	-226.007	-75.6667	19.1207
261000	-306.063	-227.252	-78.8106	18.0865
262000	-305.362	-228.492	-76.8694	18.0915
263000	-301.013	-228.36	-72.6522	20.0941
264000	-298.521	-227.237	-71.2837	24.0134
265000	-301.216	-230.755	-70.4618	18.6438
266000	-303.342	-229.392	-73.9507	22.1088
267000	-312.335	-235.733	-76.6014	24.2601
268000	-301.838	-232.542	-69.2958	19.8308
269000	-307.117	-236.578	-70.5389	28.0078
270000	-307.997	-229.332	-78.6656	17.614
271000	-307.554	-229.242	-78.3124	15.927
272000	-306.363	-229.191	-77.1715	18.1541
273000	-308.07	-227.358	-80.7126	17.1919
274000	-302.624	-227.737	-74.8867	19.845
275000	-309.981	-238.591	-71.3903	28.3121
276000	-301.769	-226.385	-75.3839	16.572
277000	-305.87	-236.528	-69.3419	26.7162
278000	-306.61	-232.211	-74.3989	21.2459
279000	-307.885	-237.262	-70.6236	28.4919
280000	-309.252	-238.88	-70.3713	22.8418
281000	-309.983	-228.222	-81.761	16.8556
282000	-301.427	-227.526	-73.9011	19.3609
283000	-311.706	-235.468	-76.2386	20.8849
284000	-303.962	-233.594	-70.3682	24.1784
285000	-305.897	-234.62	-71.2769	27.4352
286000	-309.684	-228.689	-80.9956	16.2067
287000	-305.034	-233.678	-71.3554	22.9261
288000	-306.211	-228.974	-77.237	20.2969
289000	-301.402	-225.21	-76.1927	18.6968
290000	-302.295	-237.96	-64.3356	38.0566
291000	-303.865	-229.454	-74.4113	22.6997
292000	-303.532	-230.659	-72.8733	25.6347
293000	-298.077	-229.355	-68.7221	25.5486
294000	-299.187	-229.667	-69.5195	24.3489
295000	-301.065	-230.263	-70.8026	25.1732
296000	-306.805	-238.067	-68.7381	29.1239
297000	-309.096	-232.159	-76.9369	20.6441
298000	-310.653	-231.864	-78.7896	22.6025
299000	-295.863	-229.833	-66.0299	31.0582
300000	-302.593	-229.412	-73.1815	21.751
301000	-314.382	-238.018	-76.3638	24.8415
302000	-298.946	-229.351	-69.5949	22.9452
303000	-298.959	-226.425	-72.5338	22.2853
304000	-300.71	-232.424	-68.286	27.6571
305000	-297.814	-226.612	-71.2025	21.7068
306000	-297.265	-227.998	-69.2666	24.3522
307000	-311.76	-240.465	-71.2949	28.2694
308000	-302.552	-229.807	-72.7451	21.7592
309000	-321.137	-246.193	-74.9438	29.4385
310000	-300.76	-233.24	-67.5199	27.8337
311000	-306.257	-228.363	-77.8949	20.2743
312000	-312.846	-240.978	-71.8684	27.2337
313000	-298.413	-226.801	-71.6121	21.2347
314000	-301.565	-229.221	-72.3442	24.4608
315000	-306.69	-230.889	-75.8006	20.508
316000	-310.548	-238.768	-71.7796	28.6399
317000	-313.362	-234.936	-78.4256	19.6169
318000	-299.834	-228.976	-70.8571	21.9318
319000	-299.319	-224.231	-75.0877	19.3937
320000	-302.307	-232.261	-70.0469	25.239
321000	-302.409	-228.089	-74.3202	17.9552
322000	-302.836	-229.213	-73.6233	19.2475
323000	-312.05	-236.883	-75.1665	23.1572
324000	-300.553	-228.944	-71.6083	22.8707
325000	-298.903	-229.37	-69.5332	21.2811
326000	-305.617	-232.293	-73.3242	22.8283
327000	-298.19	-228.158	-70.0319	24.3956
328000	-300.137	-229.813	-70.3241	25.2105
329000	-306.872	-227.382	-79.4906	15.368
330000	-300.63	-229.465	-71.1655	23.1538
331000	-310.09	-233.973	-76.1177	22.0251
332000	-297.41	-232.476	-64.9336	31.755
333000	-306.104	-238.23	-67.8733	34.1147
334000	-294.124	-225.948	-68.1759	23.9406
335000	-294.677	-229.367	-65.3095	28.0918
336000	-301.695	-225.311	-76.3842	18.2553
337000	-305.183	-231.119	-74.0634	23.2099
338000	-299.722	-229.6	-70.1218	21.0356
339000	-302.351	-231.352	-70.9987	23.5376
340000	-303.106	-234.874	-68.232	21.9453
341000	-297.227	-227.074	-70.1529	19.355
342000	-297.119	-227.57	-69.549	24.7368
343000	-302.128	-235.332	-66.796	30.0136
344000	-301.088	-232.408	-68.6805	21.7569
345000	-308.657	-231.842	-76.8143	22.8257
346000	-304.077	-230.703	-73.3738	21.3541
347000	-297.154	-225.869	-71.2854	23.7503
348000	-306.397	-229.827	-76.5698	19.7956
349000	-306.753	-231.954	-74.7994	20.5436
350000	-302.364	-230.543	-71.8215	20.7367
351000	-304.504	-231.944	-72.5595	23.1269
352000	-306.403	-239.851	-66.5518	34.7836
353000	-300.393	-226.082	-74.3115	19.0872
354000	-302.194	-230.05	-72.1446	22.387
355000	-304.474	-226.336	-78.1377	17.1384
356000	-305.916	-230.286	-75.6308	19.0048
357000	-301.847	-230.126	-71.7212	20.0568
358000	-299.768	-230.178	-69.5892	23.7766
359000	-295.777	-229.389	-66.3879	32.1016
360000	-306.696	-223.921	-82.7744	12.9111
361000	-305.582	-235.615	-69.9676	28.9725
362000	-298.576	-226.389	-72.1873	21.2818
363000	-297.712	-227.669	-70.0431	21.3509
364000	-304.343	-227.709	-76.6347	20.1625
365000	-294.945	-224.659	-70.2857	21.9517
366000	-300.368	-227.264	-73.1036	21.683
367000	-308.845	-234.298	-74.5468	20.0601
368000	-303.373	-231.305	-72.0688	23.5407
369000	-298.95	-226.008	-72.943	22.2537
370000	-296.756	-225.039	-71.7171	18.7188
371000	-297.562	-225.351	-72.2111	22.537
372000	-299.891	-228.961	-70.9294	24.1027
373000	-307.011	-238.496	-68.5148	33.694
374000	-305.437	-235.587	-69.8503	27.9941
375000	-300.651	-225.943	-74.7077	19.2
376000	-300.446	-233.701	-66.7457	30.6263
377000	-296.561	-230.302	-66.2593	28.4784
378000	-310.625	-239.231	-71.3937	27.5206
379000	-304.4	-232.585	-71.815	28.2875
380000	-301.261	-227.892	-73.3691	19.0986
381000	-301.724	-229.798	-71.9266	21.5703
382000	-306.194	-226.109	-80.0844	18.0016
383000	-308.65	-234.261	-74.3886	24.4148
384000	-307.308	-231.756	-75.5515	18.7278
385000	-299.686	-231.538	-68.1476	26.9103
386000	-303.904	-226.363	-77.5405	18.5504
387000	-306.165	-230.5	-75.6659	19.9681
388000	-309.027	-229.173	-79.8531	19.8129
389000	-305.656	-236.944	-68.7129	26.0061
390000	-301.272	-229.873	-71.3989	22.085
391000	-307.657	-233.581	-74.0763	23.3965
392000	-306.978	-233.361	-73.617	25.6124
393000	-310.436	-233.689	-76.7472	22.8083
394000	-303.774	-228.646	-75.1278	21.6556
395000	-300.489	-236.103	-64.3858	33.6233
396000	-302.84	-230.948	-71.8917	18.5294
397000	-308.756	-238.946	-69.8099	31.2468
398000	-302.466	-224.826	-77.6406	17.8649
399000	-296.513	-229.34	-67.1731	30.7576
400000	-299.791	-226.109	-73.6823	20.2069
401000	-304.511	-234.489	-70.0218	28.2159
402000	-314.823	-238.077	-76.7459	24.1692
403000	-295.978	-230.776	-65.2022	33.7059
404000	-302.613	-229.913	-72.7001	21.4331
405000	-302.899	-223.427	-79.472	16.5615
406000	-305.523	-229.909	-75.6138	22.3369
407000	-302.811	-227.06	-75.7517	19.0534
408000	-304.717	-232.399	-72.3179	19.9392
409000	-303.009	-224.051	-78.9582	15.5042
410000	-304.895	-225.649	-79.2469	17.9569
411000	-295.145	-227.506	-67.6395	25.589
412000	-298.882	-224.524	-74.3583	20.2093
413000	-305.655	-229.357	-76.2977	22.042
414000	-304.308	-229.172	-75.136	22.6914
415000	-302.768	-231.423	-71.3446	21.6109
416000	-305.705	-226.221	-79.4839	15.99
417000	-300.475	-229.253	-71.2213	21.3772
418000	-306.223	-232.105	-74.1182	22.821
419000	-295.499	-223.744	-71.7557	21.9234
420000	-298.661	-228.485	-70.1761	24.2243
421000	-316.055	-233.899	-82.156	18.0487
422000	-305.216	-230.814	-74.4028	20.1428
423000	-303.216	-229.131	-74.0846	20.2635
424000	-301.108	-225.376	-75.7322	18.7281
425000	-305.238	-227.509	-77.7286	19.4275
426000	-304.159	-227.064	-77.0954	19.8058
427000	-313.209	-241.615	-71.5942	25.8012
428000	-299.46	-229.323	-70.1372	26.0117
429000	-304.663	-233.394	-71.2696	22.6417
430000	-299.479	-229.747	-69.7325	22.5959
431000	-295.448	-226.303	-69.1446	25.0814
432000	-304.793	-230.154	-74.6397	23.2013
433000	-308.833	-231.781	-77.0528	19.239
434000	-306.201	-233.645	-72.5558	25.7239
435000	-309.283	-235.518	-73.7651	24.4466
436000	-299.163	-225.012	-74.151	19.4427
437000	-297.956	-230.654	-67.3021	29.1039
438000	-304.896	-227.327	-77.5687	17.4608
439000	-303.322	-223.461	-79.8611	14.4396
440000	-298.977	-233.6	-65.3768	33.2061
441000	-302.779	-227.528	-75.2514	19.1648
442000	-307.323	-234.756	-72.5662	22.8066
443000	-298.996	-227.035	-71.9607	21.7377
444000	-300.386	-228.54	-71.846	20.206
445000	-299.705	-229.366	-70.3388	23.8742
446000	-303.029	-231.816	-71.2132	21.1188
447000	-300.236	-225.983	-74.2534	18.9345
448000	-298.701	-225.914	-72.7877	22.4536
449000	-301.121	-227.96	-73.1613	18.7064
450000	-303.647	-234.253	-69.3944	26.1027
451000	-307.883	-233.112	-74.7705	23.3812
452000	-301.998	-230.01	-71.988	24.4614
453000	-309.008	-231.644	-77.3638	18.5352
454000	-300.332	-224.737	-75.5956	17.1738
455000	-296.681	-232.133	-64.548	30.3104
456000	-298.009	-228.268	-69.7413	26.3675
457000	-307.944	-231.101	-76.8433	20.0639
458000	-300.21	-227.015	-73.1949	21.6247
459000	-311.785	-234.419	-77.3665	20.7876
460000	-310.063	-230.948	-79.1154	18.111
461000	-312.354	-239.206	-73.1483	18.3194
462000	-305.41	-237.062	-68.3482	33.2797
463000	-301.821	-228.074	-73.7477	22.6712
464000	-301.952	-230.231	-71.7213	21.5956
465000	-300.531	-226.89	-73.6406	20.9059
466000	-303.341	-226.8	-76.5407	16.9587
467000	-303.449	-235.457	-67.9917	30.79
468000	-304.598	-230.522	-74.0752	23.795
469000	-301.941	-227.58	-74.3618	22.6058
470000	-302.032	-231.668	-70.3635	25.2531
471000	-297.287	-227.408	-69.879	22.444
472000	-301.992	-235.888	-66.1039	30.0183
473000	-312.481	-240.207	-72.2739	28.6504
474000	-305.591	-227.618	-77.9727	18.3617
475000	-303.157	-230.738	-72.4188	24.4107
476000	-296.519	-222.994	-73.5249	21.4997
477000	-301.388	-229.367	-72.0203	21.7423
478000	-304.14	-230.044	-74.0958	22.9321
479000	-302.082	-226.441	-75.6412	17.76
480000	-305.405	-232.536	-72.8687	25.0156
481000	-309.305	-232.683	-76.6218	22.5683
482000	-298.687	-229.107	-69.5797	26.4643
483000	-301.423	-227.559	-73.8636	19.8373
484000	-297.787	-223.905	-73.8818	18.4344
485000	-309.189	-240.599	-68.5893	31.0298
486000	-300.291	-230.776	-69.5158	26.6651
487000	-302.795	-234.174	-68.6212	29.378
488000	-302.641	-228.427	-74.213	19.7542
489000	-307.821	-228.97	-78.8509	19.9161
490000	-306.656	-228.2	-78.4561	20.4071
491000	-303.508	-226.174	-77.3345	18.474
492000	-306.568	-228.746	-77.8215	19.5746
493000	-305.57	-231.84	-73.7299	23.3673
494000	-305.608	-233.348	-72.2606	23.8572
495000	-305.759	-225.917	-79.8411	15.6843
496000	-304.847	-227.958	-76.8888	19.2208
497000	-302.432	-220.578	-81.8539	14.198
498000	-301.238	-233.291	-67.9468	27.2541
499000	-315.179	-240.525	-74.6539	25.8523
500000	-302.963	-229.853	-73.11	22.2694
