Iteration	Posterior	Likelihood	Prior	sigma
0	-1034.85	-211.451	-823.396	43.7898
1000	-1032.46	-215.193	-817.262	57.4179
2000	-1035.93	-220.727	-815.2	73.9696
3000	-1029.61	-209.966	-819.645	56.0243
4000	-1030.69	-213.028	-817.665	62.1064
5000	-1031.53	-206.099	-825.434	43.0292
6000	-1037.11	-224.969	-812.136	84.7083
7000	-1032.36	-210.758	-821.6	45.6612
8000	-1038.76	-208.926	-829.829	39.1985
9000	-1031.48	-212.734	-818.746	55.5376
10000	-1036.48	-217.73	-818.75	69.185
11000	-1035.12	-221.352	-813.769	71.1396
12000	-1033.39	-211.085	-822.305	45.0461
13000	-1027.9	-215.003	-812.902	67.2023
14000	-1034.16	-215.076	-819.084	50.2821
15000	-1038.54	-217.816	-820.725	56.5371
16000	-1033.98	-219.715	-814.262	60.0146
17000	-1035.76	-216.974	-818.782	60.7455
18000	-1036.79	-214.763	-822.028	53.8689
19000	-1031.34	-212.896	-818.442	54.1311
20000	-1035.27	-211.373	-823.895	38.5461
21000	-1031.58	-214.268	-817.315	61.7041
22000	-1034.37	-214.819	-819.546	60.7248
23000	-1032.72	-213.461	-819.256	54.6165
24000	-1044.45	-214.612	-829.834	41.654
25000	-1036.57	-215.194	-821.376	58.6407
26000	-1042.47	-229.251	-813.22	75.2062
27000	-1024.16	-210.753	-813.402	68.2773
28000	-1038.51	-211.95	-826.559	38.0929
29000	-1030.96	-214.426	-816.536	64.2471
30000	-1033.05	-212.326	-820.728	46.763
31000	-1031.51	-208.92	-822.591	54.1619
32000	-1037.76	-218.016	-819.745	61.1421
33000	-1028.22	-213.916	-814.302	77.4127
34000	-1038.95	-219.037	-819.914	46.3998
35000	-1034.56	-214.657	-819.903	47.8869
36000	-1029.54	-212.78	-816.762	62.3278
37000	-1036.3	-214.347	-821.953	48.8577
38000	-1028.62	-213.881	-814.737	58.5618
39000	-1034.79	-216.829	-817.958	57.4717
40000	-1035.26	-212.144	-823.112	43.3033
41000	-1035.02	-206.296	-828.728	35.3892
42000	-1028.81	-210.364	-818.447	52.748
43000	-1033.36	-210.921	-822.439	44.2036
44000	-1036.48	-211.521	-824.957	41.2838
45000	-1035.07	-209.708	-825.359	44.8892
46000	-1032.08	-217.645	-814.437	61.4612
47000	-1027.74	-212.726	-815.013	60.3793
48000	-1034.91	-210.019	-824.892	41.2194
49000	-1030.89	-211.289	-819.598	49.3947
50000	-1031.25	-212.426	-818.825	57.781
51000	-1031.09	-210.324	-820.764	51.7327
52000	-1029.22	-210.055	-819.164	51.1048
53000	-1033.76	-211.518	-822.238	44.9233
54000	-1032.79	-212.258	-820.536	49.0275
55000	-1035.99	-214.738	-821.251	54.5833
56000	-1036.72	-213.089	-823.632	49.4676
57000	-1031.83	-214.778	-817.048	62.169
58000	-1035.05	-210.052	-824.997	52.097
59000	-1039.58	-213.345	-826.233	50.9872
60000	-1035.48	-215.428	-820.054	56.5557
61000	-1030.91	-213.391	-817.524	62.0053
62000	-1031.06	-211.176	-819.881	43.657
63000	-1030.51	-213.162	-817.343	57.4374
64000	-1035.07	-210.466	-824.608	40.2607
65000	-1030.03	-210.657	-819.375	50.8398
66000	-1027.71	-209.517	-818.195	56.3005
67000	-1032.27	-216.321	-815.954	69.3503
68000	-1030.48	-213.072	-817.407	46.9852
69000	-1033.41	-216.172	-817.241	57.5989
70000	-1035.09	-211.064	-824.027	49.479
71000	-1036.65	-216.588	-820.063	61.027
72000	-1033.01	-210	-823.009	44.2558
73000	-1036.56	-217.696	-818.864	58.3713
74000	-1040.91	-215.1	-825.809	50.1034
75000	-1039.47	-217.007	-822.464	52.9518
76000	-1041.22	-215.294	-825.928	56.4271
77000	-1036.37	-212.144	-824.227	43.6107
78000	-1034.57	-212.16	-822.409	47.2761
79000	-1040.48	-223.792	-816.685	68.8513
80000	-1038.02	-214.321	-823.694	46.9187
81000	-1036.15	-222.069	-814.079	81.3422
82000	-1033.94	-215.124	-818.815	60.9581
83000	-1031.67	-212.354	-819.321	54.2941
84000	-1028.15	-211.086	-817.064	60.4182
85000	-1030.17	-215.599	-814.568	61.8157
86000	-1038.09	-211.441	-826.645	45.2594
87000	-1039.48	-214.695	-824.788	46.9457
88000	-1034.64	-219.651	-814.988	63.0545
89000	-1029.29	-213.497	-815.791	69.4673
90000	-1031.08	-212.926	-818.153	57.9184
91000	-1031.52	-216.399	-815.121	81.0836
92000	-1030.69	-215.121	-815.567	76.0829
93000	-1029.57	-207.034	-822.539	42.7859
94000	-1030.68	-212.428	-818.254	51.671
95000	-1030.89	-216.839	-814.051	77.1368
96000	-1032.44	-206.603	-825.838	39.9905
97000	-1031.94	-214.584	-817.359	62.614
98000	-1032.45	-217.732	-814.715	82.2738
99000	-1031.87	-212.779	-819.086	53.1318
100000	-1030.05	-213.975	-816.079	49.8284
101000	-1040.26	-216.628	-823.637	56.8521
102000	-1038.93	-209.626	-829.305	33.6155
103000	-1040.84	-210.765	-830.071	34.8407
104000	-1032.43	-208.391	-824.04	42.3066
105000	-1025.09	-209.14	-815.947	53.1068
106000	-1031.09	-214.353	-816.737	54.651
107000	-1026.93	-209.97	-816.963	55.1479
108000	-1030.66	-216.44	-814.223	79.4051
109000	-1033.81	-205.895	-827.913	42.2802
110000	-1042.2	-205.121	-837.083	35.261
111000	-1034.61	-218.324	-816.285	67.2001
112000	-1025.46	-212.347	-813.114	72.3325
113000	-1029.09	-210.595	-818.496	63.3216
114000	-1033.94	-210.207	-823.733	40.1561
115000	-1027.07	-212.584	-814.482	59.4595
116000	-1024.52	-209.547	-814.975	58.4861
117000	-1035.48	-215.787	-819.694	44.4096
118000	-1038.08	-220.353	-817.722	64.8017
119000	-1032.82	-212.41	-820.409	53.748
120000	-1031.66	-209.482	-822.174	44.9924
121000	-1028.97	-209.406	-819.563	56.2577
122000	-1025.53	-209.23	-816.297	53.0273
123000	-1029.99	-211.128	-818.866	52.3454
124000	-1028.45	-212.195	-816.254	56.1714
125000	-1033.47	-212.52	-820.954	50.0201
126000	-1035.82	-217.779	-818.043	70.7143
127000	-1028	-211.722	-816.274	59.4683
128000	-1032.04	-210.206	-821.834	47.4148
129000	-1032.64	-215.785	-816.858	68.8222
130000	-1030.49	-209.83	-820.663	53.7484
131000	-1032.73	-207.769	-824.96	40.2844
132000	-1032.21	-216.14	-816.072	64.4631
133000	-1034.73	-215.376	-819.352	60.2796
134000	-1035.23	-210.308	-824.922	40.8682
135000	-1033.59	-214.24	-819.347	60.3074
136000	-1035.32	-211.465	-823.852	48.8881
137000	-1033.18	-211.582	-821.602	54.157
138000	-1031.37	-208.011	-823.362	40.1231
139000	-1032.67	-211.488	-821.183	47.7551
140000	-1036.09	-215.631	-820.454	54.6546
141000	-1037.87	-218.044	-819.828	57.5438
142000	-1039.59	-216.909	-822.681	59.6156
143000	-1037.83	-210.706	-827.126	38.4794
144000	-1030.86	-209.072	-821.787	48.9555
145000	-1036.24	-214.473	-821.771	49.012
146000	-1042.53	-219.725	-822.809	51.7416
147000	-1032.27	-212.832	-819.435	55.9368
148000	-1029.39	-208.465	-820.929	48.8024
149000	-1040.81	-217.498	-823.311	49.349
150000	-1038.98	-215.138	-823.84	49.4442
151000	-1034.58	-212.552	-822.024	49.484
152000	-1037.81	-210.16	-827.653	42.5172
153000	-1029.92	-212.194	-817.728	53.4576
154000	-1028.77	-211.287	-817.486	60.9282
155000	-1037.26	-219.065	-818.198	67.3412
156000	-1037.42	-214.647	-822.774	44.5832
157000	-1029.43	-216.513	-812.913	78.1772
158000	-1031.96	-213.867	-818.091	53.7739
159000	-1028.74	-211.51	-817.234	59.0786
160000	-1032.55	-211.639	-820.911	55.4087
161000	-1033.1	-213.616	-819.479	44.5234
162000	-1034.4	-220.802	-813.594	76.507
163000	-1030.99	-214.217	-816.778	50.3921
164000	-1030.91	-213.262	-817.653	54.781
165000	-1028.2	-217.167	-811.033	88.8453
166000	-1035.76	-218.684	-817.071	60.0365
167000	-1033.7	-211.477	-822.219	52.0675
168000	-1036.01	-215.744	-820.262	56.3432
169000	-1026.96	-210.713	-816.249	53.5516
170000	-1037.13	-208.101	-829.031	39.7354
171000	-1034.98	-217.77	-817.213	73.8933
172000	-1032.75	-212.286	-820.465	57.462
173000	-1027.52	-209.818	-817.698	50.4595
174000	-1032.7	-217.819	-814.877	59.6039
175000	-1038.91	-221.539	-817.366	66.757
176000	-1034.94	-215.647	-819.292	47.8378
177000	-1027.72	-209.292	-818.431	47.5235
178000	-1032.23	-212.577	-819.651	56.9905
179000	-1037.46	-218.741	-818.719	58.8455
180000	-1038.29	-216.969	-821.325	57.9919
181000	-1031.08	-209.937	-821.146	44.7121
182000	-1032.49	-213.533	-818.958	52.2085
183000	-1031.84	-213.515	-818.323	48.2229
184000	-1027.74	-212.911	-814.826	53.811
185000	-1031.37	-218.15	-813.225	87.9929
186000	-1034.43	-212.087	-822.347	54.7817
187000	-1033.68	-214.627	-819.057	61.4952
188000	-1032.51	-211.76	-820.749	49.3712
189000	-1036.71	-221.116	-815.597	68.3176
190000	-1034.21	-210.225	-823.989	40.7254
191000	-1034.53	-211.716	-822.81	42.787
192000	-1036.87	-211.689	-825.185	46.1113
193000	-1031.33	-206.545	-824.788	43.8945
194000	-1034.66	-220.044	-814.615	76.3596
195000	-1037.64	-222.292	-815.35	81.5962
196000	-1033.27	-209.8	-823.466	47.2378
197000	-1039.43	-226.003	-813.431	86.9312
198000	-1039.48	-210.983	-828.496	40.6181
199000	-1033.67	-213.847	-819.819	63.3672
200000	-1030.54	-219.088	-811.454	98.8898
201000	-1035.8	-218.727	-817.071	53.7578
202000	-1033.03	-210.139	-822.891	46.112
203000	-1035.66	-213.739	-821.921	47.126
204000	-1042.63	-214.825	-827.809	47.5619
205000	-1037.23	-214.979	-822.251	53.1746
206000	-1038.27	-217.207	-821.058	60.0188
207000	-1027.66	-207.759	-819.906	54.5824
208000	-1031.91	-213.231	-818.675	51.5848
209000	-1032.6	-211.012	-821.587	48.2343
210000	-1034.59	-212.332	-822.261	39.8024
211000	-1029.91	-209.474	-820.438	52.6365
212000	-1035.42	-213.836	-821.587	50.8436
213000	-1029.34	-208.656	-820.682	51.0808
214000	-1035.26	-213.209	-822.047	47.2062
215000	-1026.19	-209.917	-816.275	46.8063
216000	-1036.41	-208.115	-828.298	37.0647
217000	-1031.29	-213.801	-817.494	50.4178
218000	-1032.81	-217.27	-815.539	62.0643
219000	-1031.45	-213.81	-817.644	57.7706
220000	-1036.56	-217.271	-819.288	62.277
221000	-1039.38	-224.533	-814.845	71.2829
222000	-1034.21	-212.866	-821.343	47.7532
223000	-1053.51	-236.805	-816.704	90.1049
224000	-1038.33	-216.496	-821.834	48.4881
225000	-1035.02	-218.719	-816.301	63.8793
226000	-1035.62	-216.239	-819.384	66.9109
227000	-1043.37	-222.042	-821.329	48.7578
228000	-1026.42	-207.315	-819.109	48.5281
229000	-1047.48	-221.362	-826.117	55.3788
230000	-1033.54	-211.791	-821.752	49.8367
231000	-1026.23	-208.002	-818.228	54.73
232000	-1034.03	-213.756	-820.271	50.717
233000	-1028.92	-208.884	-820.04	49.1115
234000	-1031.6	-212.019	-819.582	45.6428
235000	-1031.67	-217.603	-814.064	75.3172
236000	-1030.45	-215.109	-815.343	59.5293
237000	-1034.06	-218.589	-815.468	66.1675
238000	-1039.62	-217.228	-822.396	44.4242
239000	-1030.84	-210.129	-820.714	51.66
240000	-1033.13	-213.102	-820.023	53.915
241000	-1026.35	-207.14	-819.207	49.4816
242000	-1035.42	-213.86	-821.557	51.999
243000	-1036.17	-213.694	-822.471	56.8732
244000	-1030.97	-216.693	-814.273	70.8052
245000	-1032.9	-213.393	-819.512	53.7817
246000	-1032.54	-212.035	-820.505	53.6459
247000	-1038.78	-211.927	-826.851	40.1576
248000	-1030.76	-213.308	-817.457	66.5058
249000	-1034.32	-206.615	-827.705	37.1993
250000	-1034.71	-215.117	-819.595	56.5261
251000	-1038.19	-216.064	-822.13	44.3401
252000	-1041.54	-217.299	-824.237	45.9196
253000	-1045.59	-218.62	-826.967	49.2321
254000	-1035.3	-215.228	-820.076	57.5755
255000	-1037.87	-214.957	-822.916	55.2302
256000	-1035.45	-216.236	-819.209	47.4045
257000	-1046.36	-222.038	-824.324	65.5996
258000	-1034.05	-211.718	-822.327	47.2712
259000	-1032.58	-213.91	-818.665	57.6791
260000	-1032.61	-213.108	-819.507	54.0051
261000	-1037.01	-217.142	-819.87	61.3759
262000	-1035.27	-209.309	-825.962	40.3694
263000	-1034.6	-218.551	-816.049	62.9366
264000	-1030.52	-209.488	-821.03	41.3927
265000	-1030.59	-209.614	-820.976	47.0027
266000	-1033.93	-216.072	-817.856	59.2383
267000	-1034.99	-214.721	-820.265	52.6516
268000	-1036.19	-215.033	-821.162	60.1264
269000	-1035.97	-209.85	-826.122	40.5934
270000	-1043.27	-218.356	-824.91	54.971
271000	-1035.14	-213.113	-822.025	43.8964
272000	-1031.93	-218.093	-813.832	73.2249
273000	-1036	-212.002	-824.001	51.9946
274000	-1038.93	-221.814	-817.116	77.0247
275000	-1039.76	-218.029	-821.728	46.5801
276000	-1025.97	-208.447	-817.519	55.0675
277000	-1038.93	-212.658	-826.269	48.6904
278000	-1035.99	-215.162	-820.827	50.1645
279000	-1028.6	-209.572	-819.032	49.2815
280000	-1045.9	-225.518	-820.385	64.2403
281000	-1038.49	-214.065	-824.427	43.5202
282000	-1039.79	-218.969	-820.824	53.4265
283000	-1035.43	-211.642	-823.792	42.841
284000	-1031.06	-215.177	-815.883	74.8644
285000	-1030.16	-210.962	-819.194	55.8819
286000	-1035.04	-216.023	-819.022	53.3718
287000	-1031.4	-211.407	-819.993	46.5577
288000	-1039.81	-216.213	-823.599	47.7568
289000	-1039.14	-215.509	-823.628	57.7685
290000	-1038.97	-216.524	-822.443	45.8361
291000	-1027.9	-214.731	-813.169	77.9805
292000	-1033.35	-213.992	-819.357	53.2625
293000	-1028.4	-210.475	-817.924	60.8444
294000	-1039.73	-222.591	-817.137	73.0231
295000	-1033.56	-216.133	-817.423	58.9763
296000	-1036.83	-212.549	-824.28	43.1771
297000	-1037.06	-216.864	-820.193	54.4103
298000	-1037.43	-214.349	-823.084	48.216
299000	-1036.89	-212.68	-824.21	47.757
300000	-1033.3	-216.489	-816.808	68.3544
301000	-1032.57	-208.64	-823.934	42.9179
302000	-1028.61	-210.798	-817.817	52.9766
303000	-1037.43	-214.576	-822.851	47.6282
304000	-1032.55	-212.786	-819.762	53.404
305000	-1039.94	-214.198	-825.743	46.9452
306000	-1027.96	-211.99	-815.974	57.2882
307000	-1033.33	-209.913	-823.414	42.2028
308000	-1038.23	-216.949	-821.28	52.3969
309000	-1030.37	-211.171	-819.201	55.0051
310000	-1032.32	-212.552	-819.773	56.4376
311000	-1031.94	-218.392	-813.551	77.0369
312000	-1032.62	-210.639	-821.981	53.9984
313000	-1037.51	-208.488	-829.022	38.1626
314000	-1039.86	-214.36	-825.498	45.3225
315000	-1040.22	-222.666	-817.554	74.2684
316000	-1029.58	-210.553	-819.032	53.1064
317000	-1028.18	-211.672	-816.507	54.0118
318000	-1037.37	-216.263	-821.102	54.7469
319000	-1029.83	-207.925	-821.904	46.6591
320000	-1034.5	-213.403	-821.096	56.3279
321000	-1036.95	-211.777	-825.169	49.1642
322000	-1035.3	-215.523	-819.775	55.0255
323000	-1031.8	-209.661	-822.135	50.4349
324000	-1028.33	-207.687	-820.643	46.2691
325000	-1026.75	-208.194	-818.558	48.4415
326000	-1034.08	-215.116	-818.96	57.994
327000	-1035.05	-211.204	-823.845	47.4298
328000	-1029.84	-213.402	-816.436	48.3164
329000	-1030.85	-213.834	-817.018	60.5218
330000	-1035.63	-215.292	-820.343	50.7673
331000	-1034.65	-214.437	-820.213	54.8993
332000	-1031.84	-217.362	-814.474	59.8511
333000	-1039.36	-222.107	-817.257	58.3952
334000	-1030.28	-212.29	-817.988	59.2176
335000	-1029.03	-213.56	-815.47	67.6925
336000	-1033.15	-210.182	-822.973	48.9413
337000	-1029.93	-216.39	-813.541	74.2477
338000	-1031.36	-215.573	-815.787	75.2596
339000	-1027.78	-214.125	-813.653	75.05
340000	-1034.89	-215.032	-819.862	62.3167
341000	-1034.11	-212.649	-821.462	52.3145
342000	-1031.56	-210.874	-820.688	51.0608
343000	-1030.99	-211.621	-819.37	53.1381
344000	-1037.12	-217.83	-819.287	58.6411
345000	-1031.67	-214.254	-817.415	63.1436
346000	-1044.94	-213.309	-831.63	38.0809
347000	-1030.86	-211.027	-819.829	51.5344
348000	-1036.84	-220.9	-815.94	64.0614
349000	-1032.63	-218.175	-814.453	73.6645
350000	-1034.64	-215.841	-818.801	42.0094
351000	-1034.16	-214.193	-819.963	52.2614
352000	-1032.25	-214.417	-817.829	56.7487
353000	-1034.29	-210.001	-824.288	46.4602
354000	-1032.14	-210.436	-821.7	46.9516
355000	-1037.71	-220.284	-817.427	69.4288
356000	-1038.97	-216.303	-822.67	52.4606
357000	-1037.35	-218.474	-818.877	53.1235
358000	-1034.25	-210.853	-823.4	44.134
359000	-1036.75	-216.439	-820.309	53.4144
360000	-1035.11	-213.884	-821.222	46.7764
361000	-1040.94	-209.191	-831.753	31.9403
362000	-1034.3	-213.621	-820.679	51.0372
363000	-1033.12	-213.911	-819.211	57.9801
364000	-1025.52	-208.652	-816.872	52.8898
365000	-1042.12	-216.047	-826.076	42.8821
366000	-1031.95	-209.283	-822.665	44.6908
367000	-1036.59	-214.523	-822.065	48.8503
368000	-1034.23	-213.532	-820.703	54.3072
369000	-1040.09	-215.478	-824.614	40.461
370000	-1033.33	-216.167	-817.159	60.1955
371000	-1030.67	-213.963	-816.708	63.0565
372000	-1042.51	-214.141	-828.365	43.1314
373000	-1037.75	-210.491	-827.259	43.484
374000	-1037.79	-222.548	-815.237	77.1034
375000	-1035.6	-216.809	-818.792	53.0575
376000	-1028.22	-207.907	-820.312	51.9403
377000	-1027.67	-205.419	-822.253	42.8758
378000	-1031.01	-212.013	-819.001	61.5994
379000	-1028.86	-211.082	-817.778	54.5631
380000	-1036.34	-219.322	-817.021	67.7884
381000	-1032.04	-211.101	-820.941	48.1633
382000	-1029.79	-212.448	-817.345	53.6956
383000	-1037.2	-216.6	-820.604	63.5723
384000	-1035.96	-219.431	-816.525	65.0136
385000	-1038.89	-213.01	-825.88	44.6016
386000	-1030.45	-210.561	-819.887	54.2074
387000	-1035.65	-213.945	-821.705	45.9366
388000	-1032.26	-209.227	-823.037	46.278
389000	-1044.15	-217.742	-826.411	40.1677
390000	-1037.74	-214.445	-823.295	46.257
391000	-1029.25	-211.047	-818.202	58.2234
392000	-1036.57	-217.041	-819.53	49.4697
393000	-1031.44	-209.456	-821.984	46.4603
394000	-1032.87	-213.457	-819.416	57.0129
395000	-1033.08	-216.335	-816.75	58.3052
396000	-1035.58	-206.923	-828.655	43.2148
397000	-1035.71	-217.026	-818.679	55.024
398000	-1033.71	-213.832	-819.883	46.8355
399000	-1037.85	-221.176	-816.676	65.1301
400000	-1027.31	-210.785	-816.528	60.7864
401000	-1028.19	-210.682	-817.511	59.0524
402000	-1028.38	-210.576	-817.806	61.6821
403000	-1038.02	-219.06	-818.962	65.016
404000	-1027.5	-210.15	-817.353	61.6574
405000	-1036.3	-220.038	-816.261	76.929
406000	-1032.25	-211.315	-820.935	41.9736
407000	-1027.4	-209.661	-817.737	44.6054
408000	-1031.69	-215.071	-816.617	61.3388
409000	-1026.07	-209.119	-816.954	53.5928
410000	-1028.47	-213.465	-815.001	63.2203
411000	-1036.34	-213.191	-823.147	51.9481
412000	-1033.15	-213.088	-820.057	52.4647
413000	-1027.55	-210.656	-816.891	55.4969
414000	-1030.94	-213.978	-816.963	50.949
415000	-1033.69	-214.825	-818.864	53.7223
416000	-1035.27	-214.991	-820.279	52.9946
417000	-1032.6	-211.132	-821.465	50.9012
418000	-1035.94	-215.176	-820.768	63.1348
419000	-1038.96	-215.917	-823.039	40.4496
420000	-1035.21	-215.594	-819.62	64.9069
421000	-1033.12	-209.018	-824.103	47.0114
422000	-1038.13	-215.449	-822.685	48.7
423000	-1037.93	-212.099	-825.83	49.285
424000	-1037.35	-214.197	-823.15	48.0415
425000	-1030.92	-210.855	-820.062	47.692
426000	-1043.23	-223.133	-820.1	73.4055
427000	-1034.54	-209.765	-824.78	47.9625
428000	-1026.92	-210.017	-816.899	50.9784
429000	-1032.82	-211.324	-821.495	46.9803
430000	-1024.33	-212.123	-812.202	69.7049
431000	-1029.29	-215.45	-813.842	66.8427
432000	-1032.45	-212.519	-819.933	51.5966
433000	-1040.76	-219.645	-821.118	73.4257
434000	-1030.35	-208.97	-821.38	49.1483
435000	-1037.08	-216.635	-820.443	44.8427
436000	-1036.57	-214.988	-821.578	60.9714
437000	-1030.83	-211.423	-819.404	46.4406
438000	-1028.87	-212.865	-816.005	64.9738
439000	-1040	-221.862	-818.134	63.9809
440000	-1033.86	-214.317	-819.545	60.5718
441000	-1029.45	-209.331	-820.12	47.2559
442000	-1038.7	-215.695	-823.002	57.4585
443000	-1030.01	-209.573	-820.434	49.6323
444000	-1030.29	-213.243	-817.043	49.3914
445000	-1029.07	-214.605	-814.466	62.5925
446000	-1048.72	-224.032	-824.69	49.8388
447000	-1040.64	-220.02	-820.618	55.511
448000	-1034.52	-208.519	-826.003	41.6591
449000	-1036.73	-216.746	-819.981	56.9768
450000	-1034.54	-220.434	-814.104	80.3074
451000	-1036.32	-216.691	-819.626	55.6678
452000	-1028.47	-210.357	-818.109	55.5937
453000	-1032.04	-211.369	-820.675	44.3546
454000	-1035.3	-210.858	-824.443	46.3507
455000	-1032.6	-210.026	-822.576	43.0397
456000	-1029.55	-214.752	-814.799	62.0278
457000	-1029.46	-212.811	-816.654	55.1443
458000	-1029.31	-205.391	-823.917	44.7616
459000	-1036.16	-217.88	-818.277	52.7825
460000	-1042.6	-218.396	-824.209	51.2062
461000	-1033.79	-215.479	-818.307	60.2873
462000	-1032.93	-214.932	-817.994	62.8873
463000	-1032.3	-216.543	-815.757	72.386
464000	-1035.02	-219.686	-815.339	74.7638
465000	-1041.91	-222.365	-819.545	54.8147
466000	-1042.76	-219.157	-823.603	54.8738
467000	-1035.29	-212.961	-822.334	57.4435
468000	-1034.55	-210.767	-823.787	44.9136
469000	-1034.77	-212.349	-822.421	50.1912
470000	-1033.16	-217.042	-816.115	66.7828
471000	-1038.69	-216.254	-822.431	55.3928
472000	-1035.64	-221.987	-813.651	75.5386
473000	-1029.06	-211.635	-817.422	59.2303
474000	-1033.62	-211.599	-822.021	50.0725
475000	-1031.03	-210.007	-821.025	46.2935
476000	-1036.65	-213.716	-822.931	48.1258
477000	-1030.76	-218.119	-812.644	72.041
478000	-1041.29	-215.173	-826.115	43.9325
479000	-1034.44	-216.411	-818.029	66.53
480000	-1030.64	-205.777	-824.858	38.5387
481000	-1033.63	-211.007	-822.623	47.7111
482000	-1032.91	-213.536	-819.376	56.7291
483000	-1031.15	-212.302	-818.845	55.7469
484000	-1032.26	-214.163	-818.102	52.192
485000	-1028.82	-215.984	-812.837	65.2492
486000	-1036.3	-213.935	-822.368	42.4879
487000	-1032.67	-211.154	-821.518	57.0894
488000	-1029.75	-214.06	-815.693	59.958
489000	-1027.21	-212.026	-815.188	58.3061
490000	-1045.2	-232.279	-812.917	108.593
491000	-1041.38	-215.319	-826.061	34.4891
492000	-1042.53	-219.134	-823.397	43.9198
493000	-1030.42	-213.05	-817.369	60.8347
494000	-1043.76	-219.115	-824.648	48.6378
495000	-1034.85	-214.65	-820.196	48.8445
496000	-1033.59	-216.645	-816.945	69.0613
497000	-1031.35	-211.541	-819.81	45.5068
498000	-1032.9	-215.191	-817.713	50.1235
499000	-1032.67	-209.102	-823.572	48.6313
500000	-1035.8	-206.946	-828.853	33.5096
