Iteration	Posterior	Likelihood	Prior	sigma
0	-282.835	-231.904	-50.9311	25.8114
1000	-290.102	-238.247	-51.8552	29.0986
2000	-294.584	-237.558	-57.026	22.936
3000	-297.047	-241.808	-55.2392	26.7324
4000	-289.772	-237.57	-52.2025	26.6189
5000	-295.848	-242.107	-53.7413	28.4091
6000	-295.732	-240.474	-55.258	27.2127
7000	-282.317	-233.135	-49.1824	29.2262
8000	-285.228	-228.947	-56.2811	20.7551
9000	-291.728	-230.854	-60.8748	20.6887
10000	-288.446	-232.633	-55.8125	19.8074
11000	-290.626	-240.094	-50.5314	31.7427
12000	-302.379	-239.151	-63.2281	18.4262
13000	-289.984	-234.727	-55.2562	24.411
14000	-291.856	-237.701	-54.1553	27.9334
15000	-286.995	-236.385	-50.6101	27.1834
16000	-297.203	-237.653	-59.55	19.5131
17000	-289.373	-234.325	-55.0484	24.1749
18000	-290.853	-242.489	-48.3638	30.5863
19000	-296.902	-241.754	-55.1483	23.716
20000	-297.147	-234.984	-62.1629	15.1215
21000	-294.852	-232.314	-62.5385	20.2735
22000	-286.423	-234.917	-51.5056	25.4132
23000	-296.512	-240.482	-56.0304	25.46
24000	-283.111	-232.434	-50.6769	28.5975
25000	-291.232	-237.155	-54.077	25.6593
26000	-284.42	-233.505	-50.9149	24.4605
27000	-295.999	-232.321	-63.6782	15.2709
28000	-287.122	-233.688	-53.4345	21.3077
29000	-288.414	-238.349	-50.0647	24.4596
30000	-293.02	-234.887	-58.1323	17.1574
31000	-283.806	-234.985	-48.8212	29.2993
32000	-293.634	-230.75	-62.8849	15.0735
33000	-289.153	-236.603	-52.55	29.5776
34000	-283.611	-230.037	-53.574	21.2965
35000	-294.283	-233.798	-60.4849	19.1162
36000	-288.576	-239.16	-49.4164	36.8188
37000	-290.519	-232.533	-57.986	18.2209
38000	-287.639	-236.189	-51.45	24.1502
39000	-286.883	-235.593	-51.2903	28.7354
40000	-292.379	-234.243	-58.1361	21.9755
41000	-293.062	-235.613	-57.4491	20.5999
42000	-287.897	-241.403	-46.4939	35.8263
43000	-289.175	-235.031	-54.1445	24.072
44000	-292.613	-238.894	-53.7187	28.5907
45000	-289.762	-231.618	-58.1438	20.4339
46000	-280.671	-231.399	-49.2723	30.0627
47000	-289.607	-234.622	-54.9853	22.7441
48000	-292.719	-235.181	-57.538	19.4038
49000	-291.56	-229.935	-61.625	16.0554
50000	-301.937	-239.044	-62.8929	19.5994
51000	-286.959	-231.963	-54.9969	19.6957
52000	-287.864	-230.911	-56.9524	19.1475
53000	-292.331	-240.695	-51.6362	30.8932
54000	-287.417	-236.905	-50.5113	26.7918
55000	-298.359	-243.778	-54.581	26.0718
56000	-299.614	-236.265	-63.3485	14.305
57000	-290.811	-231.779	-59.0321	19.261
58000	-290.29	-229.046	-61.2439	17.5134
59000	-290.838	-232.692	-58.1459	20.1876
60000	-293.506	-240.265	-53.2408	25.6193
61000	-284.795	-233.494	-51.3003	28.9461
62000	-299.663	-237.519	-62.1437	19.0334
63000	-290.076	-234.088	-55.9878	25.2314
64000	-286.182	-233.497	-52.6848	26.9081
65000	-291.269	-234.319	-56.95	20.8192
66000	-292.952	-233.965	-58.9867	18.378
67000	-285.715	-233.923	-51.7922	25.445
68000	-292.751	-238.976	-53.7747	24.4115
69000	-298.313	-234.25	-64.0628	15.2818
70000	-295.187	-240.976	-54.2119	30.5128
71000	-299.145	-233.797	-65.3479	17.0981
72000	-290.808	-228.08	-62.7282	17.0295
73000	-293.857	-237.847	-56.0097	22.6509
74000	-285.596	-233.059	-52.5369	28.0651
75000	-291.99	-238.366	-53.6233	23.292
76000	-294.649	-238.326	-56.3236	18.8985
77000	-286.581	-228.776	-57.8052	19.8362
78000	-290.993	-232.099	-58.8945	19.0897
79000	-293.861	-234.394	-59.4669	18.6531
80000	-289.437	-238.546	-50.891	25.5579
81000	-292.416	-236.959	-55.4569	26.8147
82000	-293.496	-234.101	-59.3948	17.1575
83000	-284.119	-236.019	-48.1007	35.3387
84000	-290.9	-237.319	-53.5815	26.3479
85000	-289.88	-237.747	-52.1328	22.7446
86000	-285.123	-231.257	-53.8665	21.8309
87000	-292.577	-239.714	-52.8628	24.2273
88000	-291.458	-235.605	-55.8533	19.7348
89000	-291.158	-230.196	-60.9621	18.1407
90000	-297.333	-241.574	-55.7591	26.77
91000	-288.322	-231.905	-56.4168	22.3243
92000	-291.22	-233.319	-57.9008	19.1956
93000	-286.223	-236.322	-49.9009	33.1363
94000	-298.222	-240.493	-57.7292	18.4967
95000	-292.726	-235.21	-57.5159	23.6274
96000	-290.615	-229.474	-61.141	15.9337
97000	-292.458	-242.26	-50.1979	37.1796
98000	-298.333	-239.377	-58.956	23.7182
99000	-290.893	-237.807	-53.0862	28.8443
100000	-293.875	-233.008	-60.8676	17.692
101000	-303.625	-238.335	-65.2898	20.0245
102000	-288.81	-236.479	-52.3309	26.8527
103000	-296.66	-241.312	-55.3482	25.3304
104000	-283.37	-234.347	-49.0227	27.32
105000	-288.545	-235.65	-52.895	21.7179
106000	-289.488	-233.207	-56.281	20.231
107000	-293.638	-229.024	-64.6142	16.6447
108000	-291.766	-235.145	-56.6207	20.6819
109000	-289.229	-235.174	-54.0551	25.1134
110000	-289.322	-236.298	-53.0246	26.3311
111000	-296.358	-240.679	-55.6782	24.6361
112000	-288.97	-241.187	-47.7831	36.2315
113000	-287.614	-234.89	-52.724	26.4833
114000	-304.81	-244.117	-60.693	22.8801
115000	-291.43	-239.119	-52.3111	23.0412
116000	-285.385	-236.01	-49.375	27.4163
117000	-291.475	-235.709	-55.766	20.4688
118000	-289.855	-238.73	-51.1243	26.4783
119000	-293.188	-232.652	-60.536	16.2907
120000	-295.296	-244.118	-51.1782	25.8813
121000	-285.599	-236.667	-48.9323	26.9764
122000	-288.41	-232.214	-56.1956	21.3018
123000	-284.3	-232.608	-51.6923	26.3401
124000	-288.933	-236.792	-52.1411	26.4275
125000	-296.536	-241.39	-55.1459	22.5983
126000	-291.597	-235.07	-56.5277	19.5451
127000	-287.673	-234.936	-52.7369	25.9167
128000	-287.122	-240.874	-46.2482	40.2809
129000	-294.583	-237.9	-56.6826	22.9088
130000	-292.406	-239.913	-52.4933	23.4414
131000	-285.958	-236.152	-49.8068	30.8069
132000	-290.92	-237.942	-52.978	25.4921
133000	-292.1	-233.216	-58.8846	22.0829
134000	-293.963	-233.315	-60.6482	16.8532
135000	-297.968	-244.387	-53.581	27.1089
136000	-294.394	-237.121	-57.2733	24.1062
137000	-286.352	-229.613	-56.739	21.422
138000	-292.121	-236.575	-55.5463	23.858
139000	-285.57	-235.639	-49.9307	28.3049
140000	-293.191	-240.02	-53.1713	29.5574
141000	-284.698	-235.132	-49.5657	31.3931
142000	-291.732	-239.101	-52.6311	30.8965
143000	-297.897	-247.153	-50.7447	30.2793
144000	-289.423	-227.579	-61.8444	16.7891
145000	-289.557	-231.053	-58.5043	17.5571
146000	-285.708	-231.383	-54.325	23.497
147000	-284.875	-231.39	-53.4856	22.1598
148000	-285.292	-238.518	-46.7739	36.7832
149000	-293.725	-244.651	-49.0745	30.544
150000	-285.239	-230.712	-54.5271	21.9635
151000	-286.218	-229.256	-56.962	20.315
152000	-294.323	-238.1	-56.223	19.9433
153000	-292.087	-239.323	-52.7633	28.368
154000	-287.418	-237.277	-50.1416	29.3728
155000	-288.043	-238.758	-49.2846	36.2832
156000	-289.331	-237.41	-51.9206	24.9812
157000	-289.455	-233.306	-56.1489	25.2405
158000	-290.007	-234.139	-55.8684	24.4257
159000	-293.414	-235.501	-57.9128	17.2789
160000	-293.467	-237.385	-56.0822	26.4508
161000	-291.769	-238.538	-53.2309	24.8708
162000	-292.361	-231.635	-60.7261	19.3117
163000	-293.244	-231.363	-61.881	15.9652
164000	-289.097	-235.156	-53.9408	27.5647
165000	-298.037	-235.524	-62.5129	21.5885
166000	-288.412	-232.21	-56.2024	19.743
167000	-298.331	-238.887	-59.4438	20.6876
168000	-294.74	-239.018	-55.7225	24.4982
169000	-293.508	-236.396	-57.1122	24.3782
170000	-293.502	-239.435	-54.0672	25.7994
171000	-297.057	-237.009	-60.0484	19.9921
172000	-290.584	-232.47	-58.1139	18.4126
173000	-293.474	-242.157	-51.3168	26.2494
174000	-289.763	-237.068	-52.6947	25.6958
175000	-284.535	-235.482	-49.0534	29.2486
176000	-300.08	-236.837	-63.2435	17.6952
177000	-298.842	-232.201	-66.6413	15.6435
178000	-290.763	-234.194	-56.5689	22.1672
179000	-286.932	-236.025	-50.9065	27.4469
180000	-292.707	-232.993	-59.7141	16.7337
181000	-293.486	-234.395	-59.0909	21.1058
182000	-290.061	-239.141	-50.9198	26.616
183000	-297.297	-239.873	-57.4247	23.0872
184000	-292.48	-235.528	-56.9515	21.0436
185000	-294.019	-239.34	-54.6784	26.2689
186000	-292.035	-234.37	-57.6654	22.316
187000	-288.661	-234.273	-54.3882	21.8309
188000	-288.604	-235.826	-52.7775	19.1918
189000	-288.644	-233.064	-55.5803	21.0907
190000	-287.048	-230.252	-56.7961	20.3862
191000	-292.597	-231.865	-60.7312	15.9303
192000	-287.277	-232.296	-54.9808	21.9451
193000	-291.385	-231.985	-59.3997	19.4937
194000	-297.307	-242.051	-55.2563	25.6686
195000	-291.663	-237.862	-53.8015	26.9614
196000	-290.903	-233.186	-57.7164	19.985
197000	-290.854	-238.422	-52.4319	27.1144
198000	-291.58	-239.149	-52.4308	26.8538
199000	-294.256	-236.297	-57.9583	18.2513
200000	-291.732	-229.769	-61.9636	16.328
201000	-291.864	-239.732	-52.1326	26.6836
202000	-301.489	-238.265	-63.2234	17.433
203000	-292.277	-240.611	-51.6659	29.2811
204000	-295.962	-238.975	-56.9871	20.6071
205000	-294.517	-238.145	-56.3716	22.5709
206000	-295.416	-236.384	-59.0317	22.1937
207000	-293.128	-232.018	-61.11	18.2757
208000	-290.725	-232.075	-58.6498	19.3289
209000	-287.765	-230.198	-57.5672	17.2852
210000	-288.762	-238.013	-50.7486	31.0097
211000	-298.543	-240.204	-58.3389	23.6679
212000	-285.659	-233.76	-51.8991	27.4913
213000	-291.21	-234.821	-56.3894	24.6279
214000	-285.829	-235.165	-50.6645	23.2109
215000	-285.04	-233.224	-51.8164	24.9774
216000	-291.327	-228.351	-62.9761	17.9211
217000	-290.994	-238.716	-52.2786	28.7572
218000	-285.918	-234.688	-51.2306	29.5475
219000	-285.472	-237.515	-47.9572	31.3534
220000	-286.046	-232.374	-53.6722	22.4877
221000	-289.769	-237.151	-52.6181	29.2677
222000	-280.647	-231.731	-48.9164	30.1576
223000	-291.234	-234.912	-56.3219	21.5941
224000	-292.689	-237.957	-54.7314	25.6018
225000	-293.558	-230.417	-63.1416	19.8672
226000	-289.801	-234.223	-55.5785	20.7682
227000	-287.852	-237.601	-50.251	26.2885
228000	-294.636	-243.94	-50.6953	38.0908
229000	-294.424	-235.816	-58.6081	21.761
230000	-283.899	-233.55	-50.3491	27.089
231000	-287.437	-231.272	-56.1648	21.136
232000	-289.105	-233.979	-55.1259	18.8846
233000	-290.299	-234.101	-56.1983	24.6528
234000	-289.755	-237.78	-51.9752	26.7791
235000	-294.769	-234.383	-60.3867	18.5495
236000	-288.306	-233.011	-55.2946	23.1803
237000	-288.764	-238.715	-50.0487	31.9853
238000	-285.196	-232.82	-52.3754	24.611
239000	-286.28	-237.421	-48.8584	30.4222
240000	-288.048	-234.83	-53.2172	23.1995
241000	-285.789	-237.801	-47.9886	31.5106
242000	-292.596	-237.64	-54.9559	24.9674
243000	-290.285	-233.152	-57.1325	21.4325
244000	-291.023	-237.246	-53.7774	24.7304
245000	-288.979	-236.482	-52.4974	24.6283
246000	-302.122	-236.399	-65.7232	18.5375
247000	-289.966	-234.039	-55.927	21.2433
248000	-289.06	-236.174	-52.8863	23.5862
249000	-283.189	-233.563	-49.6262	27.3507
250000	-284.818	-234.889	-49.9284	29.8193
251000	-292.946	-240.992	-51.9539	30.1237
252000	-288.361	-234.759	-53.6018	22.4203
253000	-286.184	-232.522	-53.6621	22.9344
254000	-293.04	-238.182	-54.8578	25.433
255000	-286.092	-234.787	-51.3059	23.4436
256000	-293.276	-238.442	-54.8334	27.3419
257000	-294.732	-238.733	-55.9988	23.5337
258000	-295.099	-236.63	-58.4691	22.488
259000	-285.203	-235.575	-49.6274	29.7374
260000	-292.719	-233.774	-58.9453	20.8098
261000	-300.619	-241.58	-59.0393	23.1978
262000	-288.868	-235.75	-53.1183	21.7236
263000	-287.172	-231.586	-55.5861	21.8947
264000	-284.864	-235.604	-49.2592	28.7252
265000	-289.863	-236.675	-53.1877	23.0032
266000	-282.906	-235.16	-47.7454	33.374
267000	-295.828	-244.726	-51.1019	33.3125
268000	-298.502	-238.355	-60.1471	18.8188
269000	-287.004	-232.741	-54.2631	23.9526
270000	-290.778	-231.816	-58.9618	18.1364
271000	-289.438	-233.353	-56.085	21.9056
272000	-297.446	-238.071	-59.3749	22.8
273000	-288.528	-234.16	-54.3676	20.7699
274000	-291.06	-235.98	-55.0793	21.2837
275000	-291.597	-238.848	-52.7491	28.9126
276000	-293.198	-234.858	-58.3396	20.5847
277000	-290.059	-235.36	-54.6998	21.3928
278000	-288.596	-231.916	-56.68	22.4765
279000	-287.974	-232.896	-55.0779	20.4065
280000	-288.259	-233.977	-54.2819	23.5036
281000	-287.381	-231.086	-56.295	20.023
282000	-292.934	-236.064	-56.8698	19.7474
283000	-283.254	-228.913	-54.3414	21.8381
284000	-289.526	-236.695	-52.8316	25.3664
285000	-283.067	-231.096	-51.9718	24.5009
286000	-296.427	-237.337	-59.0894	23.2533
287000	-289.2	-233.45	-55.7502	22.7744
288000	-301.693	-247.34	-54.3534	23.7985
289000	-292.306	-234.283	-58.023	17.8796
290000	-289.8	-232.394	-57.4058	18.4513
291000	-283.454	-231.094	-52.3604	25.3953
292000	-284.748	-230.426	-54.3214	23.6582
293000	-283.156	-234.077	-49.0798	28.8511
294000	-294.918	-236.071	-58.8475	20.6228
295000	-295.525	-239.596	-55.9292	23.4542
296000	-290.773	-240.992	-49.781	31.7534
297000	-287.712	-235.327	-52.3852	25.4045
298000	-283.479	-236.555	-46.9247	33.806
299000	-290.423	-234.38	-56.0435	21.5016
300000	-303.255	-242.094	-61.1614	16.9573
301000	-289.066	-235.943	-53.1229	26.7797
302000	-289.294	-236.137	-53.1575	27.572
303000	-290.404	-236.365	-54.0391	20.5965
304000	-298.518	-238.783	-59.7357	21.2412
305000	-286.47	-234.601	-51.869	26.1526
306000	-293.773	-235.92	-57.8535	18.0976
307000	-290.105	-233.145	-56.9599	23.61
308000	-294.532	-245.172	-49.3597	35.0012
309000	-295.338	-238.174	-57.1646	21.4119
310000	-288.013	-233.119	-54.8934	23.5406
311000	-291.711	-232.845	-58.8664	20.5431
312000	-284.139	-231.122	-53.0176	21.9807
313000	-293.954	-236.467	-57.4871	20.3885
314000	-292.812	-237.54	-55.2716	22.3328
315000	-288.041	-234.441	-53.6007	20.3626
316000	-287.107	-231.581	-55.526	23.4896
317000	-288.796	-238.27	-50.5266	25.8492
318000	-293.553	-231.879	-61.6748	18.0991
319000	-288.045	-234.353	-53.6921	24.3517
320000	-289.694	-229.82	-59.8738	15.7368
321000	-297.942	-239.587	-58.3551	25.4641
322000	-293.895	-239.438	-54.4569	24.0473
323000	-290.155	-235.093	-55.0627	24.0376
324000	-293.811	-236.765	-57.0468	24.4081
325000	-291.14	-232.604	-58.5357	18.4753
326000	-284.798	-231.013	-53.7852	23.152
327000	-292.945	-239.133	-53.8127	22.0158
328000	-291.412	-233.335	-58.0764	20.7868
329000	-290.105	-232.958	-57.1476	20.0877
330000	-296.557	-232.939	-63.6186	17.3093
331000	-284.394	-233.694	-50.6999	28.0368
332000	-295.857	-240.054	-55.8025	24.343
333000	-295.053	-244.176	-50.8766	27.1591
334000	-296.905	-234.247	-62.6583	16.5005
335000	-288.066	-235.454	-52.6122	26.7924
336000	-296.028	-238.906	-57.1215	21.5048
337000	-289.943	-235.984	-53.9589	24.2554
338000	-296.758	-236.339	-60.4189	21.7532
339000	-288.747	-236.586	-52.1609	28.7096
340000	-288.444	-229.039	-59.4041	19.0188
341000	-288.733	-232.714	-56.0196	23.9536
342000	-290.563	-231.798	-58.7655	17.606
343000	-292.405	-229.421	-62.9838	16.5446
344000	-291.871	-229.523	-62.3481	15.9044
345000	-291.5	-229.566	-61.9333	17.857
346000	-292.015	-242.689	-49.3256	31.614
347000	-292.928	-238.935	-53.993	26.5543
348000	-290.912	-235.309	-55.6038	20.6063
349000	-285.141	-229.861	-55.2791	20.0995
350000	-289.279	-236.13	-53.1491	28.0075
351000	-294.052	-237.285	-56.7678	24.6806
352000	-286.295	-232.317	-53.9782	21.1097
353000	-291.368	-236.637	-54.7306	23.3478
354000	-293.945	-238.718	-55.2266	24.8433
355000	-288.973	-229.847	-59.1257	17.1586
356000	-301.156	-242.196	-58.9602	24.2873
357000	-288.136	-236.455	-51.6808	29.5826
358000	-291.655	-241.061	-50.594	25.2409
359000	-291.619	-239.444	-52.1758	31.1069
360000	-294.581	-231.962	-62.6191	15.9558
361000	-294.139	-236.452	-57.6862	22.513
362000	-292.002	-235.457	-56.5453	22.0029
363000	-284.363	-231.92	-52.4432	24.6147
364000	-290.65	-232.995	-57.6555	19.0664
365000	-299.215	-244.985	-54.2302	28.4805
366000	-295.18	-238.997	-56.1837	26.9108
367000	-294.861	-239.312	-55.5484	23.6192
368000	-287.752	-239.469	-48.2834	36.3535
369000	-292.63	-235.821	-56.8093	26.9222
370000	-293.918	-239.113	-54.8052	26.6826
371000	-292.831	-241.764	-51.0672	25.7309
372000	-302.543	-244.275	-58.2675	20.4354
373000	-286.368	-232.92	-53.4482	23.8037
374000	-289.331	-238.872	-50.4593	25.2452
375000	-284.859	-234.66	-50.1986	25.0229
376000	-292.539	-237.367	-55.1726	22.3855
377000	-285.908	-232.599	-53.3094	26.4733
378000	-288.325	-237.692	-50.6337	29.4512
379000	-292.385	-235.888	-56.4975	22.0091
380000	-290.625	-232.78	-57.8451	17.1649
381000	-299.832	-244.399	-55.4329	24.6321
382000	-290.503	-235.969	-54.5343	26.0283
383000	-293.074	-232.355	-60.7191	17.6519
384000	-294.973	-234.747	-60.2261	19.2364
385000	-287.799	-234.052	-53.747	25.0974
386000	-287.009	-233.045	-53.9648	22.4931
387000	-291.637	-233.26	-58.3762	20.2272
388000	-296.825	-236.201	-60.6245	20.4848
389000	-296.117	-241.196	-54.9206	24.7154
390000	-287.119	-234.215	-52.9043	23.7071
391000	-293.319	-235.065	-58.2537	21.8145
392000	-290.361	-234.193	-56.1684	20.3247
393000	-297.423	-241.45	-55.9738	24.4355
394000	-286.841	-233.828	-53.0131	23.6021
395000	-288.429	-230.595	-57.8339	19.1534
396000	-288.431	-232.788	-55.6433	20.8723
397000	-294.799	-243.84	-50.959	28.1341
398000	-289.762	-234.818	-54.9444	21.1978
399000	-292.261	-233.221	-59.0397	19.1572
400000	-293.503	-241.325	-52.1784	23.4189
401000	-297.321	-239.817	-57.5038	21.5117
402000	-290.267	-240.453	-49.8136	33.3965
403000	-292.748	-243.67	-49.0779	38.6769
404000	-286.966	-230.049	-56.9171	21.9475
405000	-291.083	-234.852	-56.2304	24.4068
406000	-287.872	-230.769	-57.1032	22.4537
407000	-289.401	-232.082	-57.3195	18.3687
408000	-296.379	-242.246	-54.1329	29.5637
409000	-300.436	-248.893	-51.5433	38.1989
410000	-289.713	-233.222	-56.4905	20.8078
411000	-288.487	-233.196	-55.2909	22.1704
412000	-286.258	-235.71	-50.5484	29.0993
413000	-292.514	-236.083	-56.4309	22.7938
414000	-287.065	-231.855	-55.2104	19.8814
415000	-286.877	-239.743	-47.1345	36.424
416000	-286.714	-234.737	-51.9773	27.5229
417000	-297.903	-236.052	-61.8507	18.8194
418000	-298.359	-241.225	-57.1333	19.3942
419000	-292.868	-237.828	-55.0406	19.7327
420000	-284.977	-235.638	-49.3385	28.4955
421000	-290.137	-239.835	-50.3023	32.4259
422000	-285.477	-232.377	-53.1	23.9564
423000	-290.073	-235.955	-54.1185	24.1558
424000	-282.68	-228.379	-54.301	21.2352
425000	-290.598	-237.902	-52.6959	26.7411
426000	-293.625	-232.773	-60.8519	16.4874
427000	-293.874	-242.892	-50.9824	30.7828
428000	-290.038	-232.491	-57.5463	18.491
429000	-290.443	-236.213	-54.2298	27.9391
430000	-289.4	-233.17	-56.2292	20.9045
431000	-293.814	-242.283	-51.531	31.1285
432000	-294.71	-237.231	-57.4794	18.9456
433000	-294.264	-235.688	-58.5765	17.3799
434000	-293.537	-230.883	-62.6545	16.2742
435000	-301.509	-234.632	-66.877	16.7328
436000	-286.167	-235.443	-50.7233	28.3097
437000	-291.716	-237.006	-54.71	21.8541
438000	-292.022	-237.587	-54.4346	28.2181
439000	-289.333	-234.624	-54.709	25.3345
440000	-293.235	-239.063	-54.1724	25.4095
441000	-288.157	-230.293	-57.8635	18.3778
442000	-286	-230.201	-55.7992	21.2344
443000	-305.393	-237.469	-67.9237	19.3257
444000	-291.882	-238.184	-53.698	25.0311
445000	-295.944	-239.929	-56.0159	21.2722
446000	-292.975	-237.016	-55.9588	25.8991
447000	-288.985	-234.022	-54.9625	24.0125
448000	-302.856	-245.798	-57.057	22.3626
449000	-291.074	-231.931	-59.143	19.4939
450000	-290.596	-238.355	-52.2409	23.4878
451000	-286.616	-231.08	-55.5365	20.0991
452000	-296.134	-235.015	-61.1188	20.2002
453000	-285.144	-233.543	-51.6008	24.8778
454000	-286.147	-232.874	-53.2726	22.9501
455000	-285.035	-231.907	-53.1275	23.4106
456000	-297.918	-242.797	-55.1202	19.2083
457000	-296.668	-237.593	-59.0747	20.4861
458000	-294.237	-241.739	-52.498	26.2869
459000	-291.791	-238.275	-53.5163	25.1527
460000	-291.121	-236.224	-54.8975	21.5742
461000	-294.599	-236.26	-58.3394	20.9628
462000	-290.346	-232.616	-57.7301	18.9924
463000	-284.554	-234.844	-49.71	26.3285
464000	-296.556	-232.689	-63.8662	16.1348
465000	-289.415	-235.347	-54.0674	24.071
466000	-298.968	-246.35	-52.6178	31.4189
467000	-287.643	-238.695	-48.9484	31.3635
468000	-289.528	-230.973	-58.5549	18.981
469000	-290.416	-241.613	-48.8033	32.516
470000	-294.886	-235.596	-59.2895	22.6098
471000	-287.459	-232.381	-55.0774	21.0845
472000	-291.72	-232.397	-59.3226	21.6598
473000	-290.654	-230.796	-59.8582	17.62
474000	-284.558	-232.327	-52.2307	21.9912
475000	-286.702	-231.821	-54.8805	21.9401
476000	-290.878	-232.362	-58.5165	17.3957
477000	-299.769	-244.466	-55.3029	27.2231
478000	-292.169	-238.644	-53.5253	23.5336
479000	-290.758	-243.705	-47.0527	39.5993
480000	-287.294	-236.841	-50.453	28.8115
481000	-292.337	-231.567	-60.7695	19.8713
482000	-294.378	-237.166	-57.2123	22.1724
483000	-291.905	-239.969	-51.9358	24.4184
484000	-288.101	-228.896	-59.2052	18.1891
485000	-287.412	-231.455	-55.9571	20.8272
486000	-291.324	-238.823	-52.5011	28.3655
487000	-295.556	-232.608	-62.9479	17.9802
488000	-292.77	-234.054	-58.7155	20.8589
489000	-290.471	-236.937	-53.5336	26.1438
490000	-286.851	-239.096	-47.7552	38.3194
491000	-285.841	-232.382	-53.4587	23.4804
492000	-294.194	-229.044	-65.1504	14.8747
493000	-292.893	-235.596	-57.2973	20.319
494000	-299.027	-234.96	-64.0666	19.7596
495000	-288.221	-237.028	-51.1929	25.4919
496000	-292.223	-233.374	-58.8491	20.0047
497000	-298.492	-236.213	-62.2796	17.104
498000	-285.153	-230.731	-54.4223	22.2715
499000	-292.762	-234.455	-58.3062	22.2847
500000	-289.308	-232.572	-56.7353	21.1215
