Iteration	Posterior	Likelihood	Prior	sigma
0	-254.481	-204.145	-50.3363	13.5703
1000	-248.39	-205.661	-42.7283	15.4646
2000	-243.24	-202.069	-41.1707	12.9516
3000	-243.244	-200.122	-43.1215	14.0156
4000	-247.371	-199.221	-48.1493	11.3074
5000	-269.818	-220.603	-49.2144	14.6301
6000	-240.806	-199.806	-41	14.099
7000	-245.483	-205.489	-39.9945	16.807
8000	-246.484	-202.991	-43.4925	13.7623
9000	-252.007	-205.338	-46.6687	13.8782
10000	-247.517	-208.479	-39.0378	17.6175
11000	-265.583	-217.239	-48.3438	15.1102
12000	-249.798	-207.966	-41.8315	16.5496
13000	-249.596	-202.169	-47.4273	13.0242
14000	-260.975	-210.205	-50.77	13.0421
15000	-249.452	-206.063	-43.3893	14.5254
16000	-248.916	-205.768	-43.1481	15.5787
17000	-249.14	-203.653	-45.4867	15.4358
18000	-250.255	-201.065	-49.1902	11.7661
19000	-255.284	-204.416	-50.8682	10.1721
20000	-249.682	-205.577	-44.105	12.6492
21000	-254.777	-206.911	-47.8659	11.4148
22000	-243.837	-202.412	-41.4255	15.3754
23000	-252.612	-202.965	-49.6468	13.5741
24000	-253.015	-208.118	-44.8969	14.5373
25000	-251.59	-212.643	-38.9469	19.7396
26000	-242.499	-206.6	-35.8991	21.7249
27000	-246.157	-206.518	-39.6391	19.5159
28000	-253.146	-210.026	-43.1197	17.2021
29000	-242.814	-201.584	-41.2298	14.7186
30000	-243.677	-201.979	-41.6981	13.7929
31000	-242.182	-201.165	-41.0169	14.628
32000	-248.765	-209.447	-39.3177	18.3358
33000	-247.703	-204.265	-43.4375	15.6997
34000	-244.717	-204.569	-40.1478	16.3763
35000	-243.816	-201.718	-42.0978	14.1693
36000	-255.777	-213.858	-41.9191	15.503
37000	-243.919	-204.099	-39.8192	15.7433
38000	-250.937	-202.083	-48.8543	10.8625
39000	-247.562	-203.15	-44.4114	13.5691
40000	-248.052	-208.281	-39.7705	16.5605
41000	-251.347	-208.357	-42.9901	17.1404
42000	-251.331	-209.117	-42.2141	15.6107
43000	-243.833	-202.125	-41.7079	15.3386
44000	-245.681	-201.977	-43.7036	13.3383
45000	-245.884	-203.144	-42.74	16.2878
46000	-245.777	-199.164	-46.6122	10.9882
47000	-254.153	-203.808	-50.3453	13.7621
48000	-246.549	-204.201	-42.3472	16.0108
49000	-250.708	-205.858	-44.8497	13.8498
50000	-250.255	-203.306	-46.949	12.0146
51000	-248.741	-204.573	-44.1674	14.1068
52000	-254.281	-213.81	-40.4716	20.2374
53000	-242.5	-200.7	-41.7996	12.6659
54000	-250.542	-209.472	-41.07	18.1172
55000	-250.192	-208.965	-41.2279	16.1892
56000	-245.244	-201.621	-43.6224	13.2627
57000	-248.931	-207.498	-41.4336	15.5667
58000	-245.545	-200.94	-44.6042	10.8326
59000	-252.803	-201.016	-51.7867	11.068
60000	-255.931	-203.413	-52.5181	10.3062
61000	-256.272	-206.144	-50.1282	13.0413
62000	-257.496	-208.045	-49.4509	10.4927
63000	-253.02	-200.774	-52.2457	10.1044
64000	-245.969	-205.795	-40.1735	14.6855
65000	-249.714	-201.969	-47.7445	12.973
66000	-259.962	-211.185	-48.777	12.705
67000	-248.36	-206.146	-42.2133	17.5447
68000	-242.391	-201.461	-40.9304	13.8391
69000	-241.649	-196.507	-45.142	11.3023
70000	-242.495	-203.085	-39.4102	15.3011
71000	-243.579	-200.99	-42.5892	13.7522
72000	-251.067	-206.306	-44.7615	15.2487
73000	-246.861	-203.796	-43.0653	15.7414
74000	-255.511	-210.718	-44.7924	15.969
75000	-249.808	-204.652	-45.1567	15.2325
76000	-242.228	-200.401	-41.8274	13.267
77000	-246.067	-199.34	-46.7265	11.2814
78000	-239.882	-199.272	-40.6103	14.9313
79000	-250.098	-204.263	-45.8351	14.1388
80000	-244.566	-206.962	-37.604	17.0219
81000	-243.987	-202.896	-41.091	15.5963
82000	-247.476	-202.996	-44.4799	14.9277
83000	-249.027	-205.023	-44.0037	15.2009
84000	-256.475	-197.683	-58.7929	7.7074
85000	-252.224	-208.157	-44.0675	13.4605
86000	-248.014	-202.181	-45.833	11.7771
87000	-242.272	-206.865	-35.4069	21.9135
88000	-250.678	-206.962	-43.7152	16.9038
89000	-240.195	-205.304	-34.8906	23.9602
90000	-241.814	-203.577	-38.2372	17.4501
91000	-244.269	-205.723	-38.5465	18.5106
92000	-248.398	-205.254	-43.144	13.9426
93000	-243.134	-206.03	-37.1033	17.9532
94000	-244.143	-204.927	-39.2164	16.4568
95000	-249.872	-208.194	-41.6783	17.0162
96000	-244.484	-203.107	-41.3772	14.9058
97000	-250.323	-204.212	-46.111	12.7128
98000	-249.574	-198.007	-51.5668	10.0333
99000	-247.474	-206.871	-40.6033	14.8211
100000	-249.651	-200.512	-49.1382	11.8992
101000	-246.009	-199.26	-46.7488	13.0592
102000	-243.694	-201.409	-42.2849	14.6643
103000	-245.069	-198.31	-46.7589	11.2351
104000	-251.471	-205.406	-46.065	14.6261
105000	-243.769	-202.828	-40.9407	15.9217
106000	-246.388	-203.708	-42.6795	13.8781
107000	-248.851	-205.656	-43.1954	16.0069
108000	-244.532	-204.535	-39.9972	15.3819
109000	-247.527	-205.523	-42.0033	14.7872
110000	-242.538	-202.361	-40.1773	14.8658
111000	-248.864	-202.235	-46.6291	14.6837
112000	-246.236	-202.859	-43.377	13.9782
113000	-239.609	-199.131	-40.4784	15.0373
114000	-257.629	-215.531	-42.0988	18.6351
115000	-250.52	-208.176	-42.3444	17.0867
116000	-248.21	-204.78	-43.4295	15.3309
117000	-258.883	-211.989	-46.8939	15.2053
118000	-248.557	-209.469	-39.0879	20.0895
119000	-251.351	-205.739	-45.6117	14.6654
120000	-246.515	-208.991	-37.524	22.5879
121000	-248.766	-200.327	-48.4392	11.1489
122000	-244.26	-201.939	-42.3214	15.4862
123000	-260.679	-204.114	-56.5647	10.3665
124000	-255.265	-200.63	-54.6356	8.79273
125000	-248.002	-208.562	-39.4399	19.295
126000	-248.575	-204.972	-43.6024	13.8701
127000	-250.997	-211.978	-39.0189	21.364
128000	-258.538	-211.081	-47.4575	18.0821
129000	-258.294	-209.541	-48.7535	14.5003
130000	-246.937	-202.79	-44.1466	13.0292
131000	-251.755	-210.045	-41.7098	15.1727
132000	-256.443	-209.389	-47.0535	12.8654
133000	-245.449	-203.314	-42.1353	13.7556
134000	-255.988	-214.717	-41.2712	19.4264
135000	-254.783	-199.128	-55.6546	9.39128
136000	-255.232	-213.723	-41.509	17.9829
137000	-246.281	-202.491	-43.7898	13.5931
138000	-250.593	-207.449	-43.1435	18.2607
139000	-249.57	-202.18	-47.3902	11.9434
140000	-245.979	-204.041	-41.9376	15.7098
141000	-241.328	-203.618	-37.7094	17.528
142000	-250.766	-207.667	-43.0983	15.9617
143000	-249.075	-205.975	-43.1002	13.917
144000	-249.943	-202.565	-47.378	12.6666
145000	-253.277	-201.12	-52.1573	9.81854
146000	-249.154	-202.126	-47.0283	12.2038
147000	-248.736	-203.035	-45.7011	13.2054
148000	-255.179	-205.085	-50.0939	12.4297
149000	-253.986	-207.209	-46.777	12.925
150000	-251.261	-205.522	-45.7387	14.0894
151000	-248.446	-203.979	-44.4664	15.382
152000	-249.463	-203.136	-46.3273	11.07
153000	-249.255	-201.625	-47.6306	13.7968
154000	-244.874	-203.479	-41.3949	15.6331
155000	-246.74	-209.363	-37.3774	21.2138
156000	-255.689	-200.128	-55.5611	8.81522
157000	-247.501	-204.369	-43.1323	13.9348
158000	-250.403	-203.773	-46.6305	11.0832
159000	-251.458	-201.452	-50.0062	10.9024
160000	-245.111	-204.116	-40.9945	17.9134
161000	-252.054	-209.228	-42.8258	17.8509
162000	-254.335	-205.284	-49.0507	10.4577
163000	-249.95	-205.129	-44.821	14.9463
164000	-243.056	-202.787	-40.2688	15.312
165000	-244.432	-200.888	-43.5434	13.4586
166000	-242.258	-200.771	-41.4869	14.4084
167000	-249.423	-203.876	-45.5472	13.0021
168000	-240.865	-205.432	-35.4324	20.2017
169000	-244.774	-200.239	-44.5353	13.8767
170000	-247.493	-201.116	-46.3771	11.6542
171000	-243.344	-207.171	-36.1725	18.2035
172000	-246.198	-198.661	-47.5368	11.6418
173000	-238.956	-202.171	-36.7852	17.0627
174000	-247.873	-197.001	-50.8716	9.95912
175000	-246.816	-207.986	-38.8302	20.7641
176000	-247.255	-209.863	-37.3925	17.8194
177000	-241.637	-202.411	-39.2268	16.716
178000	-248.189	-209.28	-38.9093	18.1521
179000	-250.041	-204.096	-45.9448	14.3683
180000	-243.257	-205.884	-37.3732	19.3658
181000	-247.32	-201.523	-45.7968	14.1361
182000	-240.709	-204.84	-35.8682	19.2644
183000	-247.819	-206.514	-41.3045	18.7198
184000	-251.597	-212.264	-39.3336	17.7783
185000	-243.538	-200.439	-43.0988	12.5771
186000	-250.677	-203.059	-47.6176	11.699
187000	-245.762	-209.427	-36.3357	22.8941
188000	-249.883	-201.251	-48.6321	12.9454
189000	-246.959	-202.888	-44.0711	13.3412
190000	-254.78	-205.03	-49.7499	11.0027
191000	-240.875	-201.772	-39.1031	17.5732
192000	-249.365	-212.021	-37.3444	21.8558
193000	-243.148	-202.03	-41.118	12.7492
194000	-253.046	-208.877	-44.1695	15.6127
195000	-250.978	-202.831	-48.147	12.6216
196000	-248.12	-202.665	-45.4555	12.6668
197000	-243.021	-203.164	-39.8572	14.4691
198000	-241.988	-202.792	-39.1964	16.7075
199000	-243.734	-199.924	-43.8101	13.4174
200000	-248.418	-207.163	-41.255	15.2945
201000	-253.231	-210.631	-42.5998	17.6772
202000	-252.062	-206.069	-45.9929	13.3527
203000	-254.267	-203.948	-50.3189	9.96542
204000	-251.848	-211.488	-40.3601	16.2023
205000	-244.837	-198.941	-45.8961	11.2086
206000	-244.715	-202.424	-42.2914	14.9702
207000	-245.975	-201.228	-44.7471	12.8946
208000	-245.056	-200.028	-45.0286	13.0796
209000	-242.868	-200.328	-42.54	14.7331
210000	-251.197	-206.419	-44.7785	13.7383
211000	-255.97	-206.514	-49.4557	12.7291
212000	-251.373	-206.546	-44.8274	13.4005
213000	-247.539	-207.922	-39.6165	18.0601
214000	-248.286	-207.708	-40.5782	14.1507
215000	-247.413	-202.629	-44.7845	15.8075
216000	-248.328	-205.862	-42.4666	12.9438
217000	-246.342	-203.845	-42.4975	12.101
218000	-249.366	-202.448	-46.9185	10.3824
219000	-241.659	-203.56	-38.0989	16.7017
220000	-245.495	-198.544	-46.951	11.6878
221000	-248.842	-203.362	-45.4803	12.4886
222000	-242.683	-197.758	-44.9245	13.2858
223000	-252.462	-205.721	-46.7419	14.2306
224000	-244.311	-205.432	-38.8791	16.2498
225000	-252.262	-203.505	-48.7575	11.2097
226000	-244.189	-204.873	-39.316	15.0157
227000	-243.06	-202.524	-40.5362	16.1745
228000	-260.03	-217.633	-42.3971	18.8614
229000	-253.434	-205.125	-48.3088	12.6392
230000	-246.785	-204.171	-42.6134	14.0666
231000	-253.819	-200.661	-53.1578	9.50208
232000	-255.118	-213.081	-42.0368	15.708
233000	-248.346	-208.894	-39.4513	19.9207
234000	-255.844	-212.104	-43.7394	15.5963
235000	-244.535	-205.501	-39.034	15.9625
236000	-248.036	-203.881	-44.1555	15.0292
237000	-255.633	-207.63	-48.0033	12.3913
238000	-252.421	-212.995	-39.426	19.0579
239000	-248.01	-201.365	-46.6444	12.4966
240000	-244.217	-201.241	-42.9757	13.6361
241000	-247.38	-201.668	-45.7118	10.4186
242000	-242.895	-206.977	-35.9185	21.4711
243000	-249.047	-202.491	-46.5566	12.4787
244000	-250.406	-203.56	-46.8457	12.2947
245000	-259.6	-209.3	-50.2999	15.7226
246000	-252.31	-208.01	-44.3009	16.0084
247000	-241.578	-200.243	-41.3345	14.4409
248000	-246.659	-201.943	-44.7156	12.4699
249000	-245.142	-202.794	-42.3475	14.2798
250000	-248.18	-212.078	-36.1027	22.1238
251000	-249.131	-205.348	-43.783	13.8697
252000	-244.272	-204.395	-39.8773	17.2031
253000	-254.013	-202.487	-51.5268	10.2734
254000	-242.463	-204.292	-38.171	17.1529
255000	-251.82	-203.795	-48.0249	11.4916
256000	-258.097	-216.344	-41.7538	19.7634
257000	-252.403	-212.868	-39.5349	18.1773
258000	-246.591	-202.849	-43.7414	15.028
259000	-250.496	-203.54	-46.9564	11.2385
260000	-242.249	-201.753	-40.4955	16.8744
261000	-241.468	-202.664	-38.8042	16.7751
262000	-251.401	-204.599	-46.8017	12.0131
263000	-241.296	-201.803	-39.4932	14.6083
264000	-246.323	-206.314	-40.0089	18.6966
265000	-250.039	-206.822	-43.2171	15.7839
266000	-247.408	-202.408	-44.9995	13.7192
267000	-249.72	-209.263	-40.4572	16.7627
268000	-244.929	-202.155	-42.7743	14.4454
269000	-243.924	-203.872	-40.0518	14.6111
270000	-263.456	-215.769	-47.687	16.9536
271000	-254.783	-204.092	-50.6909	9.4167
272000	-246.533	-205.093	-41.4402	15.1103
273000	-242.53	-203.756	-38.7744	16.2294
274000	-247.267	-203.089	-44.1784	14.7682
275000	-247.829	-200.333	-47.496	12.0047
276000	-248.276	-204.255	-44.0209	13.0726
277000	-249.868	-205.155	-44.7131	13.0336
278000	-247.915	-204.064	-43.851	14.2068
279000	-250.648	-204.777	-45.8706	11.4972
280000	-247.955	-206.94	-41.0143	13.5342
281000	-248.57	-208.9	-39.67	19.0579
282000	-246.733	-205.809	-40.9238	16.5967
283000	-248.613	-200.189	-48.4233	11.4044
284000	-249.806	-204.667	-45.1388	14.0979
285000	-241.15	-202.011	-39.1396	13.7398
286000	-249.347	-202.883	-46.4638	12.592
287000	-244.415	-202.719	-41.6959	15.204
288000	-241.694	-205.263	-36.4306	20.1178
289000	-255.871	-209.066	-46.8053	13.3068
290000	-258.969	-212.472	-46.4972	16.7101
291000	-246.426	-209.28	-37.1452	22.9304
292000	-246.904	-203.261	-43.6434	15.1732
293000	-249.296	-203.199	-46.0969	13.0657
294000	-243.352	-198.701	-44.6507	13.492
295000	-248.416	-204.063	-44.3529	14.6172
296000	-253.006	-206.419	-46.5873	13.5822
297000	-253.493	-209.042	-44.4507	14.142
298000	-261.424	-211.221	-50.2027	11.7507
299000	-252.797	-206.503	-46.294	14.3094
300000	-251.87	-203.64	-48.2302	12.6703
301000	-243.22	-202.539	-40.6813	14.5564
302000	-259.449	-212.102	-47.3477	11.4843
303000	-245.657	-202.421	-43.2355	13.3565
304000	-245.14	-199.472	-45.668	12.4545
305000	-248.979	-209.081	-39.8975	14.5989
306000	-249.44	-200.894	-48.5458	12.8874
307000	-243.661	-203.625	-40.0366	15.9155
308000	-252.481	-198.928	-53.5537	8.84971
309000	-248.268	-199.662	-48.606	10.0332
310000	-245.024	-207.581	-37.4429	17.5301
311000	-254.751	-213.019	-41.7324	19.4733
312000	-249.836	-203.318	-46.518	13.1223
313000	-243.759	-201.812	-41.9472	14.5707
314000	-242.875	-203.124	-39.7509	16.747
315000	-253.136	-205.269	-47.8669	12.8171
316000	-251.31	-208.649	-42.6618	14.6199
317000	-251.878	-210.673	-41.2043	16.2016
318000	-247.638	-205.359	-42.2793	15.3875
319000	-245.986	-206.593	-39.3931	17.2809
320000	-253.394	-210.488	-42.9064	18.8261
321000	-249.205	-206.443	-42.7619	15.5855
322000	-248.452	-209.118	-39.3342	20.2889
323000	-252.537	-210.877	-41.6605	14.169
324000	-247.207	-201.02	-46.1874	12.8888
325000	-255.173	-213.446	-41.7269	18.6299
326000	-247.456	-212.132	-35.324	18.3083
327000	-248.302	-203.287	-45.0144	12.9695
328000	-253.966	-204.945	-49.0207	11.5164
329000	-240.062	-199.75	-40.3123	14.3189
330000	-245.341	-201.294	-44.0468	12.4315
331000	-254.654	-207.023	-47.6317	15.2501
332000	-254.37	-211.459	-42.9115	14.3593
333000	-246.574	-210.53	-36.044	19.8442
334000	-244.796	-197.802	-46.9939	10.8144
335000	-249.255	-204.831	-44.4239	13.7939
336000	-239.628	-196.802	-42.8256	12.5818
337000	-248.761	-203.395	-45.3657	13.671
338000	-248.793	-206.74	-42.0527	15.6837
339000	-242.871	-203.951	-38.9194	16.8779
340000	-248.807	-202.897	-45.9099	11.191
341000	-251.012	-197.459	-53.5534	9.76756
342000	-243.101	-203.721	-39.3798	14.4942
343000	-254.754	-211.79	-42.9642	15.7273
344000	-258.192	-208.339	-49.8537	12.0097
345000	-251.175	-203.602	-47.5737	11.7341
346000	-252.014	-202.043	-49.971	11.0759
347000	-250.074	-200.697	-49.377	10.5554
348000	-255.963	-214.68	-41.2826	18.1561
349000	-248.591	-205.71	-42.8812	17.3642
350000	-245.587	-202.117	-43.4704	14.2131
351000	-247.754	-207.164	-40.59	16.9389
352000	-245.405	-207.725	-37.6801	19.9653
353000	-245.91	-200.652	-45.2577	13.2128
354000	-252.564	-213.314	-39.2497	20.8123
355000	-241.072	-199.433	-41.6393	14.4622
356000	-254.196	-203.415	-50.7809	10.7533
357000	-243.337	-201.519	-41.8184	13.4171
358000	-253.174	-213.902	-39.2721	19.2769
359000	-252.217	-195.547	-56.6695	9.30238
360000	-249.875	-203.675	-46.1998	13.5617
361000	-252.554	-199.731	-52.8224	9.80502
362000	-248.991	-209.679	-39.3124	18.0903
363000	-243.732	-199.892	-43.8399	12.9944
364000	-249.06	-204.886	-44.1735	12.588
365000	-248.584	-198.837	-49.7469	10.4345
366000	-246.904	-208.965	-37.9382	20.3118
367000	-249.092	-207.515	-41.5776	17.6841
368000	-245.715	-199.461	-46.2545	11.922
369000	-246.907	-200.438	-46.469	12.2078
370000	-253.41	-208.873	-44.537	17.4117
371000	-247.298	-211.277	-36.0205	16.9828
372000	-249.19	-200.738	-48.4517	10.6694
373000	-248.036	-200.688	-47.3474	12.2972
374000	-247.619	-209.411	-38.2086	17.6563
375000	-241.72	-200.326	-41.394	15.6236
376000	-257.311	-214.581	-42.7302	19.395
377000	-246.022	-210.605	-35.4168	20.1586
378000	-244.302	-203.739	-40.5626	16.5663
379000	-247.99	-206.17	-41.8206	14.5765
380000	-249.842	-210.167	-39.6757	17.8298
381000	-246.779	-202.84	-43.9383	11.6204
382000	-246.014	-201.468	-44.5459	12.8192
383000	-246.27	-202.119	-44.1511	14.3311
384000	-248.995	-207.968	-41.0272	16.6265
385000	-250.551	-205.48	-45.0707	13.512
386000	-257.38	-202.367	-55.0132	9.71723
387000	-246.06	-206.602	-39.4581	15.2732
388000	-251.826	-204.547	-47.2789	13.0875
389000	-242.401	-201.903	-40.4981	14.1871
390000	-249.54	-206.759	-42.7811	15.4426
391000	-251.314	-205.069	-46.2445	14.5885
392000	-250.385	-208.326	-42.0592	18.9805
393000	-247.131	-212.895	-34.2353	28.9094
394000	-249.709	-202.55	-47.1589	12.0682
395000	-250.762	-211.104	-39.6578	20.2473
396000	-257.058	-212.767	-44.2918	15.5461
397000	-246.426	-202.652	-43.7739	13.4693
398000	-255.926	-207.491	-48.4354	14.0325
399000	-242.375	-204.136	-38.2391	17.3167
400000	-248.511	-204.202	-44.3091	12.4574
401000	-243.779	-201.084	-42.6944	13.4921
402000	-247.824	-206.148	-41.6761	12.2206
403000	-248.635	-208.131	-40.5045	17.5881
404000	-247.992	-208.288	-39.7045	20.366
405000	-250.529	-198.556	-51.9726	8.93153
406000	-253.74	-209.081	-44.6595	15.9565
407000	-246.523	-200.413	-46.1105	13.6489
408000	-254.426	-210.941	-43.4855	16.4231
409000	-249.284	-200.446	-48.8381	10.9159
410000	-247.19	-200.982	-46.2073	12.2242
411000	-246.214	-201.539	-44.6755	12.3431
412000	-247.775	-204.153	-43.6221	14.3379
413000	-252.271	-205.716	-46.5552	11.4141
414000	-247.455	-204.241	-43.214	16.0829
415000	-253.834	-205.611	-48.2233	13.2981
416000	-245.15	-204.514	-40.6361	15.8301
417000	-248.696	-204.906	-43.79	14.8793
418000	-242.439	-197.307	-45.132	12.624
419000	-246.05	-203.264	-42.7864	14.7624
420000	-254.755	-210.274	-44.4809	17.2308
421000	-249.388	-206.672	-42.7168	12.4381
422000	-248.245	-205.914	-42.3308	14.7372
423000	-245.37	-199.505	-45.865	12.6258
424000	-257.044	-214.477	-42.5669	16.9648
425000	-247.353	-204.153	-43.1999	14.4725
426000	-251.907	-212.277	-39.6295	18.5019
427000	-243.629	-197.823	-45.8064	11.1691
428000	-251.925	-213.578	-38.3469	18.3937
429000	-252.083	-213.592	-38.4903	21.7481
430000	-252.205	-207.343	-44.8623	15.9901
431000	-242.135	-198.739	-43.396	11.8844
432000	-246.497	-201.843	-44.6535	14.5963
433000	-258.321	-205.467	-52.8546	10.4717
434000	-257.041	-209.231	-47.8104	12.1827
435000	-251.611	-203.075	-48.5361	12.8239
436000	-249.341	-205.636	-43.7047	13.516
437000	-247.206	-211.282	-35.9236	22.6704
438000	-245.447	-202.079	-43.3685	14.523
439000	-247.713	-203.401	-44.312	13.4513
440000	-240.189	-203.017	-37.1721	18.3816
441000	-243.64	-199.088	-44.5519	12.1986
442000	-244.39	-201.547	-42.8428	14.8083
443000	-244.356	-203.826	-40.5298	15.9368
444000	-243.508	-204.94	-38.5685	17.3467
445000	-243.827	-205.075	-38.7523	16.4978
446000	-243.367	-202.068	-41.2998	14.7846
447000	-257.094	-209.746	-47.3483	13.8152
448000	-248.136	-200.637	-47.499	12.5549
449000	-254.368	-205.821	-48.5472	11.5595
450000	-238.611	-198.724	-39.8862	15.6613
451000	-242.455	-205.06	-37.3943	20.6079
452000	-245.18	-205.746	-39.4337	16.9621
453000	-246.498	-205.561	-40.9366	19.2147
454000	-252.749	-204.501	-48.2482	11.9324
455000	-248.556	-205	-43.5566	14.4219
456000	-248.041	-205.958	-42.0838	16.9845
457000	-246.923	-203.184	-43.7396	13.3891
458000	-244.152	-201.785	-42.367	14.6471
459000	-246.728	-207.046	-39.6824	17.4137
460000	-251.579	-208.842	-42.7363	15.9874
461000	-247.19	-206.422	-40.768	16.7817
462000	-252.648	-206.152	-46.4964	13.2438
463000	-247.172	-203.627	-43.5454	13.0033
464000	-248.669	-199.635	-49.0341	10.7723
465000	-247.609	-204.977	-42.6326	13.5837
466000	-255.598	-210.8	-44.7981	15.1573
467000	-249.044	-203.21	-45.8341	14.4502
468000	-247.195	-202.099	-45.0957	12.469
469000	-249.83	-204.209	-45.6206	12.6343
470000	-240.999	-205.195	-35.8041	23.0374
471000	-260.553	-207.573	-52.9801	11.5148
472000	-245.316	-201.939	-43.3764	13.4885
473000	-240.598	-199.502	-41.0964	15.2204
474000	-250.552	-203.743	-46.809	13.7148
475000	-247.284	-204.798	-42.4856	16.3152
476000	-242.568	-203.967	-38.6007	17.193
477000	-254.818	-210.778	-44.0401	13.1316
478000	-247.117	-206.727	-40.3896	18.5747
479000	-237.013	-198.058	-38.955	14.5389
480000	-249.481	-204.212	-45.2689	14.1616
481000	-248.755	-213.314	-35.4406	28.0667
482000	-248.776	-203.487	-45.2888	13.1747
483000	-247.073	-204.165	-42.908	15.1044
484000	-258.938	-206.418	-52.5202	9.36781
485000	-243.068	-200.67	-42.3982	13.2092
486000	-246.861	-202.327	-44.534	14.1354
487000	-247.906	-201.804	-46.1025	12.733
488000	-251.476	-205.279	-46.1967	12.9295
489000	-254.301	-210.958	-43.3429	14.3633
490000	-251.69	-205.361	-46.3296	13.0766
491000	-247.02	-206.917	-40.1026	16.445
492000	-248.819	-204.353	-44.4666	12.2922
493000	-240.618	-200.416	-40.2018	17.0372
494000	-245.756	-202.69	-43.0661	12.8731
495000	-243.852	-204.366	-39.4858	14.6363
496000	-247.593	-203.543	-44.0502	12.8645
497000	-242.526	-207.173	-35.3536	22.8056
498000	-244.264	-204.845	-39.4186	14.772
499000	-249.043	-202.177	-46.8654	11.373
500000	-245.513	-202.094	-43.4191	14.1556
