Iteration	Posterior	Likelihood	Prior	sigma
0	-355.522	-199.069	-156.453	20.7303
1000	-361.15	-195.925	-165.225	14.978
2000	-356.913	-200.312	-156.6	23.8077
3000	-360.051	-199.585	-160.466	18.4229
4000	-357.425	-201.27	-156.155	22.175
5000	-361.154	-201.655	-159.499	21.5343
6000	-366.918	-206.095	-160.824	20.8601
7000	-358.803	-204.525	-154.278	27.1119
8000	-354.977	-199.324	-155.653	21.1434
9000	-363.93	-210.199	-153.731	31.941
10000	-359.584	-203.49	-156.094	24.1871
11000	-355.891	-197.35	-158.541	20.2329
12000	-364.264	-203.278	-160.986	21.6256
13000	-356.61	-197.18	-159.43	18.4977
14000	-360.227	-202.076	-158.152	19.1615
15000	-351.519	-196.068	-155.451	20.6251
16000	-353.09	-202.825	-150.265	28.0745
17000	-357.983	-201.321	-156.662	23.1609
18000	-357.142	-202.762	-154.38	20.423
19000	-359.203	-200.144	-159.059	21.3359
20000	-355.264	-200.089	-155.176	23.02
21000	-353.348	-200.508	-152.839	26.0739
22000	-356.87	-201.611	-155.259	20.6475
23000	-357.406	-202.188	-155.218	24.0584
24000	-361.316	-204.217	-157.099	20.1207
25000	-360.271	-200.067	-160.204	18.2171
26000	-366.124	-205.186	-160.938	20.2591
27000	-351.428	-196.241	-155.187	22.5494
28000	-369.106	-209.049	-160.057	22.7007
29000	-363.333	-201.157	-162.176	15.073
30000	-366.634	-205.715	-160.919	19.867
31000	-354.43	-200.247	-154.183	23.2683
32000	-349.705	-197.657	-152.048	24.9302
33000	-358.224	-204.072	-154.151	24.4868
34000	-365.483	-206.007	-159.476	15.8869
35000	-356.129	-197.22	-158.909	18.7343
36000	-354.051	-194.298	-159.753	16.2387
37000	-356.769	-197.538	-159.232	20.5183
38000	-361.308	-203.81	-157.498	17.7972
39000	-361.069	-200.314	-160.755	16.7538
40000	-361.749	-198.635	-163.114	15.5498
41000	-357.486	-201.853	-155.632	20.9647
42000	-352.941	-197.648	-155.292	20.5428
43000	-354.454	-200.363	-154.091	22.4461
44000	-354.986	-198.462	-156.523	20.2264
45000	-352.235	-197.178	-155.057	24.0169
46000	-363.287	-202.91	-160.377	19.9383
47000	-369.095	-205.577	-163.518	17.1621
48000	-370.001	-206.243	-163.757	18.5948
49000	-350.978	-199.691	-151.286	29.2587
50000	-357.358	-197.346	-160.012	18.0831
51000	-360.637	-202.314	-158.322	21.6038
52000	-361.971	-207.83	-154.142	24.5877
53000	-356.045	-204.828	-151.217	32.1075
54000	-359.705	-200.109	-159.596	18.3387
55000	-361.632	-197.711	-163.921	18.144
56000	-359.312	-201.339	-157.973	21.1829
57000	-364.592	-206.851	-157.74	23.0608
58000	-358.632	-203.393	-155.239	23.6826
59000	-356.231	-202.99	-153.241	29.0003
60000	-352.736	-201.535	-151.201	31.0545
61000	-360.267	-202.577	-157.69	21.6838
62000	-355.738	-200.505	-155.233	23.1467
63000	-357.645	-200.157	-157.489	19.5444
64000	-352.385	-198.044	-154.341	21.3209
65000	-355.399	-198.273	-157.126	23.2408
66000	-357.837	-202.52	-155.316	23.3361
67000	-360.166	-197.949	-162.217	16.8513
68000	-363.649	-205.616	-158.033	25.435
69000	-355.001	-198.802	-156.2	19.8791
70000	-357.526	-201.788	-155.738	23.4599
71000	-362.924	-198.62	-164.304	18.0124
72000	-355.717	-202.922	-152.795	27.0244
73000	-355.728	-202.584	-153.143	24.2699
74000	-357.32	-202.534	-154.787	26.5522
75000	-358.07	-201.713	-156.357	22.8887
76000	-353.322	-195.399	-157.922	19.9258
77000	-357.447	-204.199	-153.247	23.3479
78000	-353.714	-202.147	-151.567	26.684
79000	-353.468	-197.064	-156.405	19.7821
80000	-355.173	-194.545	-160.628	16.6144
81000	-365.198	-206.197	-159	23.4701
82000	-360.747	-196.928	-163.82	14.1839
83000	-354.61	-194.697	-159.914	17.276
84000	-359.133	-201.231	-157.902	22.2277
85000	-356.905	-197.561	-159.345	19.4403
86000	-358.937	-202.672	-156.265	23.1747
87000	-355.005	-197.161	-157.844	21.0662
88000	-359.766	-201.717	-158.049	18.9843
89000	-359.013	-196.431	-162.582	18.9348
90000	-356.814	-200.843	-155.971	23.6635
91000	-357.306	-200.9	-156.406	20.3141
92000	-358.424	-203.444	-154.981	27.1993
93000	-366.41	-205.672	-160.738	24.4
94000	-356.867	-201.15	-155.716	22.3189
95000	-354.167	-196.679	-157.487	18.6437
96000	-360.208	-196.653	-163.554	16.9486
97000	-363.784	-193.852	-169.931	12.9307
98000	-360.477	-205.009	-155.467	25.196
99000	-357.227	-201.903	-155.324	23.9149
100000	-359.033	-200.869	-158.164	23.3447
101000	-362.483	-202.731	-159.752	22.0937
102000	-359.66	-198.232	-161.428	16.4425
103000	-364.634	-207.82	-156.815	25.5223
104000	-359.748	-201.36	-158.388	19.854
105000	-357.766	-202.312	-155.454	23.4768
106000	-356.558	-198.352	-158.205	17.8616
107000	-358.688	-198.068	-160.62	16.9143
108000	-359.82	-201.604	-158.216	18.1603
109000	-359.311	-200.44	-158.87	19.8281
110000	-351.539	-198.247	-153.292	23.3091
111000	-357.357	-204.426	-152.932	27.1212
112000	-361.105	-196.239	-164.866	13.1539
113000	-362.664	-203.062	-159.602	20.2759
114000	-354.551	-201.856	-152.696	24.7577
115000	-354.515	-197.29	-157.226	17.5801
116000	-359.806	-200.198	-159.608	20.1837
117000	-357.991	-201.189	-156.803	21.4698
118000	-355.665	-202.465	-153.199	25.0976
119000	-352.32	-201.438	-150.882	27.2276
120000	-352.644	-196.243	-156.401	20.1195
121000	-358.424	-199.366	-159.059	16.7544
122000	-353.363	-200.242	-153.121	25.5817
123000	-353.456	-200.555	-152.901	27.377
124000	-355.737	-199.448	-156.288	22.7523
125000	-354.53	-198.202	-156.328	23.0176
126000	-369.386	-201.709	-167.677	17.9756
127000	-370.521	-204.852	-165.669	14.3215
128000	-352.884	-196.404	-156.48	20.7369
129000	-354.201	-200.874	-153.327	28.1473
130000	-355.237	-196.292	-158.945	19.2572
131000	-360.178	-199.081	-161.097	16.426
132000	-356.754	-199.24	-157.514	19.6307
133000	-360.569	-206.628	-153.941	20.535
134000	-354.288	-197.957	-156.331	19.3202
135000	-355.552	-197.955	-157.597	18.113
136000	-366.965	-208.072	-158.893	21.8033
137000	-363.87	-202.29	-161.58	16.079
138000	-360.092	-199.754	-160.338	16.7867
139000	-361.974	-204.548	-157.427	19.1644
140000	-358.529	-199.036	-159.493	18.4488
141000	-359.362	-201.423	-157.939	21.0998
142000	-362.522	-203.651	-158.871	22.1892
143000	-361.442	-202.511	-158.931	20.025
144000	-366.971	-200.237	-166.734	17.318
145000	-357.901	-204.771	-153.13	24.7275
146000	-358.79	-200.347	-158.442	20.3149
147000	-358.166	-203.842	-154.324	25.8532
148000	-357.323	-205.673	-151.65	28.9586
149000	-356.673	-202.743	-153.93	28.6401
150000	-355.709	-202.658	-153.05	27.6041
151000	-358.498	-205.277	-153.221	27.2329
152000	-354.484	-195.77	-158.714	18.1197
153000	-358.256	-198.971	-159.285	18.8331
154000	-362.732	-199.559	-163.173	17.1174
155000	-360.163	-206.99	-153.173	26.4456
156000	-350.126	-196.411	-153.715	21.6021
157000	-363.523	-204.559	-158.964	20.1864
158000	-353.822	-197.697	-156.125	18.4311
159000	-354.15	-202.39	-151.76	27.6895
160000	-357.58	-195.736	-161.844	14.8924
161000	-362.367	-195.723	-166.643	15.3297
162000	-367.312	-205.667	-161.645	23.3312
163000	-360.278	-204.262	-156.016	24.1592
164000	-363.085	-197.647	-165.438	14.4278
165000	-363.062	-202.45	-160.613	19.2247
166000	-360.565	-198.101	-162.464	16.0476
167000	-356.758	-197.52	-159.237	18.0886
168000	-356.266	-196.538	-159.728	18.3278
169000	-358.288	-195.569	-162.719	18.5852
170000	-360.863	-201.646	-159.217	20.1414
171000	-358.145	-200.829	-157.315	22.5534
172000	-365.259	-201.799	-163.459	20.4436
173000	-357.145	-201.678	-155.467	22.9392
174000	-354.023	-197.768	-156.255	18.5307
175000	-367.494	-213.548	-153.946	27.658
176000	-356.386	-197.947	-158.439	19.6735
177000	-355.306	-200.559	-154.747	18.6048
178000	-354.535	-200.524	-154.011	24.5756
179000	-359.615	-200.438	-159.177	17.376
180000	-364.495	-206.346	-158.149	20.1111
181000	-355.842	-202.074	-153.768	24.6199
182000	-355.601	-202.242	-153.36	22.2489
183000	-360.6	-201.507	-159.093	20.2945
184000	-361.356	-205.649	-155.707	21.157
185000	-361.371	-197.815	-163.556	15.2382
186000	-361.229	-205.343	-155.885	18.8004
187000	-356.136	-203	-153.136	24.4139
188000	-359.096	-201.72	-157.376	22.4936
189000	-356.509	-197.81	-158.699	16.9715
190000	-355.423	-196.963	-158.46	19.7975
191000	-352.985	-197.445	-155.539	23.8447
192000	-358.458	-200.918	-157.54	24.0416
193000	-352.71	-197.803	-154.907	21.241
194000	-357.06	-200.424	-156.636	26.192
195000	-357.958	-197.509	-160.448	15.6099
196000	-360.549	-205.206	-155.342	30.174
197000	-360.094	-200.906	-159.189	16.8798
198000	-356.669	-198.868	-157.802	21.8731
199000	-357.894	-200.508	-157.386	21.2189
200000	-351.223	-194.183	-157.04	18.7054
201000	-357.076	-203.241	-153.835	20.4022
202000	-356.692	-199.288	-157.405	20.7971
203000	-359.062	-205.275	-153.788	27.607
204000	-357.938	-195.945	-161.993	17.3104
205000	-357.872	-199.003	-158.869	19.3666
206000	-359.25	-201.49	-157.76	22.2093
207000	-355.498	-201.201	-154.298	22.9719
208000	-358.95	-200.948	-158.002	19.7707
209000	-357.911	-201.775	-156.136	20.0055
210000	-360.175	-201.58	-158.595	17.3211
211000	-357.873	-195.84	-162.034	14.7498
212000	-354.547	-195.675	-158.872	16.8854
213000	-355.314	-197.224	-158.09	18.7839
214000	-362.1	-198.949	-163.151	16.6613
215000	-356.429	-198.662	-157.767	19.7983
216000	-358.578	-201.757	-156.821	21.8014
217000	-354.141	-199.738	-154.403	22.7114
218000	-366.356	-196.936	-169.42	12.1314
219000	-355.676	-205.389	-150.287	33.3906
220000	-360.502	-197.197	-163.304	16.077
221000	-354.501	-197.506	-156.995	21.5738
222000	-351.089	-200.733	-150.356	29.283
223000	-362.973	-200.633	-162.34	13.7373
224000	-359.994	-204.509	-155.485	20.1243
225000	-349.575	-195.821	-153.753	22.2574
226000	-363.022	-197.737	-165.285	14.8392
227000	-358.34	-201.893	-156.446	22.9191
228000	-357.533	-199.146	-158.387	20.9078
229000	-356.864	-198.262	-158.602	18.0575
230000	-355.652	-201.036	-154.616	20.8692
231000	-359.143	-198.571	-160.572	18.2803
232000	-357.997	-202.238	-155.759	27.7978
233000	-359.642	-195.368	-164.275	15.6701
234000	-353.173	-192.776	-160.397	16.7959
235000	-362.988	-202.846	-160.142	21.8155
236000	-354.539	-202.44	-152.098	25.9075
237000	-355.278	-197.005	-158.273	17.035
238000	-360.145	-202.468	-157.677	22.2128
239000	-357.909	-204.191	-153.718	29.4323
240000	-353.903	-196.489	-157.414	20.262
241000	-364.001	-208.265	-155.735	25.6118
242000	-353.697	-199.711	-153.986	23.8544
243000	-357.346	-197.798	-159.549	19.673
244000	-354.961	-197.388	-157.574	16.9871
245000	-351.331	-197.991	-153.341	23.1477
246000	-359.848	-202.05	-157.798	21.1555
247000	-356.167	-198.472	-157.695	22.3716
248000	-354.536	-201.975	-152.561	26.252
249000	-363.09	-205.937	-157.153	22.2646
250000	-353.493	-193.742	-159.751	17.8204
251000	-357.573	-204.465	-153.108	27.1854
252000	-352.924	-196.597	-156.328	20.5525
253000	-360.017	-206.81	-153.208	28.454
254000	-365.842	-201.802	-164.041	20.0794
255000	-353.3	-197.371	-155.93	19.042
256000	-358.983	-201.93	-157.053	22.8425
257000	-358.215	-200.276	-157.938	21.1446
258000	-360.142	-206.471	-153.672	25.2513
259000	-354.576	-197.732	-156.844	21.1201
260000	-360.193	-205.193	-155.001	21.4908
261000	-351.556	-198.425	-153.131	22.0804
262000	-353.592	-198.819	-154.773	21.6787
263000	-357.505	-202.09	-155.415	21.5396
264000	-367.065	-205.584	-161.481	18.0274
265000	-351.234	-198.412	-152.822	24.6897
266000	-354.396	-200.983	-153.414	22.1058
267000	-366.588	-205.67	-160.917	15.7107
268000	-360.623	-205.929	-154.694	24.9727
269000	-352.888	-197.417	-155.471	21.6689
270000	-358.687	-201.489	-157.198	18.1226
271000	-358.461	-196.662	-161.799	15.2518
272000	-359.907	-196.843	-163.065	18.2166
273000	-355.834	-198.603	-157.231	21.1915
274000	-358.924	-203.681	-155.244	23.0745
275000	-364.502	-205.906	-158.596	21.3237
276000	-359.852	-199.589	-160.263	19.8652
277000	-357.231	-202.841	-154.39	24.3423
278000	-361.033	-200.142	-160.891	19.8065
279000	-354.234	-197.483	-156.75	19.6553
280000	-357.751	-199.491	-158.26	15.5353
281000	-359.886	-203.137	-156.749	19.6479
282000	-362.277	-200.38	-161.896	17.8005
283000	-353.941	-198.433	-155.508	19.297
284000	-357.999	-201.683	-156.316	22.2312
285000	-358.489	-200.945	-157.545	20.3171
286000	-354.15	-198.498	-155.651	18.3364
287000	-363.182	-200.841	-162.341	18.3097
288000	-359.294	-203.437	-155.857	20.1435
289000	-355.462	-198.831	-156.632	16.6951
290000	-363.298	-207.189	-156.109	20.9465
291000	-356.266	-191.766	-164.501	15.4601
292000	-355.444	-197.073	-158.371	17.2829
293000	-361.208	-202.603	-158.605	19.5868
294000	-358.814	-203.88	-154.934	26.4728
295000	-359.258	-201.237	-158.021	19.459
296000	-357.837	-198.149	-159.688	20.297
297000	-357.282	-206.769	-150.514	32.4331
298000	-355.011	-192.795	-162.216	15.9299
299000	-351.405	-197.552	-153.853	22.2675
300000	-357.815	-201.11	-156.705	18.5903
301000	-353.707	-203.56	-150.146	30.6475
302000	-356.553	-201.463	-155.089	22.4808
303000	-351.285	-201.97	-149.314	34.3049
304000	-362.321	-205.15	-157.171	20.8847
305000	-350.849	-198.237	-152.612	24.0328
306000	-359.601	-202.581	-157.02	21.7556
307000	-358.094	-199.577	-158.516	18.9227
308000	-358.291	-198.932	-159.359	16.6784
309000	-355.286	-199.346	-155.941	25.0776
310000	-356.88	-200.84	-156.04	22.7161
311000	-357.766	-200.845	-156.92	21.2874
312000	-364.431	-208.616	-155.815	24.1702
313000	-355.776	-198.967	-156.808	23.2491
314000	-358.037	-201.877	-156.16	23.079
315000	-353.801	-199.217	-154.584	19.9551
316000	-363.928	-208.2	-155.727	23.501
317000	-356.484	-196.027	-160.457	17.3971
318000	-362.408	-203.507	-158.901	18.5175
319000	-351.964	-198.572	-153.392	22.3658
320000	-358.91	-200.953	-157.958	18.7341
321000	-351.777	-198.971	-152.806	25.0878
322000	-351.106	-195.395	-155.711	20.8932
323000	-358.379	-200.815	-157.565	20.1011
324000	-355.774	-202.084	-153.69	21.6599
325000	-355.697	-198.429	-157.269	19.4163
326000	-356.63	-200.832	-155.798	18.9548
327000	-352.248	-197.518	-154.73	22.6719
328000	-360.647	-196.132	-164.515	14.4489
329000	-361.958	-199.015	-162.944	17.4719
330000	-354.77	-195.401	-159.369	17.0844
331000	-360.14	-202.873	-157.267	20.0541
332000	-353.679	-199.378	-154.302	19.8705
333000	-350.357	-195.199	-155.157	22.619
334000	-363.162	-195.021	-168.141	14.5449
335000	-355.529	-202.546	-152.983	23.6125
336000	-366.161	-203.103	-163.059	18.3929
337000	-361.489	-202.513	-158.976	19.4695
338000	-356.596	-196.987	-159.609	19.7766
339000	-351.957	-198.273	-153.684	24.2866
340000	-354.312	-200.868	-153.444	25.0668
341000	-357.123	-204.006	-153.117	29.5599
342000	-358.599	-199.611	-158.988	16.7715
343000	-363.037	-204.366	-158.671	21.6607
344000	-353.151	-199.056	-154.096	24.3885
345000	-364.054	-200.23	-163.823	14.7068
346000	-352.889	-192.676	-160.213	16.4962
347000	-353.006	-195.706	-157.3	20.6413
348000	-357.9	-202.222	-155.678	21.3472
349000	-354.865	-198.504	-156.361	21.7233
350000	-364.139	-206.732	-157.408	24.9508
351000	-354.355	-200.572	-153.783	24.4162
352000	-362.354	-196.4	-165.954	16.6827
353000	-356.168	-199.693	-156.475	20.2661
354000	-357.682	-205.685	-151.998	27.9919
355000	-354.577	-198.381	-156.196	18.7123
356000	-359.255	-202.667	-156.589	21.7315
357000	-351.367	-195.923	-155.444	18.5184
358000	-359.561	-201.859	-157.702	20.6611
359000	-353.787	-193.566	-160.221	15.4743
360000	-356.98	-194.019	-162.961	15.9339
361000	-357.012	-202.863	-154.149	22.9922
362000	-357.672	-204.496	-153.176	25.7024
363000	-353.024	-196.758	-156.266	20.4101
364000	-356.879	-204.896	-151.983	29.5127
365000	-350.503	-198.871	-151.632	25.1809
366000	-356.025	-195.382	-160.643	17.842
367000	-355.884	-201.81	-154.074	22.6115
368000	-357.393	-202.582	-154.812	24.6047
369000	-359.862	-203.694	-156.168	24.1493
370000	-357.515	-201.319	-156.196	20.1292
371000	-356.045	-199.427	-156.618	22.4131
372000	-351.18	-198.193	-152.988	25.5947
373000	-357.12	-198.79	-158.33	20.0029
374000	-359.881	-203.119	-156.762	26.2187
375000	-350.971	-196.729	-154.242	21.8877
376000	-349.978	-195.119	-154.858	20.9712
377000	-352.373	-199.377	-152.996	24.7937
378000	-358	-205.475	-152.525	26.346
379000	-354.899	-198.839	-156.061	20.477
380000	-360.975	-206.143	-154.832	21.9477
381000	-349.791	-195.177	-154.614	19.768
382000	-361.86	-205.701	-156.159	23.9032
383000	-356.007	-203.489	-152.518	29.4759
384000	-355.065	-198.101	-156.964	21.9666
385000	-352.574	-200.899	-151.676	26.836
386000	-357.413	-205.843	-151.57	29.7335
387000	-359.475	-200.368	-159.107	18.4639
388000	-359.75	-204.325	-155.425	27.597
389000	-365.105	-208.22	-156.885	20.9366
390000	-364.514	-200.172	-164.342	16.3915
391000	-366.768	-212.984	-153.784	28.1618
392000	-359.081	-200.485	-158.596	19.3372
393000	-362.081	-203.7	-158.38	20.9529
394000	-356.055	-199.406	-156.649	20.0532
395000	-354.282	-197.999	-156.284	20.942
396000	-361.331	-208.613	-152.717	33.0881
397000	-354.37	-199.702	-154.668	23.8917
398000	-355.134	-196.415	-158.72	20.1715
399000	-351.938	-196.667	-155.271	19.6076
400000	-356.974	-202.725	-154.248	26.019
401000	-359.884	-200.876	-159.007	19.207
402000	-358.965	-202.832	-156.133	22.7795
403000	-353.816	-194.432	-159.384	18.0109
404000	-353.104	-198.851	-154.254	26.531
405000	-352.266	-195.779	-156.487	18.7327
406000	-360.081	-203.581	-156.5	21.8082
407000	-360.558	-199.9	-160.657	19.2899
408000	-351.596	-196.528	-155.068	21.7627
409000	-355.398	-197.86	-157.538	20.0947
410000	-351.969	-194.898	-157.071	19.2684
411000	-353.541	-198.537	-155.003	22.0796
412000	-357.309	-204	-153.31	25.5557
413000	-354.849	-200.846	-154.003	20.9636
414000	-354.847	-196.931	-157.916	19.6443
415000	-354.311	-199.498	-154.812	24.1648
416000	-358.707	-196.799	-161.908	17.4408
417000	-355.932	-202.324	-153.608	20.5691
418000	-364.157	-210.787	-153.37	19.5395
419000	-357.176	-197.943	-159.232	19.8135
420000	-357.326	-197.953	-159.373	14.8617
421000	-357.189	-197.562	-159.628	17.4692
422000	-366.163	-201.632	-164.53	18.3206
423000	-357.591	-200.939	-156.652	23.9362
424000	-359.545	-197.608	-161.937	17.3312
425000	-355.414	-200.721	-154.693	22.694
426000	-358.204	-202.452	-155.751	22.4089
427000	-357.05	-195.559	-161.491	17.1292
428000	-360.34	-204.127	-156.213	21.1039
429000	-354.401	-200.537	-153.864	24.2022
430000	-354.833	-202.958	-151.875	28.3077
431000	-356.173	-199.656	-156.518	22.6321
432000	-358.008	-203.303	-154.705	21.8182
433000	-353.819	-199.048	-154.771	20.6266
434000	-356.278	-198.606	-157.672	21.4281
435000	-355.22	-195.763	-159.457	19.2437
436000	-359.408	-200.527	-158.881	19.4361
437000	-360.839	-202.651	-158.188	21.1786
438000	-354.605	-199.88	-154.725	21.8141
439000	-365.585	-214.626	-150.96	37.6315
440000	-361.134	-200.085	-161.048	18.0616
441000	-359.826	-200.788	-159.037	17.9933
442000	-362.454	-199.889	-162.565	15.1497
443000	-369.832	-210.61	-159.221	26.6365
444000	-360.587	-202.945	-157.642	19.8713
445000	-358.538	-195.354	-163.184	16.5124
446000	-355.139	-195.886	-159.253	16.9097
447000	-350.011	-194.632	-155.379	18.5284
448000	-358.099	-198.658	-159.441	19.8992
449000	-353.061	-202.017	-151.044	32.1896
450000	-350.821	-197.751	-153.07	23.7099
451000	-355.446	-200.826	-154.62	22.5024
452000	-354.679	-196.995	-157.683	20.4229
453000	-370.275	-210.456	-159.818	25.4919
454000	-361.198	-194.807	-166.391	13.6066
455000	-356.357	-196.691	-159.666	20.6958
456000	-361.314	-201.557	-159.757	21.6213
457000	-357.847	-203.414	-154.433	22.273
458000	-359.788	-198.915	-160.873	17.7324
459000	-356.253	-199.484	-156.769	19.9049
460000	-354.975	-204.022	-150.953	27.4474
461000	-355.274	-202.871	-152.404	22.4787
462000	-355.834	-200.175	-155.659	21.7692
463000	-352.996	-197.303	-155.692	18.2892
464000	-357.176	-203.005	-154.172	24.7603
465000	-353.114	-198.956	-154.157	23.6005
466000	-355.862	-196.891	-158.971	21.1785
467000	-355.547	-198.623	-156.924	19.4921
468000	-351.186	-198.286	-152.9	22.4955
469000	-356.233	-198.322	-157.91	21.3825
470000	-349.994	-194.702	-155.292	20.7533
471000	-363.554	-199.857	-163.697	16.8678
472000	-357.549	-198.943	-158.606	17.0266
473000	-358.897	-203.331	-155.566	24.6414
474000	-360.274	-202.728	-157.546	22.8896
475000	-366.731	-207.242	-159.488	20.5088
476000	-358.964	-199.547	-159.417	17.3457
477000	-362.357	-201.139	-161.219	21.2164
478000	-354.108	-195.355	-158.754	18.686
479000	-364.848	-205.472	-159.377	19.6619
480000	-358.791	-202.916	-155.875	21.1023
481000	-351.871	-195.395	-156.476	16.9397
482000	-362.916	-207.51	-155.406	26.7832
483000	-359.665	-199.62	-160.045	20.6787
484000	-364.063	-197.149	-166.915	15.2784
485000	-358.189	-205.388	-152.801	26.8231
486000	-355.523	-198.666	-156.857	22.4185
487000	-364.155	-204.125	-160.03	18.9913
488000	-353.397	-198.012	-155.385	20.3642
489000	-360.148	-204.611	-155.538	23.8538
490000	-357.681	-202.973	-154.708	21.9563
491000	-354.45	-195.781	-158.669	18.2532
492000	-358.125	-203.557	-154.568	24.7616
493000	-361.879	-206.353	-155.525	26.8558
494000	-362.751	-202.551	-160.2	19.5185
495000	-359.539	-201.465	-158.074	18.9589
496000	-364.961	-206.855	-158.106	21.2053
497000	-352.813	-196.046	-156.767	18.1206
498000	-364.13	-201.213	-162.917	18.4265
499000	-350.338	-195.548	-154.79	18.7391
500000	-352.119	-199.935	-152.184	26.9459
