Iteration	Posterior	Likelihood	Prior	sigma
0	-302.324	-246.342	-55.9824	19.9615
1000	-308.621	-246.156	-62.466	16.01
2000	-304.048	-249.031	-55.0171	26.0929
3000	-300.564	-245.598	-54.9658	22.271
4000	-299.741	-248.975	-50.7651	30.0343
5000	-304.805	-247.183	-57.6219	21.8094
6000	-305.947	-250.703	-55.2433	23.8751
7000	-306.208	-250.57	-55.6373	25.9482
8000	-307.927	-256.166	-51.7608	26.7599
9000	-300.65	-249.057	-51.5932	25.1631
10000	-297.996	-245.199	-52.7967	24.9221
11000	-299.971	-246.512	-53.4593	29.3905
12000	-301.211	-248.954	-52.2564	24.2307
13000	-303.601	-245.734	-57.8669	21.3768
14000	-303.255	-242.734	-60.5204	18.2695
15000	-305.553	-252.865	-52.6884	29.0898
16000	-301.034	-246.386	-54.648	22.0424
17000	-296.884	-243.635	-53.2489	25.7823
18000	-303.163	-247.464	-55.6991	22.6979
19000	-308.854	-247.317	-61.5372	17.263
20000	-313.879	-255.928	-57.9509	28.707
21000	-304.318	-255.188	-49.131	28.8906
22000	-297.288	-243.346	-53.9422	23.4767
23000	-297.249	-244.903	-52.3461	23.9945
24000	-302.75	-247.652	-55.0979	25.6525
25000	-302.666	-247.603	-55.063	21.2299
26000	-304.476	-241.755	-62.7217	17.0697
27000	-304.116	-243.072	-61.0442	19.327
28000	-307.098	-248.368	-58.7293	18.6611
29000	-313.076	-247.611	-65.4656	16.4377
30000	-300.297	-249.652	-50.6456	27.8142
31000	-298.558	-242.727	-55.8308	21.8266
32000	-303.633	-246.843	-56.7904	21.1202
33000	-301.39	-246.96	-54.4301	26.2402
34000	-298.729	-248.984	-49.7445	30.9485
35000	-300.427	-249.744	-50.6834	30.0962
36000	-307.417	-249.675	-57.7421	21.1862
37000	-307.344	-245.678	-61.6663	18.0924
38000	-302.169	-246.609	-55.5595	23.4656
39000	-309.284	-255.245	-54.0399	27.3608
40000	-297.484	-243.222	-54.2614	25.0147
41000	-303.749	-253.07	-50.6784	27.3618
42000	-298.703	-247.268	-51.4355	30.776
43000	-302.069	-246.238	-55.8305	22.7997
44000	-305.143	-241.402	-63.7412	15.2802
45000	-306.484	-250.109	-56.3747	23.4513
46000	-301.552	-242.005	-59.547	19.9159
47000	-310.785	-243.716	-67.0687	17.7992
48000	-305.413	-251.732	-53.6802	23.1348
49000	-306.524	-251.079	-55.4446	26.8763
50000	-305.475	-246.523	-58.9526	20.1759
51000	-299.324	-243.898	-55.4266	22.8557
52000	-309.616	-251.648	-57.9687	24.7722
53000	-298.263	-244.009	-54.2544	22.8496
54000	-297.679	-248.767	-48.9116	33.0941
55000	-306.946	-244.141	-62.8052	16.869
56000	-305.676	-244.73	-60.9451	19.126
57000	-303.821	-244.038	-59.7825	22.8507
58000	-300.427	-246.287	-54.1398	23.8455
59000	-305.543	-243.535	-62.0081	18.8555
60000	-309.904	-250.225	-59.6786	22.381
61000	-299.269	-248.42	-50.8484	26.4727
62000	-309.522	-252.458	-57.0634	26.2602
63000	-304.68	-250.944	-53.7364	27.3268
64000	-311.166	-239.87	-71.2965	12.545
65000	-295.385	-243.969	-51.4157	26.5711
66000	-307.736	-249.921	-57.8145	25.0329
67000	-308.523	-247.46	-61.0626	18.7918
68000	-303.182	-246.731	-56.4517	20.3731
69000	-298.305	-246.664	-51.6411	25.3122
70000	-301.92	-246.228	-55.6923	21.4237
71000	-296.095	-245.308	-50.7871	26.5811
72000	-311.136	-251.357	-59.7787	18.6544
73000	-305.194	-253.92	-51.2735	27.005
74000	-300.646	-247.911	-52.7347	27.9359
75000	-303.725	-249.427	-54.2982	26.4791
76000	-306.281	-245.269	-61.0111	18.8077
77000	-303.334	-250.558	-52.7764	31.072
78000	-300.717	-249.136	-51.5803	27.0249
79000	-301.429	-252.786	-48.6433	39.697
80000	-302.497	-250.12	-52.3765	29.7031
81000	-301.416	-244.822	-56.594	22.8921
82000	-305.031	-248.983	-56.0479	25.8528
83000	-306.115	-251.817	-54.2974	26.7413
84000	-298.467	-251.81	-46.6571	39.2959
85000	-306.447	-250.715	-55.7324	22.2608
86000	-301.303	-242.605	-58.6979	21.7806
87000	-302.751	-238.664	-64.0865	15.7739
88000	-306.508	-253.342	-53.1658	27.5524
89000	-296.764	-251.381	-45.3835	45.6987
90000	-297.707	-242.846	-54.8601	21.2724
91000	-304.749	-247.911	-56.8379	24.3562
92000	-302.96	-245.088	-57.8723	22.5329
93000	-313.565	-256.252	-57.3126	22.4082
94000	-300.32	-247.703	-52.6174	31.3991
95000	-297.639	-247.818	-49.8204	32.8273
96000	-298.376	-242.608	-55.7683	22.6559
97000	-302.603	-246.928	-55.6748	25.4207
98000	-306.712	-251.55	-55.1616	19.6638
99000	-304.445	-247.659	-56.7862	22.5472
100000	-306.144	-249.471	-56.6729	21.9557
101000	-302.549	-256.841	-45.708	44.3977
102000	-302.958	-248.089	-54.8688	21.1473
103000	-309.702	-256.559	-53.143	28.1802
104000	-298.42	-244.145	-54.2747	22.3601
105000	-307.557	-247.066	-60.4916	20.5941
106000	-300.935	-244.364	-56.5709	19.1307
107000	-303.927	-247.941	-55.9858	22.843
108000	-302.415	-245.843	-56.5722	22.876
109000	-302.701	-248.443	-54.2579	26.5672
110000	-300.743	-243.481	-57.2612	21.8271
111000	-295.693	-244.857	-50.8351	26.7786
112000	-309.266	-248.535	-60.7312	20.0181
113000	-298.859	-243.308	-55.5511	20.3784
114000	-308.45	-247.196	-61.2537	21.1842
115000	-318.196	-261.08	-57.1157	29.8921
116000	-309.3	-251.166	-58.1336	23.5346
117000	-307.967	-252.211	-55.7556	27.0688
118000	-297.886	-241.129	-56.7572	19.9828
119000	-305.392	-251.042	-54.3497	26.1785
120000	-297.253	-241.453	-55.8006	18.6937
121000	-301.173	-250.264	-50.9085	28.5766
122000	-296.988	-246.475	-50.5132	29.9874
123000	-299.207	-243.924	-55.2825	22.4707
124000	-306.319	-253.287	-53.0317	35.4756
125000	-300.615	-242.922	-57.6922	22.842
126000	-302.893	-253.793	-49.0998	33.0215
127000	-300.728	-244.093	-56.6343	21.3272
128000	-305.817	-247.36	-58.4566	19.7045
129000	-304.669	-242.664	-62.0057	17.8327
130000	-304.004	-242.297	-61.7072	19.8709
131000	-298.828	-243.87	-54.9585	23.0011
132000	-298.265	-243.951	-54.3148	23.1187
133000	-307.416	-248.808	-58.6079	20.7083
134000	-306.28	-254.036	-52.244	35.3643
135000	-299.565	-246.305	-53.26	24.9582
136000	-303.576	-250.595	-52.9807	26.1985
137000	-306.82	-254.693	-52.1269	34.4809
138000	-308.122	-245.659	-62.4628	15.1189
139000	-302.612	-246.476	-56.1359	22.4829
140000	-311.46	-259.867	-51.5931	36.4515
141000	-311.063	-253.383	-57.6804	29.1845
142000	-310.131	-245.298	-64.8334	18.3824
143000	-305.599	-245.018	-60.5811	17.6565
144000	-299.807	-247.686	-52.1208	25.2288
145000	-308.858	-249.277	-59.5802	24.8246
146000	-315.268	-258.991	-56.2763	31.4836
147000	-305.099	-252.183	-52.9153	25.9119
148000	-306.96	-253.465	-53.4949	26.085
149000	-308.563	-255.32	-53.2431	33.6006
150000	-299.008	-249.527	-49.4814	33.8263
151000	-296.001	-242.38	-53.6206	21.5676
152000	-305.949	-251.047	-54.9016	24.5995
153000	-307.037	-250.458	-56.5786	23.6963
154000	-315.409	-247.532	-67.8766	19.0476
155000	-298.69	-250.193	-48.4967	32.9905
156000	-304.587	-253.295	-51.292	27.6155
157000	-305.682	-249.814	-55.8686	26.0863
158000	-300.692	-244.742	-55.9494	20.3847
159000	-301.556	-246.389	-55.1667	23.2758
160000	-306.401	-239.66	-66.741	15.7854
161000	-306.515	-246.422	-60.0928	18.3902
162000	-310.093	-253.293	-56.8005	25.3745
163000	-307.293	-254.13	-53.1634	31.91
164000	-297.293	-246.688	-50.605	28.1461
165000	-299.908	-247.253	-52.6547	28.1567
166000	-305.527	-251.758	-53.7687	27.3469
167000	-306.576	-248.095	-58.4808	22.3271
168000	-306.889	-255.929	-50.9602	34.5036
169000	-303.214	-247.423	-55.7914	21.4793
170000	-301.29	-248.994	-52.2968	29.7937
171000	-302.92	-244.55	-58.3702	20.5975
172000	-308.068	-251.859	-56.2099	21.5757
173000	-301.132	-247.036	-54.0962	23.9861
174000	-304.985	-248.453	-56.5328	21.985
175000	-304.087	-247.059	-57.0286	23.8174
176000	-297.995	-246.975	-51.0201	28.0983
177000	-300.001	-245.096	-54.9055	22.8192
178000	-302.064	-248.509	-53.5546	24.4234
179000	-308.455	-259.258	-49.1965	34.5933
180000	-303.469	-250.767	-52.702	24.742
181000	-297.332	-243.85	-53.4818	22.73
182000	-301.876	-249.721	-52.1549	29.6309
183000	-305.918	-248.433	-57.4851	22.0688
184000	-299.369	-248.948	-50.4212	29.3581
185000	-306.051	-249.388	-56.6628	24.2661
186000	-305.567	-251.065	-54.5015	23.5238
187000	-305.648	-250.985	-54.6633	26.8386
188000	-297.82	-243.432	-54.3881	22.6223
189000	-295.321	-243.175	-52.1463	26.3864
190000	-306.073	-251.7	-54.3727	24.6897
191000	-308.702	-250.671	-58.0307	22.2978
192000	-298.643	-247.546	-51.0974	26.7546
193000	-299.871	-244.658	-55.213	24.8907
194000	-299.327	-242.94	-56.3872	23.5276
195000	-303.999	-249.333	-54.6656	26.7266
196000	-304.785	-246.74	-58.0445	19.963
197000	-306.081	-248.733	-57.3481	22.2147
198000	-315.174	-256.627	-58.5465	27.1601
199000	-304.599	-252.625	-51.9748	30.6099
200000	-304.236	-251.065	-53.1706	26.2403
201000	-310.999	-248.665	-62.334	15.7268
202000	-303.227	-248.72	-54.5069	25.702
203000	-304.369	-249.414	-54.9553	25.569
204000	-303.734	-248.125	-55.6087	24.0475
205000	-300.125	-248.382	-51.743	25.9235
206000	-305.631	-253.288	-52.3423	25.8319
207000	-307.431	-245.583	-61.8487	20.7787
208000	-303.054	-252.948	-50.1055	30.2416
209000	-300.296	-243.317	-56.9787	21.4506
210000	-315.382	-250.327	-65.0546	23.202
211000	-301.398	-252.287	-49.1114	34.6525
212000	-294.149	-242.759	-51.3897	28.5263
213000	-304.722	-251.486	-53.236	29.3763
214000	-304.97	-250.148	-54.8219	24.3777
215000	-298.316	-244.43	-53.8853	22.9099
216000	-312.421	-257.317	-55.1038	31.8651
217000	-298.413	-243.8	-54.6122	23.0211
218000	-320.906	-259.772	-61.1341	26.5388
219000	-302.858	-248.008	-54.85	27.1613
220000	-308.747	-251.837	-56.9108	25.147
221000	-304.974	-244.862	-60.1114	18.3981
222000	-308.041	-256.453	-51.5883	30.6369
223000	-305.563	-250.068	-55.4948	20.5384
224000	-309.349	-249.745	-59.6043	24.3112
225000	-297.3	-249.856	-47.4441	35.5078
226000	-304.163	-246.671	-57.4921	22.5623
227000	-300.001	-250.353	-49.6487	29.7425
228000	-303.852	-243.505	-60.3466	21.7697
229000	-307.226	-249.891	-57.3353	19.53
230000	-309.687	-244.688	-64.9987	18.4283
231000	-303.473	-250.291	-53.1826	22.9864
232000	-305.096	-250.149	-54.9465	25.7354
233000	-300.748	-247.018	-53.73	28.3473
234000	-307.252	-248.568	-58.6844	20.0356
235000	-305.54	-252.903	-52.6371	28.5366
236000	-304.97	-250.395	-54.5747	26.6694
237000	-312.474	-252.98	-59.4944	24.9385
238000	-310.005	-242.931	-67.0739	17.5934
239000	-304.789	-250.751	-54.0375	29.0558
240000	-304.511	-247.3	-57.2108	21.5654
241000	-304.177	-249.162	-55.0154	28.1834
242000	-300.934	-245.427	-55.5071	26.1361
243000	-308.716	-258.103	-50.6138	35.6839
244000	-306.851	-242.71	-64.1406	16.1798
245000	-306.467	-250.324	-56.1432	24.0723
246000	-301.968	-249.636	-52.3324	31.122
247000	-308.875	-256.459	-52.4163	28.4674
248000	-299.176	-246.528	-52.6481	29.912
249000	-304.875	-251.24	-53.6346	26.6198
250000	-301.598	-247.865	-53.7334	25.7588
251000	-301.819	-245.917	-55.9016	22.7057
252000	-301.724	-249.473	-52.2507	27.6333
253000	-309.466	-252.111	-57.3551	23.2594
254000	-301.636	-246.471	-55.1652	25.28
255000	-296.883	-245.99	-50.893	24.4068
256000	-303.437	-250.507	-52.9308	29.9909
257000	-311.115	-247.894	-63.2204	19.8861
258000	-300.556	-244.067	-56.4896	22.7656
259000	-308.184	-256.317	-51.8674	35.1642
260000	-300.547	-248.888	-51.6591	26.8062
261000	-303.744	-253.864	-49.8794	31.4088
262000	-301.874	-239.529	-62.3448	17.2427
263000	-301.048	-246.164	-54.8839	23.667
264000	-303.051	-245.376	-57.6754	20.2042
265000	-304.834	-248.744	-56.0897	19.9844
266000	-307.427	-254.046	-53.381	30.0278
267000	-302.11	-249.378	-52.7321	26.4892
268000	-307.549	-252.768	-54.7802	27.6376
269000	-297.661	-243.802	-53.8589	24.2175
270000	-293.118	-243.845	-49.2724	27.9839
271000	-305.754	-250.923	-54.8308	24.5903
272000	-301.535	-248.156	-53.3787	26.4189
273000	-302.808	-241.602	-61.2064	18.6427
274000	-301.169	-241.007	-60.1623	18.2667
275000	-301.804	-249.079	-52.725	27.0655
276000	-305.168	-252.59	-52.5775	29.8216
277000	-304.833	-250.285	-54.5484	22.2303
278000	-302.529	-240.959	-61.5702	16.1051
279000	-301.322	-247.587	-53.735	24.5852
280000	-304.716	-252.788	-51.9285	31.5175
281000	-304.871	-245.354	-59.5178	21.0225
282000	-303.424	-255.105	-48.3199	37.8757
283000	-300.419	-250.125	-50.2945	29.4107
284000	-303.656	-249.787	-53.8684	30.6567
285000	-303.688	-242.572	-61.1167	18.7514
286000	-301.706	-252.455	-49.2518	32.4197
287000	-297.966	-247.99	-49.976	27.5667
288000	-302.58	-248.433	-54.1471	24.713
289000	-309.099	-255.369	-53.7305	26.991
290000	-304.498	-248.407	-56.0903	24.8984
291000	-312.515	-253.112	-59.4028	26.269
292000	-302.079	-251.191	-50.8884	30.6464
293000	-303.558	-244.337	-59.2214	21.3048
294000	-302.385	-252.208	-50.1773	25.5619
295000	-301.866	-251.728	-50.138	34.1347
296000	-305.298	-252.933	-52.3654	25.7893
297000	-310.931	-260.586	-50.3451	35.7793
298000	-314.291	-249.502	-64.7895	21.1932
299000	-302.367	-247.025	-55.3418	23.6858
300000	-304.746	-243.092	-61.6546	16.9274
301000	-302.033	-239.666	-62.3662	14.572
302000	-300.624	-245.719	-54.9047	24.019
303000	-308.404	-247.905	-60.4994	18.8184
304000	-299.974	-244.865	-55.1086	25.5057
305000	-305.459	-249.987	-55.4716	24.5132
306000	-304.972	-248.463	-56.5094	21.452
307000	-306.793	-254.082	-52.7112	28.8069
308000	-302.674	-248.706	-53.9678	25.2369
309000	-299.391	-249.801	-49.5905	33.0035
310000	-307.896	-253.583	-54.3133	32.1513
311000	-309.071	-254.15	-54.9217	29.8209
312000	-301.703	-250.649	-51.0536	29.4381
313000	-300.741	-246.453	-54.2878	28.6327
314000	-303.5	-250.564	-52.9359	25.3152
315000	-303.741	-245.187	-58.5541	21.1625
316000	-303.889	-246.801	-57.0879	21.5865
317000	-301.944	-247.836	-54.1081	26.3149
318000	-308.109	-251.776	-56.3333	27.2152
319000	-304.797	-244.448	-60.3493	19.3225
320000	-301.332	-247.634	-53.6978	28.7522
321000	-307.562	-253.552	-54.0097	27.0721
322000	-301.619	-248.451	-53.1684	26.4368
323000	-295.509	-243.723	-51.7859	26.3485
324000	-305.296	-255.203	-50.0931	31.6249
325000	-306.367	-246.169	-60.1976	19.7295
326000	-303.33	-248.909	-54.4217	21.1229
327000	-311.254	-252.799	-58.4544	25.6321
328000	-312.13	-260.57	-51.5599	32.6529
329000	-303.835	-251.249	-52.5866	28.2131
330000	-307.961	-251.406	-56.5551	17.026
331000	-304.258	-247.46	-56.7977	20.707
332000	-307.35	-249.228	-58.1214	19.1591
333000	-310.207	-249.593	-60.6144	19.2531
334000	-298.698	-246.533	-52.1648	27.6887
335000	-304.036	-251.901	-52.1348	25.623
336000	-302.9	-247.923	-54.9768	22.7033
337000	-307.466	-248.362	-59.1045	22.1031
338000	-298.852	-245.072	-53.7803	24.3566
339000	-302.749	-244.965	-57.784	18.8127
340000	-301.632	-244.726	-56.9063	24.0084
341000	-302.607	-250.096	-52.5111	23.5857
342000	-299.879	-251.75	-48.1291	36.2626
343000	-308.834	-253.008	-55.8265	21.2565
344000	-303.398	-246.091	-57.3067	21.9825
345000	-307.731	-247.593	-60.1378	22.0165
346000	-299.334	-245.61	-53.7249	22.2501
347000	-302.77	-249.199	-53.5702	25.9065
348000	-309.314	-246.987	-62.3265	20.5204
349000	-311.221	-253.716	-57.5052	25.5596
350000	-297.93	-237.043	-60.8866	18.3473
351000	-295.912	-242.804	-53.1083	23.6749
352000	-308.053	-248.771	-59.2816	24.3535
353000	-301.165	-249.996	-51.1694	28.0273
354000	-308.801	-249.226	-59.5743	21.0621
355000	-309.906	-248.275	-61.6308	23.3477
356000	-311.063	-252.969	-58.0947	24.8822
357000	-297.145	-248.529	-48.6158	32.008
358000	-304.687	-251.218	-53.4691	27.4492
359000	-308.837	-253.888	-54.9488	21.8867
360000	-302.701	-247.842	-54.8589	25.8518
361000	-302.931	-251.792	-51.1393	28.8029
362000	-307.381	-252.949	-54.4326	29.0153
363000	-307.031	-250.518	-56.5135	23.7895
364000	-299.668	-241.159	-58.5099	19.676
365000	-306.435	-249.232	-57.2033	20.8214
366000	-324.406	-259.212	-65.1941	19.1124
367000	-307.789	-249.368	-58.4206	19.7074
368000	-301.372	-246.461	-54.9108	21.5281
369000	-303.91	-247.986	-55.9247	23.2973
370000	-301.766	-248.4	-53.3664	24.3814
371000	-308.368	-251.964	-56.4043	25.417
372000	-298.485	-245.048	-53.4369	23.2804
373000	-304.818	-247.734	-57.0844	23.3353
374000	-304.205	-250.702	-53.5027	27.0579
375000	-300.783	-250.135	-50.6485	26.6002
376000	-316.05	-256.842	-59.2084	25.0374
377000	-301.151	-244.533	-56.6188	22.7491
378000	-300.039	-242.396	-57.6433	19.6877
379000	-309.666	-248.372	-61.294	20.2667
380000	-305.312	-248.894	-56.4175	23.3295
381000	-303.594	-248.439	-55.1546	22.4745
382000	-300.939	-249.923	-51.0166	30.7576
383000	-299.373	-247.609	-51.7637	32.4848
384000	-310.708	-253.558	-57.1502	21.8175
385000	-297.576	-247.016	-50.5601	27.8199
386000	-298.189	-243.176	-55.0123	22.4228
387000	-302.751	-242.921	-59.8307	17.5127
388000	-301.818	-244.006	-57.8124	17.6744
389000	-303.059	-250.353	-52.7067	25.3379
390000	-301.436	-242.389	-59.0471	18.0652
391000	-304.302	-253.897	-50.4042	36.448
392000	-308.168	-252.892	-55.2757	21.7948
393000	-297.66	-247.08	-50.5802	31.7992
394000	-306.612	-252.021	-54.5907	25.0082
395000	-301.731	-254.86	-46.8709	45.2863
396000	-300.898	-245.715	-55.1831	19.0934
397000	-302.473	-248.357	-54.1164	22.2777
398000	-304.821	-245.473	-59.3484	20.7532
399000	-298.57	-246.81	-51.7603	25.2272
400000	-308.152	-253.889	-54.2635	27.6676
401000	-296.583	-247.249	-49.3344	33.8286
402000	-299.668	-247.397	-52.2716	26.5732
403000	-302.654	-245.95	-56.7044	22.6844
404000	-307.788	-244.641	-63.1463	15.651
405000	-302.996	-242.257	-60.7392	19.3802
406000	-301.707	-245.703	-56.0046	21.2848
407000	-306.69	-253.59	-53.1003	31.0638
408000	-303.721	-251.834	-51.8864	28.8097
409000	-307.103	-253.43	-53.6723	31.2856
410000	-306.851	-250.007	-56.8448	24.4172
411000	-304.589	-246.343	-58.2462	23.2759
412000	-302.921	-253.605	-49.316	28.1541
413000	-298.218	-249.56	-48.6574	35.2643
414000	-304.962	-250.441	-54.5208	23.8686
415000	-315.564	-247.373	-68.1905	15.1574
416000	-303.126	-248.178	-54.9475	24.7681
417000	-308.052	-252.37	-55.6818	26.9485
418000	-297.655	-242.355	-55.3008	23.1336
419000	-298.198	-246.809	-51.3891	28.9954
420000	-298.035	-249.78	-48.2549	35.2357
421000	-309.734	-245.628	-64.1055	17.2723
422000	-303.112	-252.519	-50.5927	29.7766
423000	-308.261	-251.127	-57.1344	24.9786
424000	-302.221	-249.963	-52.2571	30.9451
425000	-306.663	-254.286	-52.3768	27.0347
426000	-299.49	-243.488	-56.0017	22.763
427000	-303.708	-252.979	-50.7297	29.0943
428000	-298.858	-246.4	-52.4576	22.1552
429000	-308.545	-252.297	-56.2479	26.7343
430000	-301.709	-247.84	-53.8689	26.8032
431000	-303.945	-247.807	-56.1376	22.0232
432000	-310.018	-247.249	-62.7685	18.7559
433000	-304.309	-249.688	-54.6206	24.7091
434000	-309.162	-246.766	-62.3962	19.887
435000	-305.073	-247.678	-57.3945	21.9933
436000	-314.162	-249.847	-64.3149	20.4837
437000	-298.632	-246.723	-51.9085	28.9754
438000	-304.283	-245.779	-58.5043	18.5559
439000	-307.672	-250.023	-57.6488	22.5662
440000	-303.42	-244.882	-58.5386	23.2473
441000	-311.382	-247.001	-64.3809	13.6517
442000	-298.504	-242.123	-56.3806	22.0087
443000	-305.583	-255.224	-50.3588	35.7967
444000	-303.706	-245.774	-57.9326	20.1944
445000	-306.442	-248.84	-57.6016	22.3862
446000	-302.131	-250.869	-51.2622	28.7173
447000	-313.69	-253.447	-60.2429	19.2284
448000	-303.348	-248.102	-55.2458	24.595
449000	-306.213	-243.761	-62.4512	18.1762
450000	-303.525	-246.159	-57.3657	20.5467
451000	-308.808	-251.83	-56.9784	26.8574
452000	-297.781	-239.833	-57.948	19.8896
453000	-300.865	-246.965	-53.9002	26.4138
454000	-309.843	-252.768	-57.0745	27.9729
455000	-308.396	-247.122	-61.2738	21.9394
456000	-315.675	-254.425	-61.25	22.2071
457000	-298.547	-249.348	-49.1987	33.4751
458000	-302.079	-249.542	-52.5365	24.5802
459000	-303.835	-247.048	-56.7872	21.6409
460000	-299.639	-247.726	-51.9131	27.6074
461000	-300.753	-251.977	-48.7755	39.0039
462000	-294.907	-246.807	-48.0998	31.0524
463000	-308.22	-249.928	-58.292	23.1008
464000	-303.492	-242.855	-60.6362	17.7826
465000	-301.06	-245.764	-55.2963	20.2484
466000	-300.05	-244.16	-55.8906	21.3332
467000	-308.102	-249.255	-58.8465	22.9838
468000	-308.187	-253.079	-55.1077	22.4893
469000	-303.517	-250.921	-52.596	30.4817
470000	-301.079	-244.066	-57.0127	16.8965
471000	-311.743	-244.691	-67.0525	13.6477
472000	-308.623	-260.911	-47.7118	42.4791
473000	-296.682	-242.351	-54.3317	22.8997
474000	-298.267	-243.517	-54.7502	20.8064
475000	-309.91	-251.514	-58.3966	23.0377
476000	-297.83	-247.095	-50.7353	27.6181
477000	-304.95	-255.42	-49.5303	30.5797
478000	-303.894	-250.354	-53.5392	27.1506
479000	-299.445	-246.449	-52.9954	26.4217
480000	-300.838	-244.859	-55.979	22.9744
481000	-304.468	-246.678	-57.7908	18.9326
482000	-302.663	-255.53	-47.1333	35.3072
483000	-298.357	-244.135	-54.222	22.4753
484000	-303.256	-247.742	-55.5143	25.0727
485000	-302.249	-249.248	-53.0005	26.4737
486000	-307.594	-252.682	-54.9122	27.0017
487000	-298.74	-247.613	-51.1268	27.7049
488000	-302.754	-244.973	-57.7804	21.0131
489000	-303.55	-237.92	-65.6295	15.5146
490000	-301.669	-250.884	-50.7858	24.3214
491000	-302.704	-245.585	-57.119	23.4722
492000	-297.263	-242.275	-54.9876	21.3073
493000	-303.775	-253.497	-50.2786	30.4255
494000	-304.331	-242.09	-62.2412	18.9653
495000	-303.554	-255.806	-47.7477	34.4728
496000	-306.364	-256.978	-49.3862	30.3841
497000	-299.631	-247.072	-52.5591	29.0255
498000	-300.243	-253.531	-46.7119	31.1711
499000	-297.808	-242.396	-55.4121	21.4711
500000	-310.132	-252.856	-57.2753	23.1235
