Iteration	Posterior	Likelihood	Prior	sigma
0	-326.906	-235.211	-91.6948	36.799
1000	-324.523	-230.378	-94.1456	34.9377
2000	-323.017	-227.309	-95.7079	30.2452
3000	-327.202	-230.583	-96.6191	29.8107
4000	-329.134	-227.984	-101.15	27.3311
5000	-319.549	-225.875	-93.6739	32.1322
6000	-323.199	-226.044	-97.1543	28.5368
7000	-327.726	-226.898	-100.828	23.5158
8000	-325.99	-229.802	-96.1883	26.6777
9000	-319.743	-223.871	-95.8714	30.4951
10000	-320.249	-221.313	-98.9355	25.7343
11000	-320.971	-222.17	-98.8015	21.9847
12000	-322.297	-223.916	-98.3802	24.33
13000	-322.024	-226.916	-95.1077	30.2132
14000	-329.573	-228.425	-101.147	24.461
15000	-319.49	-217.049	-102.441	20.3749
16000	-321.781	-222.46	-99.3204	25.1733
17000	-323.562	-226.945	-96.6171	23.9911
18000	-315.74	-221.689	-94.0512	30.1399
19000	-326.518	-223.321	-103.197	23.1335
20000	-321.762	-225.675	-96.0878	29.232
21000	-327.961	-224.625	-103.336	24.4845
22000	-322.696	-224.897	-97.7989	25.0158
23000	-329.476	-235.662	-93.8147	38.9199
24000	-320.935	-229.767	-91.168	37.6229
25000	-328.91	-230.512	-98.3977	30.6371
26000	-330.206	-230.54	-99.6662	27.6232
27000	-335.128	-233.658	-101.47	20.0001
28000	-322.092	-227.229	-94.8622	28.8182
29000	-322.142	-229.064	-93.0777	36.8165
30000	-319.086	-226.925	-92.1612	32.7066
31000	-324.718	-224.146	-100.572	22.8921
32000	-327.294	-228.47	-98.8235	26.7877
33000	-323.835	-226.919	-96.9166	33.8649
34000	-329.364	-228.963	-100.401	26.2331
35000	-321.938	-224.523	-97.4148	27.1506
36000	-333.665	-238.877	-94.7882	40.6842
37000	-320.896	-226.634	-94.2623	28.7561
38000	-326.624	-220.739	-105.885	17.8033
39000	-329.986	-229.248	-100.737	26.8248
40000	-326.495	-227.533	-98.9614	28.6252
41000	-323.208	-228.03	-95.1785	30.7994
42000	-323.859	-223.526	-100.333	26.0679
43000	-321.244	-227.837	-93.4075	29.508
44000	-324.993	-231.035	-93.9574	29.7936
45000	-328.314	-232.46	-95.8536	29.4212
46000	-328.975	-232.894	-96.0808	33.1092
47000	-317.157	-224.981	-92.1758	33.975
48000	-333.99	-232.254	-101.736	27.2491
49000	-320.712	-224.118	-96.5939	27.528
50000	-321.11	-221.46	-99.6495	23.1583
51000	-320.975	-225.047	-95.928	26.6333
52000	-327.015	-229.535	-97.4803	25.9465
53000	-324.298	-226.008	-98.2901	29.259
54000	-324.428	-226.032	-98.3959	22.8749
55000	-331.802	-236.914	-94.8884	29.3254
56000	-319.034	-223.874	-95.1594	27.294
57000	-328.548	-229.099	-99.4484	31.2133
58000	-320.83	-231.022	-89.8088	41.5304
59000	-316.648	-218.736	-97.9124	24.5989
60000	-325.166	-225.272	-99.8933	26.2394
61000	-323.461	-229.258	-94.2034	28.144
62000	-327.855	-225.899	-101.956	24.1828
63000	-332.538	-235.363	-97.1754	32.0453
64000	-325.946	-230.194	-95.7514	32.6244
65000	-327.327	-227.473	-99.8538	19.8358
66000	-325.37	-222.635	-102.735	21.8146
67000	-324.054	-224.155	-99.8986	22.4044
68000	-328.974	-228.279	-100.695	23.7914
69000	-332.48	-231.004	-101.476	20.5668
70000	-330.147	-231.752	-98.3951	24.4059
71000	-318.501	-222.238	-96.2626	22.3981
72000	-319.05	-222.71	-96.34	25.5534
73000	-328.007	-228.295	-99.7126	26.121
74000	-329.095	-224.84	-104.255	21.3635
75000	-338.765	-236.236	-102.528	21.2115
76000	-320.148	-223.302	-96.8467	28.2112
77000	-329.942	-222.325	-107.616	20.6901
78000	-326.387	-221.178	-105.209	17.8457
79000	-331.765	-232.957	-98.8075	31.159
80000	-325.784	-230.476	-95.3086	32.0364
81000	-324.539	-224.619	-99.9196	22.7275
82000	-322.147	-219.284	-102.863	22.0219
83000	-318.933	-221.732	-97.2005	23.4382
84000	-326.224	-231.003	-95.2212	31.3983
85000	-324.628	-230.817	-93.8108	33.3899
86000	-330.881	-234.82	-96.0608	27.8177
87000	-322.696	-233.562	-89.1338	38.3526
88000	-313.798	-220.399	-93.3983	30.4518
89000	-320.14	-228.846	-91.2939	33.7006
90000	-323.614	-224.931	-98.6829	25.6596
91000	-322.765	-222.183	-100.582	22.6349
92000	-330.571	-221.881	-108.69	16.4333
93000	-322.754	-229.928	-92.8258	37.3844
94000	-322.609	-223.967	-98.6412	25.8317
95000	-320.215	-224.592	-95.6233	26.2856
96000	-329.765	-230.398	-99.3664	25.9277
97000	-321.9	-225.112	-96.7879	26.6044
98000	-317.592	-223.781	-93.8114	29.0387
99000	-323.83	-220.593	-103.237	21.1436
100000	-317.667	-222.535	-95.1319	28.1245
101000	-324.736	-228.896	-95.8399	31.5434
102000	-325.307	-229.085	-96.2221	24.9371
103000	-325.774	-221.545	-104.229	19.8257
104000	-327.464	-226.105	-101.359	23.4454
105000	-322.666	-225.503	-97.1631	27.4258
106000	-321.13	-226.173	-94.9563	33.8604
107000	-324.05	-223.199	-100.851	23.8958
108000	-332.888	-233.078	-99.8102	28.5163
109000	-323.506	-223.27	-100.237	22.6566
110000	-323.303	-226.365	-96.9382	28.4365
111000	-324.008	-228.583	-95.4245	27.7155
112000	-324.766	-228.17	-96.5961	28.7234
113000	-313.053	-222.772	-90.2813	34.6907
114000	-339.655	-231.141	-108.514	25.7133
115000	-343.118	-233.497	-109.621	18.8546
116000	-324.95	-223.487	-101.463	24.4206
117000	-334.637	-231.206	-103.431	23.9367
118000	-319.288	-226.846	-92.4413	30.9926
119000	-326.375	-222.059	-104.316	21.8592
120000	-321.127	-223.811	-97.3163	24.4294
121000	-326.225	-222.939	-103.286	22.6696
122000	-322.522	-220.481	-102.042	19.5694
123000	-325.655	-224.231	-101.424	24.5978
124000	-327.781	-228.286	-99.4954	23.9444
125000	-324.688	-220.602	-104.086	18.2453
126000	-332.731	-234.88	-97.8509	27.7647
127000	-325.603	-229.365	-96.2384	26.4466
128000	-321.364	-230.479	-90.8847	37.7874
129000	-324.76	-225.173	-99.587	24.4493
130000	-326.671	-227.131	-99.54	27.1256
131000	-322.455	-217.793	-104.662	18.4814
132000	-323.18	-222.521	-100.658	22.1326
133000	-328.019	-226.588	-101.432	21.474
134000	-320.913	-220.673	-100.24	25.3602
135000	-330.895	-226.249	-104.646	21.1065
136000	-322.608	-218.577	-104.032	18.4169
137000	-322.561	-222.34	-100.221	22.4854
138000	-321.213	-224.376	-96.8368	27.9151
139000	-326.677	-228.47	-98.2078	26.3578
140000	-323.857	-226.275	-97.5819	29.3228
141000	-320.564	-226.387	-94.1768	33.8511
142000	-327.637	-230.858	-96.7788	31.7715
143000	-338.013	-238.002	-100.012	30.373
144000	-321.01	-221.865	-99.1444	25.1314
145000	-319.271	-226.121	-93.1497	37.2741
146000	-325.335	-221.445	-103.89	24.2461
147000	-326.675	-229.622	-97.0532	32.1952
148000	-330.214	-222.224	-107.99	21.953
149000	-328.977	-229.118	-99.8594	24.6528
150000	-326.209	-225.771	-100.438	26.4975
151000	-328.057	-235.638	-92.4186	38.298
152000	-325.287	-225.026	-100.261	24.3354
153000	-325.578	-226.351	-99.227	25.9184
154000	-327.248	-226.134	-101.115	23.9251
155000	-319.461	-225.741	-93.7205	30.7316
156000	-325.023	-226.147	-98.8763	23.4592
157000	-320.417	-230.318	-90.0995	38.8284
158000	-322.267	-229.552	-92.7153	40.1896
159000	-321.664	-224.46	-97.2039	28.8325
160000	-324.917	-230.125	-94.7921	29.4318
161000	-328.118	-224.979	-103.139	21.9629
162000	-328.452	-232.296	-96.1565	30.6389
163000	-324.201	-224.697	-99.504	23.1263
164000	-322.024	-224.839	-97.1852	22.7524
165000	-319.98	-228.595	-91.3847	35.5861
166000	-318.748	-225.291	-93.4574	29.2579
167000	-328.483	-230.448	-98.0352	25.4936
168000	-328.705	-232.441	-96.264	32.3599
169000	-324.71	-230.376	-94.3338	31.8994
170000	-316.96	-223.545	-93.4154	33.8241
171000	-328.204	-229.199	-99.0047	28.4721
172000	-323.553	-224.503	-99.0497	24.1317
173000	-324.606	-224.371	-100.235	23.785
174000	-328.534	-234.733	-93.8008	33.8316
175000	-327.275	-232.612	-94.6626	28.6426
176000	-316.278	-225.515	-90.7626	36.6117
177000	-323.387	-223.737	-99.6497	23.3706
178000	-327.227	-232.347	-94.8804	32.0075
179000	-318.215	-226.422	-91.7936	29.6731
180000	-324.095	-228.158	-95.9367	32.0337
181000	-325.256	-230.86	-94.396	30.2063
182000	-317.692	-223.574	-94.1175	27.9432
183000	-328.384	-225.052	-103.332	21.6963
184000	-323.704	-222.001	-101.704	21.8713
185000	-327.251	-226.235	-101.016	21.7141
186000	-334.603	-235.171	-99.4323	31.0812
187000	-319.738	-223.664	-96.0731	25.4146
188000	-321.478	-227.792	-93.6866	29.2769
189000	-321.518	-224.856	-96.6615	27.0653
190000	-326.706	-228.448	-98.2575	27.4055
191000	-316.231	-220.842	-95.389	25.2206
192000	-327.771	-230.317	-97.4544	23.1004
193000	-323.58	-219.107	-104.473	20.0036
194000	-331.434	-232.216	-99.2172	23.4631
195000	-319.73	-228.235	-91.4947	36.4537
196000	-330.799	-222.827	-107.972	16.5689
197000	-317.399	-221.474	-95.9249	23.1969
198000	-320.224	-223.337	-96.8877	26.1149
199000	-326.205	-224.656	-101.549	21.9519
200000	-326.917	-223.745	-103.172	22.6046
201000	-328.973	-225.628	-103.345	24.4387
202000	-331.531	-225.721	-105.81	19.5446
203000	-319.173	-218.476	-100.697	19.877
204000	-317.03	-221.84	-95.1902	28.0194
205000	-317.963	-226.24	-91.7226	37.9292
206000	-318.492	-222.638	-95.8537	25.5348
207000	-324.968	-225.072	-99.8961	27.708
208000	-330.983	-233.8	-97.1832	37.3268
209000	-323.804	-220.437	-103.367	22.1884
210000	-326.216	-229.929	-96.2871	32.1432
211000	-328.971	-228.781	-100.19	20.1557
212000	-323.78	-223.461	-100.319	22.6946
213000	-323.081	-228.079	-95.0016	33.7159
214000	-318.824	-221.591	-97.2328	22.6447
215000	-339.374	-238.392	-100.982	34.4639
216000	-325.465	-232.318	-93.1467	30.7396
217000	-332.943	-226.646	-106.298	18.8957
218000	-319.094	-227.992	-91.1021	32.5529
219000	-317.972	-225.161	-92.811	30.7482
220000	-325.093	-228.732	-96.3613	29.736
221000	-323.631	-227.133	-96.4978	31.3322
222000	-321.708	-221.333	-100.375	23.5996
223000	-329.082	-231.867	-97.2151	33.8612
224000	-319.981	-223.204	-96.7764	25.9579
225000	-327.928	-231.656	-96.2723	29.8119
226000	-317.945	-222.421	-95.5247	27.4987
227000	-321.913	-221.393	-100.521	20.5333
228000	-333.816	-225.804	-108.012	19.6808
229000	-334.786	-232.624	-102.162	27.6327
230000	-318.36	-228.673	-89.6873	49.9888
231000	-320.816	-231.61	-89.2063	41.5456
232000	-331.753	-228.801	-102.952	27.9903
233000	-325.125	-232.491	-92.6332	32.6548
234000	-320.064	-219.325	-100.738	22.6503
235000	-331.705	-232.641	-99.0639	31.1091
236000	-330.522	-231.372	-99.1506	26.0672
237000	-326.38	-226.923	-99.4572	27.9967
238000	-328.486	-223.945	-104.54	24.1581
239000	-336.557	-226.645	-109.913	17.5064
240000	-317.504	-219.891	-97.6128	23.2466
241000	-322.114	-222.983	-99.1318	26.3953
242000	-326.207	-222.305	-103.901	22.6673
243000	-328.458	-227.912	-100.546	24.3835
244000	-323.923	-231.241	-92.6811	35.6658
245000	-320.284	-223.525	-96.7586	27.2921
246000	-322.493	-225.213	-97.28	28.3721
247000	-322.755	-221.169	-101.586	22.6187
248000	-325.127	-229.263	-95.8639	33.3482
249000	-326.637	-228.589	-98.048	25.2898
250000	-324.425	-219.495	-104.93	19.6733
251000	-323.219	-223.692	-99.5267	25.6028
252000	-314.268	-220.139	-94.1293	29.1374
253000	-317.219	-224.965	-92.2538	35.1624
254000	-321.197	-223.875	-97.3226	21.7762
255000	-321.53	-229.279	-92.251	33.8534
256000	-337.246	-231.695	-105.551	22.6044
257000	-321.22	-222.017	-99.2037	23.7832
258000	-322.46	-223.253	-99.2078	24.9035
259000	-328.865	-227.791	-101.074	22.6205
260000	-328.114	-229.333	-98.7809	25.3338
261000	-337.502	-224.928	-112.574	18.6272
262000	-326.662	-223.598	-103.064	21.2339
263000	-333.603	-229.331	-104.272	20.651
264000	-321.223	-225.038	-96.1849	30.3216
265000	-321.001	-225.142	-95.8596	29.8499
266000	-321.451	-222.661	-98.7899	27.806
267000	-329.215	-223.246	-105.969	20.9876
268000	-316.641	-223.302	-93.3392	31.8515
269000	-334.209	-238.629	-95.5798	31.8264
270000	-324.929	-224.701	-100.228	24.5599
271000	-321.645	-223.525	-98.1198	25.3448
272000	-321.084	-221.978	-99.106	22.6978
273000	-332.622	-230.568	-102.054	29.3203
274000	-319.855	-226.869	-92.9858	37.0483
275000	-322.687	-226.219	-96.4681	31.1568
276000	-330.21	-234.893	-95.3175	38.0252
277000	-324.836	-224.767	-100.069	23.5568
278000	-329.042	-226.969	-102.073	22.8665
279000	-330.056	-226.191	-103.865	18.2894
280000	-321.814	-222.362	-99.4512	24.7466
281000	-330.151	-237.654	-92.4975	34.8333
282000	-321.312	-224.658	-96.6546	25.27
283000	-322.148	-219.659	-102.489	18.2418
284000	-317.288	-219.235	-98.0532	24.9382
285000	-321.832	-220.476	-101.356	23.8016
286000	-327.834	-228.254	-99.5806	28.2945
287000	-327.405	-223.813	-103.592	22.3122
288000	-327.287	-230.645	-96.6417	30.8997
289000	-325.996	-233.224	-92.7724	38.389
290000	-325.058	-228.082	-96.976	26.1624
291000	-319.469	-225.778	-93.6911	28.4477
292000	-320.422	-223.649	-96.7728	26.3416
293000	-330.071	-236.104	-93.9669	46.5201
294000	-318.339	-222.689	-95.6506	27.7439
295000	-323.438	-222.697	-100.741	21.221
296000	-323.228	-231.831	-91.3965	44.1844
297000	-322.135	-226.782	-95.354	26.0322
298000	-327.224	-233.37	-93.8543	31.2378
299000	-327.313	-232.731	-94.5824	37.4256
300000	-325.746	-223.326	-102.42	21.758
301000	-318.282	-223.189	-95.0931	30.9725
302000	-321.193	-224.044	-97.1491	23.5371
303000	-319.357	-228.474	-90.8836	39.0573
304000	-334.054	-225.144	-108.91	19.7438
305000	-330.442	-234.93	-95.5121	35.6315
306000	-326.309	-226.791	-99.518	24.6353
307000	-328.721	-223.18	-105.541	21.7871
308000	-325.355	-229.941	-95.4144	34.2167
309000	-331.213	-226.582	-104.631	25.5249
310000	-324.486	-223.777	-100.709	25.3691
311000	-324.725	-225.619	-99.1056	27.2965
312000	-322.145	-221.269	-100.876	24.7393
313000	-326.823	-233.09	-93.733	38.7388
314000	-322.391	-227.403	-94.9876	31.9114
315000	-323.443	-230.165	-93.278	38.5555
316000	-327.372	-227.817	-99.5553	26.9171
317000	-327.569	-222.97	-104.599	18.7628
318000	-324.111	-227.436	-96.6758	27.938
319000	-325.26	-230.838	-94.422	33.5273
320000	-323.532	-225.008	-98.5234	24.6674
321000	-324.192	-221.26	-102.932	20.907
322000	-318.118	-219.034	-99.0837	25.0054
323000	-319.974	-224.754	-95.2197	27.2613
324000	-319.589	-221.596	-97.9927	24.8838
325000	-324.301	-231.604	-92.6974	31.6354
326000	-334.924	-228.518	-106.406	27.2199
327000	-328.312	-226.007	-102.306	20.6084
328000	-326.77	-228.713	-98.0569	25.8445
329000	-321.147	-228.666	-92.4811	33.392
330000	-321.387	-221.536	-99.8508	24.1877
331000	-330.473	-226.193	-104.28	23.8148
332000	-321.953	-223.478	-98.4751	23.6798
333000	-321.977	-226.665	-95.3127	31.4383
334000	-330.952	-222.966	-107.986	16.8492
335000	-327.584	-225.133	-102.451	24.0125
336000	-324.215	-224.825	-99.3899	22.5292
337000	-324.564	-220.462	-104.103	18.7323
338000	-322.731	-222.414	-100.317	23.7042
339000	-317.712	-222.479	-95.2334	24.57
340000	-326.82	-224.891	-101.93	26.3029
341000	-323.47	-223.238	-100.232	23.7917
342000	-322.909	-225.698	-97.2103	22.8181
343000	-318.871	-221.11	-97.7609	24.6556
344000	-329.65	-225.682	-103.969	20.74
345000	-329.275	-235.387	-93.8878	31.1058
346000	-327.053	-225.2	-101.853	22.1303
347000	-330.302	-227.9	-102.402	25.0554
348000	-328.493	-226.653	-101.84	20.7344
349000	-322.447	-223.556	-98.8918	21.9762
350000	-323.309	-229.136	-94.1732	32.0461
351000	-326.283	-223.091	-103.193	18.3398
352000	-317.098	-224.705	-92.3931	32.3025
353000	-334.977	-225.821	-109.157	17.1179
354000	-320.713	-220.667	-100.046	23.4583
355000	-323.282	-228.348	-94.934	31.4754
356000	-341.703	-237.249	-104.454	24.7687
357000	-336.633	-233.45	-103.183	25.4393
358000	-329.282	-223.498	-105.784	21.4506
359000	-321.978	-222.312	-99.6666	25.7027
360000	-329.962	-227.264	-102.698	22.8267
361000	-325.139	-231.602	-93.5363	31.9767
362000	-333.524	-231.115	-102.409	26.3816
363000	-327.107	-227.669	-99.4382	26.1651
364000	-327.335	-236.389	-90.9459	37.6867
365000	-324.405	-222.124	-102.281	21.169
366000	-322.919	-225.334	-97.5856	27.2299
367000	-325.552	-220.804	-104.748	21.5228
368000	-332.165	-233.223	-98.9418	30.3448
369000	-328.329	-229.774	-98.5547	28.1737
370000	-318.246	-220.505	-97.7412	25.7672
371000	-327.04	-219.184	-107.855	17.7713
372000	-321.516	-225.236	-96.2793	30.2929
373000	-317.555	-223.297	-94.2578	31.8632
374000	-325.681	-226.875	-98.8062	24.5342
375000	-329.71	-223.03	-106.681	19.577
376000	-325.179	-234.771	-90.4085	42.8611
377000	-323.623	-228.457	-95.166	28.2991
378000	-325.835	-228.88	-96.9549	27.7139
379000	-330.023	-231.495	-98.5282	28.1381
380000	-325.645	-230.243	-95.402	27.0943
381000	-321.747	-226.073	-95.6737	31.2821
382000	-322.508	-228.114	-94.3938	31.4759
383000	-327.516	-228.17	-99.3462	25.046
384000	-321.392	-225.597	-95.7955	29.0957
385000	-327.63	-226.576	-101.054	23.0641
386000	-333.913	-236.331	-97.5821	30.7006
387000	-326.073	-223.984	-102.089	19.7572
388000	-324.617	-229.123	-95.4943	32.4739
389000	-325.767	-228.441	-97.3261	28.1024
390000	-332.245	-229.712	-102.532	23.9396
391000	-322.402	-220.77	-101.632	23.1389
392000	-318.232	-222.444	-95.7878	24.8517
393000	-326.162	-230.637	-95.5254	25.2922
394000	-321.357	-225.009	-96.3481	31.5853
395000	-325.809	-228.411	-97.3978	25.3156
396000	-316.865	-222.69	-94.175	25.7409
397000	-332.783	-234.175	-98.6078	28.525
398000	-330.665	-230.138	-100.527	27.1847
399000	-322.466	-222.605	-99.8608	24.256
400000	-325.583	-227.518	-98.0641	26.1012
401000	-318.421	-224.135	-94.2862	32.0714
402000	-321.731	-221.71	-100.021	23.6385
403000	-327.713	-220.236	-107.478	16.6287
404000	-328.61	-227.882	-100.728	21.4272
405000	-329.296	-223.987	-105.308	21.2091
406000	-321.81	-222.312	-99.4976	21.3255
407000	-325.387	-220.663	-104.723	18.8137
408000	-326.465	-231.63	-94.8349	29.1263
409000	-331.979	-223.683	-108.296	18.4641
410000	-328.269	-229.189	-99.0801	24.608
411000	-324.282	-219.64	-104.643	22.3422
412000	-326.779	-229.572	-97.2074	27.1646
413000	-330.493	-232.866	-97.6265	30.4469
414000	-317.913	-221.016	-96.8967	23.8008
415000	-327.343	-226.829	-100.514	21.5509
416000	-328.628	-224.483	-104.145	21.1879
417000	-328.858	-229.102	-99.7557	25.5823
418000	-323.664	-222.374	-101.29	20.9163
419000	-321.055	-222.771	-98.2839	24.5132
420000	-314.848	-223.775	-91.0732	33.265
421000	-323.689	-233.46	-90.2284	39.4291
422000	-333.736	-233.046	-100.69	29.9558
423000	-318.107	-220.239	-97.8679	24.1202
424000	-334.029	-232.817	-101.213	26.97
425000	-324.83	-229.354	-95.4756	32.3981
426000	-327.105	-232.364	-94.7404	34.1888
427000	-326.48	-232.162	-94.3177	30.154
428000	-318.728	-218.027	-100.701	18.4178
429000	-325.937	-230.409	-95.5276	29.1976
430000	-321.592	-224.047	-97.5456	27.6245
431000	-322.4	-225.855	-96.5447	29.2449
432000	-324.739	-225.766	-98.973	24.4725
433000	-332.983	-227.979	-105.004	26.5199
434000	-323.075	-220.597	-102.478	21.6533
435000	-333.369	-232.688	-100.681	28.6343
436000	-320.887	-225.121	-95.7667	29.7485
437000	-318.146	-223.871	-94.2749	30.1243
438000	-335.062	-234.256	-100.806	29.5758
439000	-329.147	-226.063	-103.084	22.6167
440000	-326.502	-225.45	-101.052	25.5296
441000	-322.695	-222.927	-99.7682	21.0471
442000	-318.696	-223.956	-94.7397	30.2314
443000	-320.494	-225.614	-94.8798	33.2748
444000	-324.722	-228.49	-96.2316	30.5367
445000	-318.011	-221.826	-96.1849	25.9682
446000	-324.373	-226.886	-97.4866	20.8623
447000	-317.723	-226.599	-91.1243	32.1435
448000	-316.41	-224.2	-92.2107	31.4357
449000	-324.273	-230.771	-93.5022	36.6973
450000	-332.949	-230.476	-102.473	25.1394
451000	-321.789	-222.373	-99.4155	25.3673
452000	-329.387	-227.389	-101.998	26.5651
453000	-322.955	-226.452	-96.5028	25.728
454000	-334.049	-235.045	-99.0041	29.3796
455000	-320.462	-228.568	-91.8947	40.7628
456000	-336.676	-235.485	-101.191	25.4709
457000	-326.049	-226.338	-99.7103	25.8176
458000	-320.378	-223.958	-96.4203	24.6482
459000	-318.958	-222.632	-96.3254	25.9
460000	-329.907	-235.459	-94.4482	38.1663
461000	-316.688	-223.664	-93.0243	26.8204
462000	-324.844	-222.92	-101.924	21.9454
463000	-327.187	-224.768	-102.419	18.5811
464000	-315.971	-227.1	-88.8702	45.3068
465000	-326.824	-229.48	-97.3437	30.256
466000	-321.855	-221.68	-100.175	23.8997
467000	-320.509	-219.884	-100.625	20.5128
468000	-325.388	-227.211	-98.1771	24.8497
469000	-324.729	-224.539	-100.19	26.5673
470000	-333.84	-230.611	-103.229	23.1592
471000	-324.71	-225.017	-99.693	27.5477
472000	-333.518	-235.299	-98.2193	29.6933
473000	-325.859	-223.206	-102.653	25.5126
474000	-327.553	-226.274	-101.28	21.073
475000	-329.065	-227.124	-101.941	19.4662
476000	-331.173	-226.305	-104.868	22.8312
477000	-323.853	-229.967	-93.8861	31.8725
478000	-320.832	-221.015	-99.8172	23.834
479000	-323.599	-229.183	-94.4154	36.3034
480000	-319.996	-220.615	-99.3814	22.586
481000	-316.926	-221.141	-95.7852	28.9039
482000	-321.883	-225.904	-95.9786	28.8198
483000	-321.068	-225.643	-95.4244	26.9795
484000	-325.347	-232.967	-92.38	32.1005
485000	-333.827	-231.582	-102.246	27.3575
486000	-322.649	-230.327	-92.3219	38.9281
487000	-331.131	-236.707	-94.4243	40.526
488000	-327.284	-225.37	-101.914	26.5595
489000	-323.865	-221.103	-102.761	23.3133
490000	-319.29	-223.753	-95.537	27.7357
491000	-323.817	-225.092	-98.725	22.8338
492000	-330.364	-230.026	-100.338	25.542
493000	-321.748	-225.843	-95.9049	23.9272
494000	-316.095	-223.382	-92.7135	35.5416
495000	-317.302	-228.707	-88.5954	47.0774
496000	-324.671	-226.342	-98.3285	24.2506
497000	-332.606	-229.211	-103.395	19.0503
498000	-326.246	-230.988	-95.2581	34.402
499000	-321.727	-221.744	-99.9822	22.8301
500000	-323.608	-225.373	-98.2352	29.1571
