Iteration	Posterior	Likelihood	Prior	sigma
0	-421.957	-237.668	-184.289	42.6575
1000	-421.975	-236.403	-185.572	40.8514
2000	-424.645	-239.605	-185.04	45.1161
3000	-431.997	-245.068	-186.929	46.4094
4000	-422.488	-237.718	-184.77	45.6247
5000	-421.201	-231.518	-189.683	34.6178
6000	-425.824	-235.201	-190.622	33.5385
7000	-425.551	-232.053	-193.499	28.5673
8000	-421.555	-236.792	-184.762	45.3279
9000	-429.846	-241.127	-188.719	33.0779
10000	-423.494	-233.835	-189.659	35.9609
11000	-427.459	-237.644	-189.815	38.6758
12000	-422.377	-237.997	-184.38	40.5992
13000	-426.283	-240.648	-185.635	46.3322
14000	-426.941	-240.59	-186.351	43.6275
15000	-423.859	-234.534	-189.325	34.558
16000	-425.892	-240.693	-185.199	46.6933
17000	-426.022	-238.34	-187.682	35.6295
18000	-427.801	-240.864	-186.937	39.3708
19000	-421.299	-236.19	-185.109	38.6294
20000	-422.73	-240.419	-182.311	50.2299
21000	-426.918	-239.139	-187.779	47.4779
22000	-416.907	-235.45	-181.457	48.6832
23000	-423.335	-237.344	-185.991	35.7992
24000	-428.989	-241.581	-187.407	33.5995
25000	-423.555	-235.473	-188.082	37.2219
26000	-426.435	-237.882	-188.553	34.4311
27000	-433.081	-243.809	-189.272	42.151
28000	-422.378	-233.054	-189.324	31.4794
29000	-425.403	-239.965	-185.438	41.6182
30000	-421.687	-234.721	-186.966	32.8819
31000	-423.35	-234.907	-188.443	42.2925
32000	-428.224	-242.499	-185.724	46.1025
33000	-423.024	-236.412	-186.612	40.2689
34000	-420.232	-231.886	-188.346	36.5618
35000	-426.444	-240.545	-185.9	45.0403
36000	-422.382	-235.623	-186.759	44.5536
37000	-423.94	-241.2	-182.739	52.8259
38000	-429.207	-245.383	-183.824	53.3492
39000	-430.934	-238.209	-192.724	31.4
40000	-430.001	-240.943	-189.058	38.5765
41000	-429.236	-231.693	-197.543	26.5824
42000	-420.243	-230.89	-189.353	34.5788
43000	-421.715	-235.973	-185.742	39.4252
44000	-417.666	-236.387	-181.28	45.3908
45000	-428.096	-241.214	-186.882	38.321
46000	-419.3	-235.208	-184.093	44.8554
47000	-420.652	-237.652	-183	50.2498
48000	-438.892	-244.596	-194.297	37.506
49000	-425.271	-237.241	-188.029	33.1336
50000	-422.907	-235.926	-186.981	38.3598
51000	-429.131	-235.447	-193.684	31.098
52000	-429.674	-238.748	-190.926	37.057
53000	-423.583	-235.593	-187.99	31.765
54000	-424.993	-235	-189.993	36.124
55000	-419.327	-232.347	-186.98	35.9245
56000	-429.942	-245.29	-184.652	48.4483
57000	-420.093	-232.673	-187.42	35.1384
58000	-448.79	-244.72	-204.07	24.8198
59000	-424.685	-234.013	-190.672	29.5577
60000	-423.95	-231.441	-192.509	30.4355
61000	-420.303	-236.925	-183.377	49.6026
62000	-418.972	-233.734	-185.238	39.2529
63000	-424.449	-239.668	-184.781	47.4125
64000	-420.162	-233.551	-186.611	36.1192
65000	-421.188	-237.773	-183.414	46.7598
66000	-425.678	-239.712	-185.966	41.2318
67000	-429.612	-239.786	-189.826	40.7964
68000	-428.735	-238.784	-189.951	32.6691
69000	-419.31	-228.638	-190.672	31.909
70000	-426.927	-240.546	-186.381	49.3988
71000	-426.939	-244.965	-181.974	56.2961
72000	-427.017	-239.838	-187.178	32.4801
73000	-424.4	-234.259	-190.141	30.9634
74000	-419.613	-238.154	-181.459	50.3506
75000	-423.81	-233.889	-189.92	34.3744
76000	-435.117	-243.796	-191.321	37.2347
77000	-424.461	-239.878	-184.583	47.1521
78000	-431.84	-244.414	-187.426	43.4973
79000	-427.524	-235.293	-192.231	30.6799
80000	-428.496	-237.366	-191.13	30.634
81000	-428.18	-235.899	-192.281	34.0529
82000	-423.574	-233.657	-189.917	34.335
83000	-426.111	-242.115	-183.996	46.3728
84000	-429.142	-232.864	-196.278	23.052
85000	-422.909	-232.615	-190.294	34.7058
86000	-423.492	-237.727	-185.764	36.9391
87000	-429.798	-234.403	-195.394	32.0856
88000	-432.258	-238.377	-193.881	26.0362
89000	-419.894	-235.299	-184.594	42.2403
90000	-418.734	-234.804	-183.93	45.4969
91000	-425.814	-234.619	-191.195	30.8486
92000	-422.403	-234.927	-187.476	33.2158
93000	-428.682	-244.035	-184.647	35.6789
94000	-421.859	-237.778	-184.081	45.3629
95000	-425.36	-242.681	-182.679	46.4142
96000	-422.993	-231.613	-191.38	30.0026
97000	-423.448	-237.203	-186.246	42.1742
98000	-424.718	-238.622	-186.096	38.6817
99000	-429.217	-238.993	-190.224	34.0702
100000	-435.772	-239.316	-196.456	34.1337
101000	-425.509	-240.843	-184.666	44.4478
102000	-422.788	-234.562	-188.226	33.3558
103000	-419.871	-237.431	-182.44	52.9292
104000	-425.997	-234.486	-191.511	35.7791
105000	-425.771	-235.382	-190.389	32.8404
106000	-432.814	-246.394	-186.42	43.9217
107000	-421.785	-234.338	-187.447	33.4511
108000	-424.68	-232.562	-192.117	32.5637
109000	-429.892	-243.969	-185.924	45.0866
110000	-427.819	-243.781	-184.038	49.0947
111000	-425.079	-237.752	-187.327	36.345
112000	-436.257	-242.914	-193.343	32.151
113000	-424	-242.82	-181.18	61.2208
114000	-431.854	-239.661	-192.193	31.0159
115000	-426.841	-239.178	-187.663	39.1225
116000	-428.209	-245.506	-182.703	49.2135
117000	-427.534	-235.723	-191.811	35.4505
118000	-438.281	-239.014	-199.267	32.8203
119000	-430.895	-232.793	-198.103	32.5487
120000	-422.375	-235.651	-186.725	38.2526
121000	-422.292	-235.589	-186.702	35.4522
122000	-428.304	-239.262	-189.043	39.8641
123000	-422.175	-239.887	-182.288	50.545
124000	-421.98	-239.661	-182.318	44.8994
125000	-431.374	-244.338	-187.035	43.6526
126000	-431.31	-241.766	-189.543	39.1119
127000	-422.733	-239.396	-183.337	46.4503
128000	-423.149	-234.35	-188.799	35.474
129000	-421.665	-228.142	-193.524	28.381
130000	-426.092	-234.629	-191.463	34.9163
131000	-423.403	-238.929	-184.474	45.0002
132000	-429.061	-238.62	-190.441	31.5529
133000	-432.199	-241.074	-191.125	41.7295
134000	-420.473	-230.896	-189.578	29.0235
135000	-427.665	-234.226	-193.439	34.2835
136000	-416.861	-230.451	-186.41	36.2548
137000	-434.952	-245	-189.953	41.4035
138000	-425.189	-241.376	-183.813	48.8751
139000	-421.156	-235.026	-186.13	37.0459
140000	-419.949	-232.991	-186.959	34.8649
141000	-422.227	-236.244	-185.983	38.6817
142000	-423.23	-234.58	-188.65	36.3299
143000	-421.364	-235.583	-185.781	41.3753
144000	-426.909	-231.147	-195.762	25.1875
145000	-418.202	-231.156	-187.047	31.4778
146000	-418.946	-232.77	-186.176	30.9478
147000	-423.326	-237.875	-185.451	35.4678
148000	-426.185	-237.353	-188.832	36.5456
149000	-432.022	-239.811	-192.212	34.0824
150000	-424.775	-238.272	-186.503	40.707
151000	-423.803	-238.065	-185.737	38.3643
152000	-423.171	-232.192	-190.979	31.8358
153000	-424.627	-235.429	-189.198	31.7224
154000	-426.385	-240.761	-185.624	41.7526
155000	-430.759	-237.075	-193.684	38.1615
156000	-428.61	-239.144	-189.466	36.2078
157000	-425.543	-241.089	-184.454	44.451
158000	-425.069	-234.528	-190.541	31.6381
159000	-424.926	-233.758	-191.167	34.3241
160000	-423.02	-236.582	-186.439	38.8511
161000	-429.981	-242.045	-187.936	44.3479
162000	-427.798	-244.717	-183.081	55.4938
163000	-428.843	-234.736	-194.107	27.0491
164000	-421.291	-232.754	-188.538	30.0388
165000	-418.69	-234.575	-184.115	38.8735
166000	-425.022	-237.615	-187.407	42.3644
167000	-430.57	-241.755	-188.814	45.087
168000	-425.366	-236.306	-189.059	31.8717
169000	-428.715	-243.622	-185.093	44.1067
170000	-426.282	-239.849	-186.433	50.3844
171000	-430.911	-244.852	-186.059	56.3699
172000	-430.108	-244.494	-185.613	48.6275
173000	-434.387	-247.829	-186.558	40.305
174000	-427.086	-243.629	-183.458	49.1035
175000	-420.251	-233.69	-186.561	35.986
176000	-422.446	-233.247	-189.199	31.2612
177000	-419.859	-234.414	-185.446	36.1147
178000	-424.246	-238.915	-185.331	40.4228
179000	-425.478	-239.19	-186.288	45.6923
180000	-421.367	-227.637	-193.73	27.6689
181000	-430.121	-240.585	-189.536	36.3187
182000	-420.022	-231.029	-188.994	32.8864
183000	-442.255	-255.246	-187.009	53.2978
184000	-423.827	-234.507	-189.32	34.9834
185000	-427.979	-230.487	-197.492	25.4724
186000	-421.289	-237.587	-183.702	44.104
187000	-425.844	-236.894	-188.95	31.621
188000	-422.121	-242.189	-179.932	53.4748
189000	-420.932	-236.471	-184.46	41.5989
190000	-432.152	-235.66	-196.492	29.761
191000	-416.566	-231.14	-185.426	34.9097
192000	-424.212	-233.203	-191.009	26.9824
193000	-430.16	-240.265	-189.896	40.529
194000	-430.995	-233.853	-197.141	28.8675
195000	-426.432	-235.877	-190.555	33.8693
196000	-418.763	-235.486	-183.278	44.0959
197000	-422.34	-235.366	-186.974	39.4763
198000	-421.375	-233.588	-187.788	32.895
199000	-420.518	-236.488	-184.03	44.5612
200000	-426.548	-242.221	-184.326	43.1032
201000	-425.464	-237.628	-187.836	40.6885
202000	-420.589	-233.886	-186.704	35.3659
203000	-426.971	-236.15	-190.822	32.3247
204000	-426.474	-244.163	-182.311	57.617
205000	-428.989	-240.141	-188.848	44.7189
206000	-419.884	-234.588	-185.296	39.3483
207000	-427.496	-236.489	-191.007	31.6112
208000	-424.684	-234.351	-190.333	33.031
209000	-422.453	-237.251	-185.202	41.4724
210000	-436.873	-243.759	-193.114	33.8067
211000	-425.074	-237.101	-187.973	41.0487
212000	-424.676	-236.989	-187.687	40.9223
213000	-429.295	-241.016	-188.279	43.4937
214000	-420.811	-231.492	-189.32	31.1565
215000	-422.053	-238.399	-183.654	47.9753
216000	-418.13	-232.923	-185.207	32.5654
217000	-425.767	-236.635	-189.132	40.1801
218000	-423.993	-236.495	-187.498	37.3742
219000	-426.609	-244.6	-182.01	58.0284
220000	-427.512	-237.135	-190.377	30.7588
221000	-420.578	-233.976	-186.602	30.718
222000	-418.268	-233.985	-184.283	41.083
223000	-432.302	-242.571	-189.731	36.491
224000	-416.401	-236.911	-179.49	55.5453
225000	-423.302	-237.356	-185.946	38.8506
226000	-433.969	-241.12	-192.849	32.5383
227000	-431.472	-239.237	-192.235	27.9567
228000	-419.838	-234.117	-185.721	34.2741
229000	-424.86	-232.599	-192.261	28.2603
230000	-422.975	-234.739	-188.236	40.1312
231000	-423.548	-230.056	-193.492	26.4557
232000	-427.401	-245.107	-182.294	63.9593
233000	-421.103	-237.024	-184.079	48.1617
234000	-422.607	-243.331	-179.276	70.0875
235000	-422.833	-237.326	-185.508	40.8387
236000	-420.018	-231.399	-188.619	35.5566
237000	-424.822	-234.313	-190.508	31.9972
238000	-423.547	-238.783	-184.764	39.0529
239000	-427.958	-234.865	-193.092	33.5716
240000	-423.85	-238.663	-185.187	44.4005
241000	-428.374	-238.955	-189.419	31.8412
242000	-422.168	-234.809	-187.359	33.9842
243000	-419.905	-232.28	-187.625	35.1063
244000	-427.722	-236.426	-191.296	37.0038
245000	-423.782	-236.671	-187.112	36.7144
246000	-417.139	-230.467	-186.672	36.2129
247000	-422.076	-239.084	-182.992	47.7629
248000	-428.921	-239.66	-189.262	33.8416
249000	-421.944	-234.583	-187.361	33.4708
250000	-418.924	-232.258	-186.666	34.3479
251000	-419.964	-237.661	-182.303	47.4763
252000	-427.996	-240.855	-187.141	40.0931
253000	-421.326	-230.384	-190.942	30.7232
254000	-421.952	-234.506	-187.446	34.0474
255000	-419.134	-232.405	-186.729	36.4521
256000	-423.046	-236.87	-186.176	40.1804
257000	-418.802	-232.373	-186.43	33.6017
258000	-426.398	-237.602	-188.796	32.1924
259000	-425.378	-233.083	-192.295	30.1427
260000	-428.379	-240.419	-187.96	45.4718
261000	-427.74	-242.874	-184.866	46.9282
262000	-428.04	-239.388	-188.652	39.7264
263000	-425.376	-239.65	-185.726	38.7253
264000	-419.674	-233.371	-186.303	37.0304
265000	-421.826	-236.994	-184.832	40.2449
266000	-434.984	-246.464	-188.519	54.7206
267000	-424.532	-239.476	-185.056	44.4581
268000	-425.357	-237.865	-187.492	36.9771
269000	-432.394	-239.205	-193.189	37.8141
270000	-425.411	-238.444	-186.967	41.066
271000	-428.49	-242.314	-186.175	44.9463
272000	-422.536	-237.436	-185.099	44.3578
273000	-421.843	-235.634	-186.208	37.7407
274000	-422.407	-236.931	-185.476	42.3488
275000	-432.614	-242.353	-190.261	35.9386
276000	-426.908	-244.088	-182.82	51.9436
277000	-422.029	-234.089	-187.94	36.7113
278000	-426.445	-237.202	-189.243	30.9679
279000	-420.164	-237.485	-182.679	48.0061
280000	-427.486	-239.424	-188.062	34.517
281000	-425.414	-240.604	-184.81	40.859
282000	-430.331	-240.21	-190.121	35.1702
283000	-422.039	-238.464	-183.575	47.9407
284000	-426.129	-238.034	-188.094	43.3835
285000	-431.962	-244.822	-187.14	32.827
286000	-419.729	-235.207	-184.523	38.5205
287000	-424.345	-239.082	-185.263	36.6552
288000	-425.407	-238.703	-186.704	43.0061
289000	-420.154	-239.38	-180.774	46.7291
290000	-419.758	-235.014	-184.744	41.8618
291000	-417.621	-234.4	-183.221	39.6433
292000	-426.49	-237.211	-189.279	29.6371
293000	-422.872	-238.184	-184.688	46.2105
294000	-424.688	-239.185	-185.503	45.0731
295000	-421.962	-232.873	-189.089	32.7349
296000	-420.59	-232.822	-187.768	34.7812
297000	-420.105	-232.291	-187.814	28.1085
298000	-423.776	-237.658	-186.118	37.5641
299000	-420.452	-236.77	-183.682	43.6851
300000	-422.032	-232.597	-189.434	30.4436
301000	-420.231	-235.983	-184.248	41.9176
302000	-428.862	-239.387	-189.475	34.6679
303000	-435.604	-237.622	-197.983	27.415
304000	-423.405	-234.009	-189.395	33.1346
305000	-426.359	-239.604	-186.755	42.5227
306000	-424.414	-240.73	-183.684	48.4942
307000	-421.189	-233.239	-187.951	29.871
308000	-424.031	-240.396	-183.635	45.4604
309000	-433.734	-238.213	-195.521	25.2476
310000	-429.14	-242.005	-187.135	46.1605
311000	-426.785	-238.505	-188.28	36.1257
312000	-429.707	-243.276	-186.431	43.2429
313000	-423.897	-235.241	-188.656	36.064
314000	-421.327	-233.414	-187.912	40.3301
315000	-422.035	-239.052	-182.983	40.0287
316000	-424.992	-231.871	-193.122	31.7957
317000	-429.86	-242.39	-187.469	39.4594
318000	-420.264	-234.972	-185.292	38.5187
319000	-427.029	-237.532	-189.497	32.6737
320000	-424.798	-235.184	-189.614	40.5799
321000	-425.19	-239.127	-186.063	43.7843
322000	-433.289	-235.676	-197.613	24.5492
323000	-423.079	-239.712	-183.367	43.045
324000	-429.974	-240.097	-189.877	35.4177
325000	-425.023	-237.272	-187.751	39.904
326000	-423.334	-237.13	-186.204	40.3612
327000	-419.201	-231.548	-187.653	37.8366
328000	-429.154	-233.718	-195.436	27.9709
329000	-418.509	-234.158	-184.351	41.8515
330000	-429.215	-237.404	-191.811	31.0643
331000	-430.884	-242.738	-188.146	29.2821
332000	-428.169	-238.008	-190.161	31.9733
333000	-418.081	-237.573	-180.507	51.2146
334000	-423.96	-238.617	-185.343	39.258
335000	-433.902	-247.181	-186.722	47.4357
336000	-423.054	-237.014	-186.04	48.8346
337000	-437.987	-244.268	-193.719	38.4192
338000	-433.156	-247.097	-186.059	42.9284
339000	-441.171	-246.997	-194.174	40.503
340000	-431.147	-243.584	-187.563	41.043
341000	-426.154	-236.445	-189.709	37.633
342000	-416.872	-236.416	-180.456	49.2462
343000	-422.996	-233.161	-189.834	31.0018
344000	-426.401	-236.966	-189.435	38.6911
345000	-432.824	-231.202	-201.622	26.1473
346000	-423.371	-231.063	-192.308	29.2112
347000	-425.488	-238.68	-186.808	40.3305
348000	-425.615	-234.202	-191.413	26.7918
349000	-423.701	-240.016	-183.685	40.528
350000	-425.95	-230.346	-195.604	32.1945
351000	-427.238	-237.646	-189.592	35.733
352000	-432.254	-245.247	-187.007	42.5434
353000	-428.437	-238.47	-189.967	36.1123
354000	-437.587	-240.067	-197.519	27.3935
355000	-430.521	-236.932	-193.589	28.7375
356000	-427.891	-235.43	-192.461	32.3193
357000	-423.747	-237.517	-186.23	37.5858
358000	-421.349	-237.116	-184.233	38.5672
359000	-427.686	-244.355	-183.331	43.226
360000	-417.001	-232.105	-184.896	40.8843
361000	-423.597	-239.142	-184.455	44.4936
362000	-428.489	-234.94	-193.549	28.0375
363000	-422.657	-240.403	-182.254	53.811
364000	-423.098	-233.268	-189.829	29.8463
365000	-422.361	-234.788	-187.573	36.4442
366000	-433.445	-244.917	-188.528	48.709
367000	-418.853	-232.757	-186.096	37.0327
368000	-425.14	-238.869	-186.271	38.333
369000	-431.993	-237.475	-194.517	31.7834
370000	-428.967	-244.737	-184.23	46.8825
371000	-422.93	-234.494	-188.437	39.6472
372000	-417.945	-234.635	-183.31	44.5636
373000	-429.98	-242.672	-187.309	36.9237
374000	-424.22	-231.849	-192.371	29.2249
375000	-433.834	-236.997	-196.837	30.9865
376000	-428.105	-242.857	-185.249	41.4537
377000	-427.974	-240.286	-187.688	36.3079
378000	-426.862	-240.413	-186.449	46.8523
379000	-427.411	-235.853	-191.557	32.9138
380000	-421.587	-233.876	-187.712	29.779
381000	-425.453	-238.587	-186.866	35.7622
382000	-427.809	-243.494	-184.315	53.6036
383000	-425.804	-232.38	-193.424	25.8305
384000	-424.586	-237.529	-187.057	34.5685
385000	-420.373	-232.887	-187.487	39.4951
386000	-424.994	-234.843	-190.151	28.59
387000	-425.363	-237.924	-187.439	34.8699
388000	-437.089	-238.187	-198.901	25.8905
389000	-427.237	-237.848	-189.389	34.2561
390000	-418.691	-234.724	-183.968	39.911
391000	-420.056	-234.678	-185.378	43.2645
392000	-421.758	-237.696	-184.061	44.0287
393000	-419.772	-232.729	-187.043	37.0665
394000	-423.845	-234.365	-189.481	27.9218
395000	-429.333	-241.138	-188.195	41.8454
396000	-430.749	-240.811	-189.938	37.5328
397000	-427.382	-235.215	-192.167	30.2323
398000	-428.463	-236.56	-191.903	32.0482
399000	-422.632	-236.059	-186.572	41.3269
400000	-425.874	-239.547	-186.327	44.8558
401000	-428.497	-233.671	-194.826	28.4621
402000	-426.554	-238.167	-188.388	34.7343
403000	-421.066	-230.295	-190.771	35.2874
404000	-421.156	-237.94	-183.216	43.4142
405000	-424.018	-235.45	-188.568	35.7492
406000	-437.415	-243.188	-194.226	39.861
407000	-420.723	-238.582	-182.141	48.7972
408000	-423.265	-233.505	-189.76	30.2733
409000	-420.432	-233.884	-186.547	41.5372
410000	-418.483	-234.722	-183.76	39.2837
411000	-424.519	-240.681	-183.838	47.2902
412000	-423.855	-241.131	-182.724	44.6452
413000	-431.057	-243.132	-187.925	37.6432
414000	-425.949	-240.512	-185.436	48.7391
415000	-429.024	-232.083	-196.941	27.6735
416000	-428.047	-237.508	-190.539	32.1322
417000	-429.673	-231.309	-198.364	25.2124
418000	-427.217	-234.95	-192.267	30.5239
419000	-420.02	-234.33	-185.69	31.7456
420000	-423.484	-237.612	-185.872	37.696
421000	-422.447	-235.165	-187.283	44.2659
422000	-429.836	-238.394	-191.442	37.5149
423000	-419.52	-233.912	-185.608	39.1933
424000	-422.274	-236.172	-186.103	33.1552
425000	-431.83	-247.104	-184.726	49.5727
426000	-423.213	-233.194	-190.018	33.5376
427000	-424.651	-235.37	-189.281	33.9256
428000	-425.806	-238.243	-187.562	36.4523
429000	-422.752	-235.221	-187.531	28.8265
430000	-419.58	-237.036	-182.544	49.6543
431000	-427.56	-238.81	-188.749	41.341
432000	-430.657	-242.014	-188.642	35.4218
433000	-422.272	-234.507	-187.765	32.5388
434000	-420.154	-236.894	-183.26	40.8486
435000	-433.885	-241.357	-192.528	32.1309
436000	-423.567	-239.991	-183.576	44.1713
437000	-422.926	-238.69	-184.236	41.6569
438000	-421.783	-236.604	-185.179	36.6721
439000	-419.42	-236.321	-183.1	52.7717
440000	-425.589	-240.484	-185.106	40.2274
441000	-421.383	-238.174	-183.209	52.2354
442000	-420.595	-238.037	-182.558	53.2024
443000	-427.651	-240.486	-187.166	40.7489
444000	-421.064	-236.397	-184.666	38.8442
445000	-434.684	-244.829	-189.855	35.3942
446000	-418.241	-234.144	-184.098	43.2679
447000	-425.853	-236.461	-189.392	34.2259
448000	-424.816	-236.171	-188.645	39.531
449000	-422.765	-237.956	-184.809	38.5767
450000	-426.781	-235.338	-191.442	35.6966
451000	-423.286	-230.707	-192.579	27.6869
452000	-420.025	-231.603	-188.422	34.4305
453000	-422.995	-229.791	-193.203	29.855
454000	-419.556	-238.488	-181.068	58.2139
455000	-431.689	-244.164	-187.525	34.407
456000	-427.973	-239.318	-188.654	42.708
457000	-426.256	-240.993	-185.263	44.8726
458000	-427.164	-233.236	-193.928	31.471
459000	-425.659	-241.704	-183.956	47.5895
460000	-423.531	-239.369	-184.162	40.783
461000	-421.682	-238.192	-183.49	52.6503
462000	-423.536	-237.747	-185.788	40.9252
463000	-425.085	-238.467	-186.618	38.0254
464000	-420.861	-237.13	-183.731	50.1665
465000	-426.279	-236.531	-189.748	29.9814
466000	-425.606	-237.649	-187.957	34.8652
467000	-420.536	-235.092	-185.445	40.2142
468000	-423.608	-240.662	-182.946	50.4214
469000	-424.592	-239.073	-185.518	46.869
470000	-420.898	-239.216	-181.682	48.3268
471000	-424.88	-232.269	-192.611	29.7099
472000	-431.111	-243.823	-187.288	39.5886
473000	-427.128	-246.139	-180.989	64.958
474000	-426.526	-235.485	-191.041	33.1754
475000	-421.93	-236.851	-185.079	37.0898
476000	-426.54	-234.756	-191.784	35.8004
477000	-424.526	-232.046	-192.48	29.8511
478000	-428.54	-242.937	-185.603	44.3033
479000	-419.74	-236.797	-182.942	50.3205
480000	-422.993	-233.566	-189.427	32.4599
481000	-429.888	-237.032	-192.856	35.5047
482000	-425.513	-241.956	-183.557	39.5602
483000	-422.924	-238.17	-184.753	41.2946
484000	-425.841	-236.578	-189.263	36.8169
485000	-435.547	-248.256	-187.291	44.1573
486000	-423.96	-232.324	-191.636	29.3789
487000	-419.929	-233.43	-186.499	37.8331
488000	-434.132	-241.822	-192.31	38.1093
489000	-419.593	-234.659	-184.934	38.947
490000	-425.403	-237.901	-187.502	32.2017
491000	-427.015	-230.198	-196.817	27.924
492000	-424.09	-234.273	-189.816	35.6063
493000	-422.65	-235.257	-187.393	42.1011
494000	-433.52	-248.066	-185.454	47.6812
495000	-428.785	-242.877	-185.908	50.7965
496000	-429.631	-242.52	-187.111	45.5129
497000	-432.218	-238.393	-193.825	31.9817
498000	-425.775	-235.899	-189.876	29.5463
499000	-431.164	-244.565	-186.599	48.1246
500000	-424.61	-235.302	-189.307	31.8784
