Iteration	Posterior	Likelihood	Prior	sigma
0	-300.195	-180.506	-119.689	23.1069
1000	-304.888	-186.488	-118.4	26.0035
2000	-313.158	-191.284	-121.873	22.3039
3000	-316.952	-185.897	-131.054	18.4338
4000	-315.148	-191.954	-123.194	23.133
5000	-308.602	-189.135	-119.466	24.9634
6000	-310.251	-184.232	-126.019	21.8661
7000	-309.861	-191.239	-118.622	33.2965
8000	-314.351	-196.942	-117.409	38.2474
9000	-315.881	-195.438	-120.442	23.2666
10000	-312.253	-188.688	-123.564	24.1
11000	-311.941	-194.974	-116.967	35.8328
12000	-309.173	-187.605	-121.568	23.4351
13000	-303.652	-179.946	-123.707	19.6766
14000	-309.22	-180.87	-128.35	20.5297
15000	-316.128	-184.977	-131.151	16.4278
16000	-313.049	-188.535	-124.513	24.3353
17000	-308.864	-189.599	-119.266	25.2792
18000	-306.122	-186.2	-119.922	31.6378
19000	-307.428	-184.109	-123.319	19.266
20000	-314.883	-189.996	-124.887	20.9334
21000	-310.823	-189.396	-121.427	25.613
22000	-310.853	-189.76	-121.093	22.6428
23000	-308.699	-186.492	-122.208	28.5064
24000	-308.494	-187.468	-121.026	27.3178
25000	-302.661	-185.65	-117.01	30.1575
26000	-305.93	-187.807	-118.122	27.9989
27000	-306.504	-185.411	-121.092	23.2618
28000	-307.982	-183.6	-124.382	23.4159
29000	-307.927	-183.24	-124.687	22.4853
30000	-306.701	-185.215	-121.487	22.8394
31000	-304.872	-187.566	-117.307	27.6283
32000	-316.041	-188.657	-127.384	23.3521
33000	-305.731	-189.872	-115.859	27.1594
34000	-312.082	-191.127	-120.955	24.5099
35000	-307.962	-185.249	-122.712	21.6821
36000	-308.666	-185.309	-123.357	23.8714
37000	-306.243	-189.68	-116.563	29.6721
38000	-309.689	-189.028	-120.662	25.8101
39000	-308.488	-186.093	-122.395	19.4994
40000	-310.792	-188.066	-122.726	24.7578
41000	-302.749	-183.183	-119.566	26.8971
42000	-313.866	-194.539	-119.327	33.1839
43000	-302.608	-187.892	-114.716	39.3262
44000	-307.169	-187.895	-119.274	31.2389
45000	-316.781	-197.199	-119.583	32.8982
46000	-303.413	-186.938	-116.475	27.3452
47000	-304.036	-185.283	-118.753	29.1707
48000	-301.951	-184.706	-117.245	24.1931
49000	-310.214	-181.246	-128.968	15.1422
50000	-305.601	-182.044	-123.557	18.957
51000	-312.846	-187.954	-124.892	17.9898
52000	-309.213	-186.565	-122.648	23.3672
53000	-308.029	-189.054	-118.975	26.5229
54000	-310.512	-183.31	-127.202	17.9798
55000	-301.561	-180.733	-120.827	23.855
56000	-301.572	-180.505	-121.067	21.781
57000	-306.777	-188.445	-118.332	27.0741
58000	-306.329	-183.664	-122.665	25.4684
59000	-309.699	-186.483	-123.216	24.7438
60000	-300.979	-181.803	-119.176	23.4889
61000	-305.658	-187.371	-118.287	30.5106
62000	-308.132	-183.635	-124.497	22.0156
63000	-302.083	-180.343	-121.74	21.9455
64000	-307.048	-187.758	-119.29	28.6296
65000	-306.384	-183.476	-122.907	21.5054
66000	-304.352	-182.268	-122.084	19.9366
67000	-303.749	-187.986	-115.762	33.5129
68000	-308.998	-186.345	-122.654	22.6153
69000	-311.065	-187.874	-123.191	22.3073
70000	-307.816	-178.479	-129.338	19.0736
71000	-311.548	-186.085	-125.463	20.1082
72000	-306.888	-181.513	-125.375	21.2716
73000	-310.33	-186.376	-123.954	25.4298
74000	-303.318	-182.599	-120.719	25.9202
75000	-303.062	-185.207	-117.854	26.6164
76000	-308.905	-190.878	-118.028	32.7973
77000	-309.353	-181.684	-127.668	17.7687
78000	-301.812	-183.847	-117.966	26.8095
79000	-303.286	-177.712	-125.574	18.0834
80000	-311.031	-191.539	-119.493	32.5867
81000	-303.437	-181.996	-121.441	25.2067
82000	-306.005	-185.339	-120.666	23.6209
83000	-312.883	-190.803	-122.08	26.4027
84000	-309.37	-187.344	-122.026	23.5323
85000	-305.956	-182.728	-123.228	20.1774
86000	-308.919	-188.902	-120.017	29.6294
87000	-311.413	-185.186	-126.228	27.1271
88000	-303.204	-183.835	-119.369	23.1198
89000	-304.715	-182.467	-122.248	24.0596
90000	-305.275	-184.785	-120.489	25.1569
91000	-314.66	-185.466	-129.194	18.8724
92000	-315.298	-183.612	-131.686	16.29
93000	-314.566	-186.541	-128.026	21.3844
94000	-306.653	-185.555	-121.098	25.4763
95000	-309.89	-189.635	-120.255	22.7584
96000	-312.753	-182.779	-129.974	21.2839
97000	-302.308	-186.424	-115.884	31.9305
98000	-307.633	-182.568	-125.065	18.9428
99000	-300.781	-183.668	-117.113	25.2815
100000	-308.113	-179.488	-128.625	17.9467
101000	-315.274	-188.45	-126.824	20.0589
102000	-317.367	-194.239	-123.128	30.2497
103000	-308.151	-189.395	-118.756	25.2346
104000	-306.033	-184.123	-121.911	22.9552
105000	-306.537	-187.835	-118.702	28.5678
106000	-313.679	-186.973	-126.706	19.4474
107000	-306.921	-185.37	-121.551	23.7689
108000	-306.464	-185.398	-121.066	21.215
109000	-307.117	-183.747	-123.37	20.0315
110000	-304.469	-182.853	-121.616	23.2608
111000	-306.972	-177.725	-129.247	15.761
112000	-315.222	-186.248	-128.974	18.718
113000	-315.1	-188.965	-126.135	23.9019
114000	-312.215	-189.576	-122.639	19.4829
115000	-317.728	-179.434	-138.294	14.1633
116000	-303.698	-178.351	-125.347	18.5524
117000	-308.337	-191.033	-117.304	26.4194
118000	-309.705	-187.086	-122.619	25.6137
119000	-312.83	-190.772	-122.058	33.2002
120000	-309.62	-191.853	-117.767	31.7092
121000	-314.284	-190.427	-123.857	22.3365
122000	-304.156	-187.844	-116.312	32.8062
123000	-303.228	-183.942	-119.286	28.3039
124000	-306.313	-184.313	-121.999	24.2549
125000	-308.805	-185.402	-123.404	21.6053
126000	-302.66	-180.669	-121.991	22.1304
127000	-307.416	-189.113	-118.303	26.6807
128000	-301.829	-184.788	-117.04	31.8109
129000	-309.731	-185.778	-123.954	22.9069
130000	-304.744	-178.298	-126.446	18.5379
131000	-308.299	-184.244	-124.055	22.5368
132000	-303.915	-182.685	-121.231	22.4979
133000	-303.35	-187	-116.35	28.1069
134000	-309.296	-191.524	-117.771	24.8316
135000	-315.783	-185.856	-129.927	19.8506
136000	-309.006	-190.114	-118.892	34.7802
137000	-307.289	-187.125	-120.164	24.1568
138000	-306.27	-185.067	-121.202	26.132
139000	-305.105	-187.384	-117.72	28.8112
140000	-304.352	-188.268	-116.084	36.1731
141000	-314.096	-185.947	-128.149	17.5738
142000	-303.223	-183.608	-119.614	25.6061
143000	-315.521	-194.611	-120.91	25.9001
144000	-310.807	-188.968	-121.839	25.8722
145000	-303.872	-183.941	-119.931	23.5028
146000	-302.523	-185.52	-117.003	26.857
147000	-308.749	-185.705	-123.044	22.2317
148000	-313.537	-192.757	-120.78	24.2431
149000	-305.026	-182.758	-122.268	20.2104
150000	-314.272	-179.879	-134.393	19.3523
151000	-301.674	-182.693	-118.98	22.3152
152000	-312.269	-188.929	-123.34	25.2684
153000	-303.359	-180.269	-123.09	23.3237
154000	-310.541	-188.564	-121.977	27.6232
155000	-307.003	-182.621	-124.382	22.0385
156000	-307.278	-180.963	-126.315	19.1861
157000	-302.971	-181.405	-121.565	23.9293
158000	-311.431	-192.464	-118.967	33.2761
159000	-303.211	-178.117	-125.094	18.2235
160000	-300.362	-182.258	-118.104	30.546
161000	-313.17	-189.032	-124.138	22.9097
162000	-308.387	-183.382	-125.005	20.8092
163000	-306.185	-187.002	-119.183	27.2427
164000	-300.219	-183.748	-116.47	29.9406
165000	-323.062	-199.128	-123.934	24.5817
166000	-307.526	-182.699	-124.826	20.2174
167000	-310.63	-186.03	-124.599	18.8651
168000	-313.408	-192.604	-120.803	22.2733
169000	-305.835	-182.805	-123.03	24.6541
170000	-310.171	-182.434	-127.737	20.9764
171000	-302.129	-179.498	-122.631	21.1495
172000	-305.67	-178.796	-126.874	19.9279
173000	-324.804	-196.83	-127.973	22.0492
174000	-312.513	-189.917	-122.596	23.7865
175000	-305.843	-186.117	-119.726	27.1912
176000	-305.318	-180.453	-124.864	21.8993
177000	-309.186	-184.13	-125.056	19.9449
178000	-306.439	-186.993	-119.446	25.0857
179000	-306.894	-187.767	-119.127	33.2633
180000	-303.938	-184.362	-119.575	28.2811
181000	-312.937	-190.654	-122.283	23.0043
182000	-318.926	-199.43	-119.496	33.1245
183000	-306.431	-184.591	-121.841	25.3579
184000	-308.741	-194.71	-114.031	47.313
185000	-311.06	-185.051	-126.009	19.8148
186000	-308.047	-189.534	-118.513	25.4258
187000	-304.61	-183.067	-121.544	24.3838
188000	-308.942	-178.198	-130.744	18.2998
189000	-306.02	-179.243	-126.777	17.5834
190000	-315.579	-187.803	-127.775	20.5821
191000	-301.264	-181.577	-119.686	25.624
192000	-303.45	-184.176	-119.273	25.7104
193000	-308.32	-187.844	-120.476	29.2972
194000	-308.699	-189.164	-119.535	22.8247
195000	-306.811	-187.17	-119.641	28.525
196000	-301.606	-185.303	-116.303	35.8519
197000	-305.974	-180.454	-125.52	16.6939
198000	-313.948	-192.557	-121.391	26.1093
199000	-313.867	-183.43	-130.437	20.8319
200000	-307.999	-189.02	-118.979	26.4999
201000	-308.155	-185.581	-122.574	21.8275
202000	-307.06	-184.522	-122.538	26.7026
203000	-303.646	-185.057	-118.589	30.5877
204000	-308.715	-192.143	-116.572	30.1106
205000	-316.626	-189.214	-127.411	17.5686
206000	-315.088	-192.908	-122.18	27.8267
207000	-309.789	-185.484	-124.305	22.5611
208000	-308.54	-184.779	-123.762	20.6876
209000	-305.211	-181.959	-123.252	25.4862
210000	-309.673	-185.171	-124.502	28.1385
211000	-311.135	-186.18	-124.954	20.5456
212000	-316.239	-187.202	-129.037	19.2069
213000	-302.925	-181.204	-121.721	23.7559
214000	-311.732	-191.628	-120.105	29.7555
215000	-305.092	-182.427	-122.664	25.7272
216000	-305.747	-182.209	-123.538	22.7254
217000	-306.666	-188.067	-118.599	30.3825
218000	-313.543	-187.512	-126.031	25.5025
219000	-313.004	-189.579	-123.424	23.063
220000	-300.015	-185.004	-115.011	30.2704
221000	-303.293	-181.858	-121.435	26.6087
222000	-302.919	-177.281	-125.638	18.0914
223000	-302.908	-182.721	-120.187	23.3911
224000	-312.015	-196.668	-115.347	47.9487
225000	-306.557	-186.442	-120.115	21.6088
226000	-308.394	-181.057	-127.337	17.6215
227000	-306.245	-180.472	-125.774	19.1513
228000	-302.716	-186.086	-116.63	31.8948
229000	-308.421	-185.114	-123.306	20.4382
230000	-307.423	-178.32	-129.104	17.2301
231000	-316.212	-191.593	-124.619	20.9933
232000	-318.363	-189.065	-129.298	18.8059
233000	-302.024	-183.76	-118.264	25.4413
234000	-301.01	-182.085	-118.925	23.1826
235000	-312.313	-188.566	-123.747	25.9435
236000	-306.388	-187.147	-119.241	34.4941
237000	-307.131	-183.368	-123.763	23.347
238000	-306.941	-182.287	-124.654	20.5072
239000	-302.979	-186.345	-116.634	28.6454
240000	-309.037	-182.096	-126.942	17.8711
241000	-308.624	-185.546	-123.079	21.1586
242000	-304.665	-185.164	-119.501	29.7756
243000	-308.009	-182.408	-125.601	18.459
244000	-308.183	-188.754	-119.429	26.2519
245000	-309.56	-186.738	-122.822	25.885
246000	-305.991	-182.739	-123.253	23.3105
247000	-316.302	-197.825	-118.477	36.5266
248000	-312.842	-191.293	-121.548	28.2835
249000	-310.949	-189.595	-121.354	21.1139
250000	-305.769	-189.353	-116.416	31.019
251000	-311.072	-183.611	-127.461	19.1505
252000	-303.63	-182.84	-120.789	23.1533
253000	-311.05	-189.954	-121.096	23.9809
254000	-306.689	-186.879	-119.81	24.8726
255000	-309.267	-183.223	-126.044	18.7946
256000	-303.018	-184.529	-118.489	22.4861
257000	-303.726	-184.228	-119.498	24.787
258000	-303.03	-184.141	-118.889	26.3365
259000	-310.767	-189.99	-120.778	28.1147
260000	-311.395	-183.701	-127.695	22.387
261000	-306.533	-183.536	-122.997	22.8661
262000	-308.232	-190.462	-117.77	28.4404
263000	-313.706	-196.119	-117.586	38.326
264000	-318.013	-203.021	-114.993	59.5421
265000	-308.942	-184.815	-124.127	20.6237
266000	-310.064	-188.461	-121.603	26.3841
267000	-302.015	-181.512	-120.503	23.8717
268000	-307.08	-185.827	-121.253	27.0569
269000	-310.798	-185.353	-125.445	17.5916
270000	-312.101	-183.229	-128.873	16.5757
271000	-309.247	-180.217	-129.029	17.386
272000	-303.586	-179.998	-123.588	25.8827
273000	-304.843	-188.735	-116.108	31.1196
274000	-305.995	-189.5	-116.495	28.4404
275000	-301.919	-182.694	-119.226	24.0463
276000	-307.33	-188.872	-118.459	33.6751
277000	-308.157	-186.55	-121.608	22.7722
278000	-317.38	-191.262	-126.118	19.3967
279000	-304.076	-184.489	-119.588	23.7355
280000	-303.478	-184.654	-118.824	23.0058
281000	-304.691	-188.281	-116.41	30.6422
282000	-302.719	-183.724	-118.994	25.0166
283000	-301.203	-184.659	-116.544	32.6941
284000	-310.843	-189.066	-121.777	23.6633
285000	-310.028	-193.766	-116.262	38.2334
286000	-307.356	-185.717	-121.64	21.5001
287000	-305.794	-176.441	-129.352	19.1266
288000	-305.193	-184.245	-120.948	23.0567
289000	-305.784	-185.879	-119.905	28.5184
290000	-307.805	-182.388	-125.417	21.5402
291000	-318.554	-183.574	-134.98	17.6192
292000	-311.417	-184.356	-127.061	20.8228
293000	-309.733	-181.942	-127.791	17.4569
294000	-315.004	-190.213	-124.79	21.4484
295000	-317.929	-194.563	-123.366	20.1377
296000	-310.991	-186.969	-124.022	19.568
297000	-303.803	-186.783	-117.021	32.1926
298000	-303.673	-181.189	-122.484	18.8085
299000	-304.177	-182.59	-121.587	26.3862
300000	-309.802	-184.37	-125.432	26.5698
301000	-303.818	-186.593	-117.225	33.8139
302000	-313.035	-188.969	-124.066	21.2511
303000	-306.045	-186.607	-119.438	24.2951
304000	-303.368	-188.968	-114.399	36.9726
305000	-305.973	-182.351	-123.623	24.1577
306000	-310.333	-181.837	-128.496	20.0969
307000	-307.866	-186.058	-121.807	23.3256
308000	-315.055	-188.837	-126.217	19.3938
309000	-311.711	-191.111	-120.6	25.7604
310000	-314.882	-194.491	-120.391	25.0319
311000	-304.018	-183.122	-120.896	21.9663
312000	-305.489	-183.424	-122.065	22.2481
313000	-308.944	-183.91	-125.033	23.7079
314000	-313.809	-193.846	-119.963	34.2139
315000	-301.346	-182.756	-118.59	24.2697
316000	-305.515	-181.344	-124.171	21.4982
317000	-309.371	-187.163	-122.208	22.091
318000	-304.285	-185.398	-118.887	27.2556
319000	-314.478	-193.958	-120.52	25.8067
320000	-308.474	-182.815	-125.659	20.3895
321000	-306.98	-191.294	-115.686	34.0245
322000	-307.569	-181.676	-125.893	22.4856
323000	-308.649	-186.833	-121.815	24.0218
324000	-307.025	-190.548	-116.477	30.4122
325000	-317.32	-198.603	-118.717	35.386
326000	-315.483	-197.52	-117.962	31.5078
327000	-315.471	-188.917	-126.554	23.2206
328000	-308.384	-187.494	-120.891	24.179
329000	-314.083	-192.247	-121.837	24.8697
330000	-307.084	-187.601	-119.484	28.7295
331000	-316.833	-196.767	-120.066	27.0162
332000	-318.599	-193.637	-124.963	27.7283
333000	-304.931	-191.758	-113.173	40.5457
334000	-310.854	-189.956	-120.897	27.058
335000	-312.966	-190.062	-122.905	20.7906
336000	-309.442	-193.598	-115.844	32.1925
337000	-302.339	-181.996	-120.343	22.1787
338000	-302.848	-182.943	-119.905	25.9586
339000	-313.034	-185.596	-127.437	15.5489
340000	-308.879	-184.923	-123.956	18.4896
341000	-305.386	-186.252	-119.134	25.8523
342000	-312.643	-187.841	-124.801	22.1136
343000	-306.846	-179.795	-127.05	17.643
344000	-307.116	-189.688	-117.427	38.3629
345000	-316.054	-190.817	-125.237	19.2554
346000	-306.728	-185.514	-121.215	27.6211
347000	-308.234	-188.319	-119.915	28.7051
348000	-314.872	-191.119	-123.754	25.3503
349000	-301.907	-178.929	-122.978	22.2975
350000	-306.609	-183.644	-122.964	23.767
351000	-301.265	-184.606	-116.659	30.7144
352000	-310.822	-191.514	-119.308	30.1494
353000	-309.729	-186.437	-123.292	21.0701
354000	-305.812	-183.24	-122.572	24.6628
355000	-308.418	-183.182	-125.235	23.5502
356000	-302.943	-187.388	-115.555	31.2909
357000	-311.807	-186.483	-125.324	21.5565
358000	-307.481	-176.677	-130.804	15.966
359000	-307	-182.999	-124.001	20.9008
360000	-311.094	-183.556	-127.538	21.3715
361000	-309.948	-184.771	-125.177	20.0702
362000	-306.748	-185.712	-121.036	25.7288
363000	-310.251	-185.583	-124.668	24.614
364000	-303.721	-183.156	-120.564	21.8734
365000	-299.527	-180.983	-118.543	27.8585
366000	-309.303	-184.691	-124.612	23.2214
367000	-304.088	-186.442	-117.646	30.0822
368000	-309.848	-186.019	-123.829	23.7382
369000	-304.991	-183.458	-121.534	22.6682
370000	-304.594	-185.622	-118.972	27.8446
371000	-306.77	-181.727	-125.043	22.5823
372000	-307.955	-186.332	-121.623	23.5792
373000	-307.454	-184.65	-122.804	24.4789
374000	-305.136	-190.206	-114.931	35.5746
375000	-308.565	-188.267	-120.298	25.8215
376000	-312.994	-188.206	-124.788	28.2321
377000	-304.691	-191.891	-112.8	43.9474
378000	-316.809	-195.837	-120.971	21.5462
379000	-304.478	-186.953	-117.525	25.6568
380000	-306.15	-189.185	-116.964	30.109
381000	-307.813	-189.859	-117.955	32.6971
382000	-316.649	-194.861	-121.787	27.2931
383000	-307.484	-185.201	-122.282	23.0336
384000	-309.497	-186.603	-122.894	19.1788
385000	-304.085	-188.434	-115.651	26.3298
386000	-305.953	-190.24	-115.714	34.488
387000	-307.8	-181.258	-126.542	18.9735
388000	-301.618	-175.942	-125.676	20.093
389000	-304.731	-182.843	-121.888	23.2275
390000	-301.321	-179.963	-121.358	24.9177
391000	-312.626	-187.739	-124.886	23.1322
392000	-313.116	-193.967	-119.148	29.5293
393000	-299.108	-180.693	-118.415	27.3942
394000	-305.31	-178.165	-127.146	18.6336
395000	-311.602	-191.235	-120.366	28.4218
396000	-302.512	-187.188	-115.324	33.5408
397000	-317.035	-187.777	-129.257	23.5796
398000	-306.1	-187.291	-118.809	31.4402
399000	-302.317	-184.463	-117.854	30.4902
400000	-313.532	-191.154	-122.378	23.5042
401000	-310.14	-193.834	-116.306	34.8021
402000	-309.38	-185.34	-124.04	27.0433
403000	-306.795	-186.25	-120.546	28.0022
404000	-298.893	-178.259	-120.633	20.8903
405000	-305.952	-182.675	-123.276	24.4089
406000	-314.383	-193.664	-120.719	21.9317
407000	-306.624	-182.313	-124.311	21.2925
408000	-304.306	-180.842	-123.464	25.2382
409000	-310.142	-186.908	-123.235	23.4346
410000	-303.739	-187.226	-116.513	42.0494
411000	-312.478	-186.461	-126.017	17.8217
412000	-300.833	-179.053	-121.78	21.4634
413000	-305.917	-179.99	-125.926	18.2855
414000	-301.092	-184.644	-116.448	30.9395
415000	-307.255	-182.041	-125.215	20.0636
416000	-302.383	-179.772	-122.611	22.5745
417000	-310.965	-188.552	-122.413	24.8861
418000	-300.421	-181.815	-118.606	26.6579
419000	-308.313	-182.198	-126.115	18.2634
420000	-304.705	-181.736	-122.97	19.9414
421000	-302.606	-189.266	-113.34	42.5783
422000	-306.731	-185.24	-121.491	21.4824
423000	-305.955	-183.581	-122.374	21.295
424000	-309.575	-182.987	-126.588	19.4737
425000	-307.724	-190.473	-117.251	28.4398
426000	-302.062	-183.183	-118.879	26.528
427000	-306.893	-179.599	-127.294	18.5259
428000	-305.977	-187.403	-118.574	30.3713
429000	-313.159	-201.531	-111.628	47.1914
430000	-304.999	-185.347	-119.651	27.3431
431000	-316.862	-185.653	-131.209	20.5008
432000	-307.829	-186.602	-121.227	23.6511
433000	-304.25	-186.666	-117.584	25.418
434000	-309.42	-183.411	-126.009	17.7707
435000	-317.249	-187.681	-129.568	23.7787
436000	-307.376	-180.915	-126.461	17.3344
437000	-310.925	-185.904	-125.02	19.8963
438000	-310.602	-188.483	-122.119	28.3022
439000	-314.246	-192.529	-121.717	26.1582
440000	-308.079	-183.957	-124.122	18.7063
441000	-306.389	-189.932	-116.457	40.3606
442000	-301.068	-186.423	-114.646	31.5266
443000	-306.504	-182.551	-123.953	19.1014
444000	-313.749	-187.872	-125.877	20.1991
445000	-307.364	-185.194	-122.17	21.4728
446000	-313.07	-190.328	-122.742	25.4102
447000	-305.235	-182.555	-122.68	20.4172
448000	-305.722	-182.402	-123.32	24.3074
449000	-312.782	-191.774	-121.007	29.1642
450000	-305.199	-180.905	-124.294	25.3045
451000	-313.107	-191.28	-121.827	26.9144
452000	-304.778	-183.562	-121.216	25.5453
453000	-309.103	-186.895	-122.208	28.0217
454000	-306.281	-184.739	-121.542	25.0894
455000	-308.58	-181.159	-127.421	17.4223
456000	-307.582	-180.3	-127.282	15.4399
457000	-306.94	-188.203	-118.737	23.6151
458000	-305.289	-182.561	-122.727	21.3614
459000	-325.263	-197.931	-127.332	25.8803
460000	-312.864	-185.212	-127.652	20.1086
461000	-303.561	-183.062	-120.499	22.1149
462000	-305.015	-182.833	-122.182	20.9592
463000	-306.976	-190.547	-116.429	30.4595
464000	-308.282	-190.021	-118.262	30.1156
465000	-304.403	-183.619	-120.784	23.9524
466000	-311.916	-190.905	-121.011	24.965
467000	-304.509	-184.379	-120.131	24.3363
468000	-308.335	-182.82	-125.515	21.4683
469000	-308.666	-184.501	-124.165	26.2091
470000	-306.486	-183.478	-123.008	21.1404
471000	-312.351	-183.202	-129.148	16.2197
472000	-303.876	-181.395	-122.481	20.7514
473000	-309.453	-186.628	-122.825	28.2235
474000	-307.158	-182.289	-124.869	26.1447
475000	-322.69	-195.087	-127.603	21.7894
476000	-312.795	-193.632	-119.163	26.5181
477000	-310.931	-186.973	-123.958	17.8654
478000	-308.96	-185.783	-123.177	22.4275
479000	-313.057	-188.661	-124.395	24.2176
480000	-304.345	-180.991	-123.353	22.3451
481000	-305.735	-186.811	-118.924	27.8991
482000	-313.137	-188.084	-125.053	19.0841
483000	-304.289	-182.02	-122.268	22.4713
484000	-301.266	-180.689	-120.577	19.6473
485000	-310.653	-183.707	-126.946	20.2953
486000	-298.524	-178.86	-119.663	21.4981
487000	-310.82	-186.645	-124.176	21.285
488000	-308.472	-187.946	-120.526	30.021
489000	-305.836	-187.882	-117.954	30.2428
490000	-309.801	-187.96	-121.841	28.9099
491000	-305.467	-181.981	-123.487	19.2358
492000	-302.651	-180.714	-121.937	24.0356
493000	-306.83	-186.223	-120.607	25.0932
494000	-311.521	-190.848	-120.673	28.6737
495000	-306.036	-180.153	-125.882	19.472
496000	-305.973	-176.784	-129.189	17.5774
497000	-300.756	-180.276	-120.481	25.6382
498000	-300.616	-180.24	-120.376	24.1071
499000	-304.252	-189.014	-115.237	38.7006
500000	-307.269	-185.093	-122.176	24.6381
