Iteration	Posterior	Likelihood	Prior	sigma
0	-587.588	-208.084	-379.504	37.214
1000	-583.861	-205.164	-378.697	44.0683
2000	-583.927	-206.555	-377.372	46.0743
3000	-587.856	-204.276	-383.581	41.6116
4000	-587.87	-203.091	-384.779	37.9633
5000	-582.978	-205.316	-377.662	56.2513
6000	-588.517	-207.432	-381.085	52.8227
7000	-581.438	-200.287	-381.151	36.8088
8000	-587.674	-207.617	-380.057	41.9547
9000	-587.137	-207.99	-379.147	46.6056
10000	-593.016	-211.714	-381.302	55.5441
11000	-585.995	-200.804	-385.19	32.4482
12000	-584.924	-206.786	-378.138	51.4372
13000	-582.416	-203.449	-378.966	42.8249
14000	-583.125	-200.555	-382.57	33.0894
15000	-579.216	-202.514	-376.702	49.0658
16000	-578.246	-197.469	-380.777	39.1038
17000	-582.034	-204.539	-377.494	48.3389
18000	-589.235	-208.983	-380.252	43.3074
19000	-582.743	-202.675	-380.068	41.2477
20000	-586.849	-210.344	-376.504	48.8784
21000	-591.557	-207.048	-384.508	41.3215
22000	-583.858	-205.852	-378.006	42.1597
23000	-583.182	-201.596	-381.586	33.8535
24000	-583.63	-203.905	-379.725	40.4508
25000	-584.011	-203.832	-380.179	45.3486
26000	-580.732	-205.849	-374.882	49.6319
27000	-590.993	-209.7	-381.293	42.5849
28000	-587.68	-205.995	-381.685	40.1127
29000	-582.871	-204.302	-378.569	39.0926
30000	-593.019	-207.102	-385.917	43.0842
31000	-598.384	-207.236	-391.148	32.9974
32000	-582.992	-206.029	-376.963	54.5197
33000	-586.845	-206.55	-380.295	45.5085
34000	-587.96	-204.581	-383.379	35.9111
35000	-581.841	-201.194	-380.647	36.1119
36000	-587.538	-211.15	-376.389	62.0785
37000	-584.971	-202.604	-382.367	41.1145
38000	-583.787	-196.912	-386.875	28.142
39000	-585.585	-211.975	-373.61	57.0057
40000	-584.192	-207.572	-376.62	51.2646
41000	-585.221	-208.563	-376.659	55.762
42000	-589.311	-207.003	-382.308	41.8416
43000	-582.631	-205.304	-377.326	51.1755
44000	-590.925	-209.463	-381.462	40.4854
45000	-584.192	-203.664	-380.528	37.2336
46000	-585.736	-207.178	-378.557	57.2494
47000	-584.378	-206.056	-378.321	50.7218
48000	-580.739	-202.091	-378.648	40.5361
49000	-581.909	-204.11	-377.799	48.4806
50000	-581.969	-201.389	-380.58	36.8326
51000	-586.621	-204.061	-382.559	37.9477
52000	-581.789	-201.756	-380.033	46.7528
53000	-576.267	-200.896	-375.371	51.3108
54000	-580.498	-205.002	-375.495	46.8929
55000	-585.053	-200.716	-384.338	35.8796
56000	-577.004	-199.823	-377.181	45.1022
57000	-584.514	-206.256	-378.258	43.8723
58000	-593.309	-214.996	-378.313	50.3737
59000	-585.847	-205.34	-380.507	48.2351
60000	-585.984	-208.411	-377.574	55.4925
61000	-582.424	-203.146	-379.278	39.8112
62000	-581.121	-204.784	-376.337	50.456
63000	-584.233	-203.549	-380.684	43.614
64000	-584.409	-209.478	-374.932	61.6211
65000	-583.659	-212.146	-371.513	64.0402
66000	-583.651	-205.868	-377.782	47.7562
67000	-580.886	-203.055	-377.83	52.3378
68000	-592.994	-210.101	-382.893	40.9169
69000	-580.457	-203.948	-376.509	56.3062
70000	-580.088	-201.744	-378.344	39.2647
71000	-582.354	-203.358	-378.996	36.5134
72000	-579.069	-202.999	-376.071	56.197
73000	-585.722	-203.421	-382.301	38.2353
74000	-580.063	-203.892	-376.171	54.6955
75000	-590.417	-200.075	-390.342	33.6065
76000	-582.652	-204.922	-377.73	45.6431
77000	-581.815	-207.022	-374.793	55.3684
78000	-589.209	-204.197	-385.012	28.4837
79000	-579.141	-201.723	-377.418	43.4642
80000	-582.146	-205.819	-376.327	52.0811
81000	-580.659	-202.596	-378.063	42.6927
82000	-581.633	-201.725	-379.908	39.4407
83000	-588.016	-212.217	-375.799	47.3224
84000	-584.925	-206.266	-378.658	45.9721
85000	-580.585	-202.753	-377.832	41.0832
86000	-582.246	-205.468	-376.779	54.9671
87000	-588.037	-204.228	-383.809	36.4107
88000	-582.574	-204.523	-378.052	40.0255
89000	-582.405	-204.209	-378.196	40.0317
90000	-580.799	-203.57	-377.229	40.5438
91000	-583.205	-201.194	-382.011	36.6523
92000	-582.621	-202.478	-380.143	41.9017
93000	-587.132	-207.295	-379.837	49.5555
94000	-599.341	-218.049	-381.292	49.7446
95000	-587.181	-211.427	-375.754	52.2327
96000	-584.146	-199.916	-384.23	40.8938
97000	-590.039	-207.956	-382.083	51.9934
98000	-585.08	-203.047	-382.034	41.3377
99000	-585.644	-204.218	-381.426	48.7323
100000	-579.289	-198.043	-381.246	33.7507
101000	-587.789	-209.001	-378.788	47.3502
102000	-585.529	-208.549	-376.979	47.4392
103000	-582.358	-204.625	-377.733	53.2056
104000	-578.171	-201.337	-376.834	47.1806
105000	-583.027	-204.607	-378.42	42.3404
106000	-587.714	-202.61	-385.104	42.6301
107000	-580.965	-201.279	-379.686	44.1064
108000	-577.746	-199.909	-377.837	47.7942
109000	-586.603	-201.856	-384.747	39.4332
110000	-582.346	-204.902	-377.443	44.4019
111000	-580.332	-201.359	-378.973	40.1276
112000	-586.65	-204.881	-381.769	41.328
113000	-580.741	-202.956	-377.785	45.3531
114000	-582.747	-204.901	-377.845	55.2084
115000	-589.406	-209.113	-380.292	41.0383
116000	-590.411	-204.889	-385.522	41.6489
117000	-589.325	-209.767	-379.558	55.2718
118000	-583.952	-208.425	-375.527	54.0176
119000	-587.406	-209.745	-377.661	46.9204
120000	-586.708	-205.939	-380.769	41.3869
121000	-581.932	-200.432	-381.5	39.3049
122000	-583.18	-202.616	-380.564	43.76
123000	-587.716	-204.27	-383.446	39.2701
124000	-584.955	-201.486	-383.47	31.9222
125000	-580.366	-206.441	-373.925	55.3423
126000	-586.993	-205.777	-381.217	45.3096
127000	-591.024	-210.215	-380.809	54.4656
128000	-583.535	-203.376	-380.16	46.7593
129000	-581.862	-203.937	-377.925	45.0037
130000	-584.744	-197.651	-387.094	32.6119
131000	-581.061	-203.365	-377.696	44.7363
132000	-576.111	-202.732	-373.379	57.9038
133000	-587.754	-210.666	-377.088	56.4357
134000	-579.733	-200.647	-379.086	51.8137
135000	-576.901	-200.939	-375.962	59.0117
136000	-583.873	-204.874	-378.999	39.993
137000	-591.153	-212.994	-378.16	46.4404
138000	-577.838	-202.678	-375.16	54.7452
139000	-585.655	-209.127	-376.528	51.8277
140000	-597.369	-205.889	-391.48	35.9709
141000	-590.04	-214.142	-375.898	46.2589
142000	-585.346	-204.765	-380.581	55.2715
143000	-578.302	-203.066	-375.235	54.8512
144000	-585.257	-205.353	-379.904	38.7067
145000	-587.86	-207.892	-379.968	46.1415
146000	-591.695	-216.588	-375.106	53.5589
147000	-584.236	-200.21	-384.025	36.6897
148000	-579.57	-201.385	-378.185	43.7655
149000	-576.003	-199.198	-376.804	46.2194
150000	-583.192	-202.623	-380.569	41.963
151000	-586.208	-206.371	-379.837	35.4885
152000	-582.111	-205.972	-376.139	49.9116
153000	-585.48	-201.917	-383.563	34.0083
154000	-578.769	-205.521	-373.248	68.619
155000	-587.904	-209.478	-378.426	43.7451
156000	-583.68	-205.482	-378.199	47.7299
157000	-590.33	-212.762	-377.568	54.2725
158000	-591.736	-205.895	-385.842	36.54
159000	-581.239	-200.049	-381.19	41.7147
160000	-580.915	-199.719	-381.196	38.2098
161000	-593.666	-213.032	-380.634	37.856
162000	-592.079	-209.634	-382.444	40.8541
163000	-586.523	-205.388	-381.136	45.4018
164000	-579.517	-198.516	-381.001	43.2129
165000	-588.146	-207.838	-380.308	42.4313
166000	-590.937	-210.656	-380.281	48.0346
167000	-586.514	-207.555	-378.958	46.8184
168000	-584.473	-205.508	-378.965	48.0815
169000	-582.429	-200.801	-381.627	36.6184
170000	-585.525	-201.748	-383.777	36.5194
171000	-582.665	-207.962	-374.703	61.6061
172000	-580.595	-197.179	-383.416	36.5988
173000	-584.428	-206.786	-377.642	44.3459
174000	-582.434	-205.427	-377.007	51.0745
175000	-582.907	-199.41	-383.497	39.5028
176000	-587.514	-206.074	-381.439	35.6469
177000	-584.079	-202.236	-381.844	41.1125
178000	-583.333	-206.68	-376.653	62.9239
179000	-585.924	-205.154	-380.769	36.6846
180000	-581.166	-204.297	-376.868	52.9614
181000	-582.734	-202.158	-380.576	45.8043
182000	-580.437	-200.958	-379.479	44.2497
183000	-584.484	-212.188	-372.295	55.5758
184000	-583.05	-202.842	-380.208	42.8987
185000	-586.874	-204.865	-382.01	41.2467
186000	-589.879	-206.784	-383.094	38.133
187000	-585.275	-203.717	-381.559	37.8343
188000	-580.361	-202.562	-377.8	44.691
189000	-591.967	-202.991	-388.976	33.1967
190000	-579.663	-203.062	-376.601	48.7626
191000	-587.053	-204.988	-382.065	41.9459
192000	-589.61	-209.958	-379.652	42.7173
193000	-582.821	-205.581	-377.24	48.1653
194000	-578.247	-202.035	-376.212	44.8783
195000	-585.391	-203.044	-382.347	35.8844
196000	-586.668	-208.301	-378.367	48.5305
197000	-586.662	-209.439	-377.223	39.2655
198000	-586.424	-200.937	-385.486	41.2144
199000	-583.839	-201.986	-381.853	40.0302
200000	-585.93	-208.698	-377.231	51.4275
201000	-581.265	-201.574	-379.691	43.6254
202000	-580.915	-199.496	-381.419	39.1272
203000	-581.858	-203.858	-378	49.1497
204000	-585.877	-202.085	-383.793	38.3575
205000	-582.638	-207.03	-375.608	43.2852
206000	-583.378	-201.874	-381.504	39.1747
207000	-585.277	-208.479	-376.798	50.4039
208000	-576.561	-202.62	-373.941	56.1421
209000	-579.05	-204.236	-374.814	56.9628
210000	-584.466	-198.02	-386.446	32.7392
211000	-590.038	-208.075	-381.963	42.8353
212000	-578.888	-201.172	-377.716	49.5081
213000	-583.295	-202.383	-380.911	33.5354
214000	-584.705	-201.623	-383.082	40.5195
215000	-585.063	-201.655	-383.408	42.6818
216000	-586.663	-207.563	-379.099	41.7182
217000	-591.874	-204.895	-386.979	34.792
218000	-586.616	-207.679	-378.937	48.5062
219000	-582.306	-203.994	-378.312	44.7353
220000	-584.545	-204.454	-380.091	44.3104
221000	-589.827	-202.882	-386.945	32.3789
222000	-588.92	-209.963	-378.957	45.433
223000	-589.166	-199.755	-389.411	32.7664
224000	-595.91	-214.555	-381.355	55.7508
225000	-583.016	-207.711	-375.305	47.2223
226000	-579.939	-204.274	-375.664	52.5001
227000	-584.327	-208.393	-375.934	47.5597
228000	-581.446	-203.675	-377.771	46.0781
229000	-580.691	-204.205	-376.486	43.0432
230000	-586.306	-199.82	-386.486	37.9729
231000	-592.979	-204.492	-388.487	34.3962
232000	-583.637	-204.759	-378.878	46.8996
233000	-578.607	-200.896	-377.71	41.032
234000	-584.01	-206.48	-377.53	38.4634
235000	-582.38	-203.009	-379.371	48.2637
236000	-582.522	-205.777	-376.744	44.6244
237000	-590.625	-203.916	-386.709	38.2123
238000	-580.794	-204.285	-376.509	37.2018
239000	-586.683	-202.506	-384.177	37.3626
240000	-584.484	-205.118	-379.366	44.6114
241000	-580.147	-203.453	-376.694	43.5391
242000	-580.355	-200.871	-379.485	43.2618
243000	-582.002	-201.857	-380.145	40.3439
244000	-591.778	-211.756	-380.022	45.339
245000	-581.658	-206.63	-375.028	50.6558
246000	-587.084	-203.572	-383.512	35.0801
247000	-586.322	-207.815	-378.507	51.5685
248000	-596.532	-219.601	-376.931	63.6993
249000	-585.029	-197.809	-387.221	28.7127
250000	-584.252	-202.247	-382.005	44.2116
251000	-586.246	-202.569	-383.677	36.4568
252000	-585.883	-208.455	-377.428	46.8331
253000	-587.418	-204.234	-383.184	36.9
254000	-582.411	-203.464	-378.947	43.6413
255000	-584.117	-206.505	-377.612	43.4226
256000	-587.549	-204.66	-382.889	39.664
257000	-585.48	-206.296	-379.184	47.2822
258000	-583.857	-205.422	-378.435	41.5003
259000	-583.695	-202.514	-381.181	37.0838
260000	-581.418	-200.384	-381.034	36.3729
261000	-582.691	-203.158	-379.532	44.1503
262000	-585.942	-205.712	-380.23	40.5293
263000	-593.334	-207.122	-386.212	34.2853
264000	-586.313	-212.116	-374.197	67.69
265000	-579.692	-199.334	-380.358	41.3252
266000	-583.733	-208.13	-375.603	46.391
267000	-596.188	-219.319	-376.869	50.2163
268000	-591.23	-210.088	-381.142	49.0903
269000	-584.102	-199.29	-384.812	33.1525
270000	-582.376	-203.74	-378.636	50.5339
271000	-582.691	-202.056	-380.635	45.5463
272000	-586.392	-205.517	-380.875	40.0609
273000	-586.34	-202.232	-384.109	42.6536
274000	-582.852	-206.611	-376.241	50.0127
275000	-589.208	-206.912	-382.295	44.1325
276000	-588.02	-206.686	-381.334	42.952
277000	-590.521	-203.581	-386.94	34.033
278000	-579.796	-199.673	-380.123	38.1084
279000	-584.544	-199.423	-385.122	32.0088
280000	-590.016	-205.406	-384.611	43.2723
281000	-581.558	-198.89	-382.668	37.8607
282000	-581.541	-199.672	-381.869	45.7261
283000	-585.659	-201.295	-384.364	31.2218
284000	-581.399	-200.591	-380.808	33.5308
285000	-586.462	-209.391	-377.071	50.0523
286000	-583.249	-201.319	-381.931	39.6163
287000	-587.75	-206.259	-381.49	40.1719
288000	-588.787	-207.321	-381.466	38.8968
289000	-579.269	-204.515	-374.754	46.7156
290000	-589.349	-201.032	-388.317	31.7769
291000	-579.834	-199.71	-380.124	35.8915
292000	-582.657	-198.858	-383.799	35.7849
293000	-588.448	-203.772	-384.676	33.2962
294000	-584.57	-205.459	-379.111	47.6974
295000	-588.547	-207.352	-381.195	41.8184
296000	-584.161	-206.038	-378.123	46.9288
297000	-582.926	-209.895	-373.031	80.1865
298000	-583.349	-206.747	-376.602	45.3734
299000	-594.615	-217.008	-377.607	55.0955
300000	-578.619	-201.302	-377.317	52.2905
301000	-581.622	-196.015	-385.607	34.1447
302000	-582.685	-206.422	-376.264	53.9898
303000	-581.13	-204.328	-376.801	51.0637
304000	-590.308	-211.265	-379.043	55.2979
305000	-584.28	-200.214	-384.066	38.0995
306000	-586.049	-202.333	-383.717	33.7881
307000	-585.534	-198.897	-386.638	35.2084
308000	-593.742	-216.031	-377.71	63.6597
309000	-585.101	-206.019	-379.082	50.1201
310000	-575.874	-201.036	-374.838	49.4389
311000	-579.17	-203.062	-376.107	47.0594
312000	-577.64	-201.313	-376.327	50.7036
313000	-587.946	-206.964	-380.982	48.5796
314000	-588.171	-211.418	-376.754	52.3357
315000	-577.27	-199.46	-377.811	47.9579
316000	-588.43	-212.437	-375.993	46.7809
317000	-585.353	-204.91	-380.443	40.4625
318000	-588.203	-210.706	-377.497	60.1324
319000	-586.674	-203.433	-383.24	42.1222
320000	-588.626	-203.421	-385.205	29.8363
321000	-586.749	-208.108	-378.64	51.3769
322000	-585.209	-206.397	-378.812	44.4002
323000	-583.341	-204.581	-378.76	36.0816
324000	-584.325	-203.622	-380.703	45.378
325000	-586.706	-205.126	-381.58	47.8882
326000	-594.098	-201.554	-392.543	29.3055
327000	-576.427	-201.041	-375.386	52.1328
328000	-585.333	-211.02	-374.313	44.7533
329000	-587.74	-208.093	-379.647	43.1123
330000	-584.761	-205.789	-378.972	53.9863
331000	-579.922	-202.297	-377.625	38.86
332000	-583.961	-206.337	-377.624	42.4113
333000	-586.578	-206.714	-379.864	45.7959
334000	-583.151	-205.119	-378.033	47.5732
335000	-583.292	-203.883	-379.41	41.9079
336000	-583.677	-203.233	-380.444	37.8344
337000	-586.613	-209.319	-377.294	54.013
338000	-581.348	-199.82	-381.528	33.4426
339000	-581.168	-201.978	-379.191	41.3645
340000	-594.533	-214.237	-380.296	40.9897
341000	-578.444	-206.869	-371.575	58.7548
342000	-583.562	-203.48	-380.083	42.8547
343000	-584.822	-205.095	-379.728	44.9158
344000	-585.745	-207.538	-378.207	56.2605
345000	-588.36	-207.387	-380.973	50.2467
346000	-579.094	-207.291	-371.802	82.8291
347000	-580.437	-203.779	-376.658	41.1402
348000	-578.178	-198.919	-379.259	42.0458
349000	-581.722	-202.666	-379.055	46.3744
350000	-582.433	-209.134	-373.299	65.3451
351000	-587.356	-204.093	-383.262	40.3984
352000	-580.921	-200.03	-380.891	43.9283
353000	-593.116	-212.309	-380.807	55.476
354000	-582.831	-207.03	-375.801	48.1609
355000	-586.044	-212.383	-373.661	52.4832
356000	-585.192	-206.253	-378.939	40.8359
357000	-588.049	-208.151	-379.899	44.4552
358000	-585.892	-200.553	-385.339	30.9012
359000	-582.196	-204.476	-377.72	37.9737
360000	-579.645	-203.794	-375.851	49.3731
361000	-584.878	-209.52	-375.358	59.731
362000	-583.999	-204.406	-379.593	43.1618
363000	-581.546	-206.85	-374.695	47.3827
364000	-591.165	-210.215	-380.95	40.5875
365000	-584.847	-204.216	-380.631	41.6367
366000	-582.297	-204.64	-377.657	48.0113
367000	-582.962	-202.057	-380.905	38.1568
368000	-586.37	-208.529	-377.842	37.6893
369000	-582.23	-204.595	-377.635	46.5978
370000	-583.768	-208.277	-375.491	48.0145
371000	-587.862	-207.707	-380.155	53.5819
372000	-578.122	-204.839	-373.283	62.3343
373000	-588.089	-209.053	-379.036	43.2758
374000	-590.621	-206.222	-384.399	33.3645
375000	-585.056	-211.132	-373.924	65.0345
376000	-578.691	-202.374	-376.317	44.3132
377000	-587.509	-207.785	-379.724	43.9463
378000	-589.214	-209.247	-379.967	51.3981
379000	-588.656	-201.207	-387.448	36.1663
380000	-586.471	-205.043	-381.428	38.4714
381000	-593.8	-211.228	-382.572	41.7135
382000	-587.845	-209.065	-378.78	47.44
383000	-577.718	-199.044	-378.674	40.1501
384000	-587.878	-202.697	-385.18	31.7797
385000	-578.789	-203.031	-375.758	52.0771
386000	-584.461	-204.156	-380.306	40.5311
387000	-581.773	-201.383	-380.39	36.5069
388000	-584.097	-202.152	-381.946	40.1747
389000	-583.266	-210.459	-372.806	51.0028
390000	-588.571	-207.109	-381.463	52.0729
391000	-583.095	-203.34	-379.754	41.828
392000	-587.242	-204.285	-382.957	50.5409
393000	-585.838	-203.23	-382.608	43.8966
394000	-583.932	-206.328	-377.604	45.2589
395000	-595.166	-203.027	-392.14	32.1793
396000	-579.973	-204.886	-375.087	54.0127
397000	-591.092	-205.587	-385.505	34.2446
398000	-587.919	-207.456	-380.463	49.9122
399000	-586.624	-203.119	-383.505	38.5691
400000	-581.26	-202.363	-378.897	38.5655
401000	-586.818	-204.443	-382.375	49.4634
402000	-580.894	-197.475	-383.419	33.5427
403000	-577.375	-201.488	-375.887	47.8502
404000	-583.313	-200.458	-382.854	34.9402
405000	-584.21	-201.697	-382.513	37.2167
406000	-584.829	-209.434	-375.395	56.6426
407000	-582.396	-207.24	-375.156	59.4349
408000	-589.062	-209.933	-379.129	50.9542
409000	-578.413	-202.105	-376.309	51.4987
410000	-583.62	-205.151	-378.469	46.8407
411000	-587.352	-207.233	-380.119	48.5933
412000	-582.434	-202.075	-380.359	49.1939
413000	-579.147	-200.141	-379.006	35.8374
414000	-582.766	-203.964	-378.802	51.7264
415000	-587.797	-205.794	-382.003	42.0562
416000	-589.164	-208.456	-380.707	41.7589
417000	-585.786	-203.775	-382.011	47.6261
418000	-586.185	-207.64	-378.545	47.6572
419000	-585.072	-206.902	-378.17	43.149
420000	-582.218	-203.762	-378.456	48.7922
421000	-581.313	-199.857	-381.457	40.1231
422000	-587.595	-204.242	-383.353	41.2151
423000	-584.137	-204.784	-379.352	41.2437
424000	-578.337	-202.037	-376.3	50.605
425000	-582.811	-204.889	-377.922	47.283
426000	-581.916	-201.709	-380.207	45.0608
427000	-590.655	-213.145	-377.51	40.8878
428000	-585.968	-203.944	-382.024	40.1427
429000	-587.085	-203.56	-383.525	37.7215
430000	-582.676	-199.33	-383.346	35.4075
431000	-588.672	-208.941	-379.731	53.4984
432000	-587.89	-206.414	-381.476	40.3914
433000	-584.491	-209.381	-375.11	62.1267
434000	-582.785	-200.216	-382.569	31.7124
435000	-584.851	-206.441	-378.41	39.686
436000	-591.138	-209.451	-381.687	39.6374
437000	-586.26	-204.519	-381.742	47.5429
438000	-579.525	-201.46	-378.064	49.2188
439000	-580.22	-206.448	-373.772	59.8993
440000	-585.801	-205.206	-380.595	46.6597
441000	-586.37	-209.508	-376.862	50.3871
442000	-593.482	-206.352	-387.13	32.6465
443000	-585.297	-205.79	-379.507	41.7155
444000	-582.638	-204.965	-377.673	47.5678
445000	-588.587	-206.639	-381.948	47.8047
446000	-585.936	-205.512	-380.424	48.9342
447000	-598.05	-212.313	-385.737	40.9048
448000	-582.208	-203.404	-378.805	52.6868
449000	-580.257	-205.007	-375.25	49.8501
450000	-580.774	-204.961	-375.813	57.9515
451000	-585.396	-200.317	-385.079	35.1059
452000	-581.088	-201.277	-379.81	43.2485
453000	-584.926	-204.673	-380.253	35.1251
454000	-584.788	-201.016	-383.772	33.3167
455000	-580.989	-205.717	-375.272	61.7289
456000	-583.75	-201.215	-382.535	38.5731
457000	-588.125	-208.219	-379.906	41.2241
458000	-584.905	-204.474	-380.43	42.263
459000	-586.066	-204.776	-381.29	41.873
460000	-583.085	-203.104	-379.981	37.1609
461000	-579.751	-200.376	-379.375	35.0281
462000	-587.521	-206.637	-380.885	42.3905
463000	-595.073	-205.711	-389.362	32.7326
464000	-581.043	-203.219	-377.824	37.0502
465000	-587.333	-202.326	-385.007	38.0798
466000	-587.233	-203.189	-384.044	29.2208
467000	-580.395	-198.374	-382.022	37.8785
468000	-588.806	-199.355	-389.451	27.3334
469000	-590.279	-209.404	-380.875	42.8909
470000	-581.82	-205.515	-376.306	48.8553
471000	-582.935	-206.67	-376.265	43.5195
472000	-586.982	-211.001	-375.98	47.0928
473000	-581.284	-205.721	-375.563	53.2547
474000	-583.274	-202.772	-380.502	43.1434
475000	-581.354	-205.929	-375.425	52.2364
476000	-588.972	-200.818	-388.154	32.8849
477000	-586.589	-203.393	-383.196	37.2038
478000	-582.737	-203.986	-378.752	45.1681
479000	-589.713	-215.225	-374.488	56.6876
480000	-582.496	-204.029	-378.467	43.0614
481000	-587.599	-199.518	-388.081	33.6014
482000	-581.961	-202.91	-379.051	37.6964
483000	-587.964	-211.856	-376.108	48.0782
484000	-581.176	-205.125	-376.051	41.5535
485000	-582.21	-200.597	-381.613	34.9228
486000	-577.174	-197.375	-379.799	39.1921
487000	-587.934	-209.989	-377.945	57.058
488000	-593.652	-218.367	-375.284	74.893
489000	-589.974	-201.128	-388.846	26.2581
490000	-584.653	-204.235	-380.418	46.3662
491000	-581.076	-207.427	-373.65	56.3483
492000	-587.958	-208.152	-379.806	45.8196
493000	-587.814	-207.144	-380.67	41.7289
494000	-586.052	-207.47	-378.582	38.042
495000	-584.985	-199.315	-385.67	36.244
496000	-582.193	-204.253	-377.94	44.6376
497000	-584.591	-202.303	-382.288	33.3533
498000	-580.961	-203.547	-377.413	49.0895
499000	-581.172	-203.611	-377.561	40.1535
500000	-595.455	-210.018	-385.437	37.5493
